v ATLAS
# This file was created by ATLAS version 5.26.1.R on Sat Jun 13 11:15:41 2020.
#SSF 2.0 generic
##############################################################################
#                    Copyright (c) 1984 - 2018                               #
#                    Silvaco Inc. All rights reserved                        #
#                                                                            #
# This file format and the following Key are copyright Silvaco Inc.          #
# You may not use, this format or key without reproducing this message in    #
# full and obtaining express written permission from Silvaco Inc.            #
#                                                                            #
# To obtain such permission please contact: Silvaco Inc.                     #
#                                           support@silvaco.com              #
#                                                                            #
# KEY=SVC86hn7562asdx                       PROD=345                         #
##############################################################################
y 3 700 711 15
z 0.6 0.00600654 300
f 3 "source" "gate" "drain" 
p 9 2 601 20 3 602 21 4 603 22 
d 0.000000000e+000 0.000000000e+000 6.533457603e-017 -3.000000000e-001 -3.000000000e-001 -1.386886594e-016 0.000000000e+000 0.000000000e+000 6.624409481e-017 
d 0.000000000e+000 0.000000000e+000 -4.245879498e-005 -3.000000000e-001 -3.000000000e-001 -1.387146659e-016 5.000000000e-002 5.000000000e-002 4.245878116e-005 
d 0.000000000e+000 0.000000000e+000 -7.971103711e-005 -3.000000000e-001 -3.000000000e-001 -1.387610379e-016 1.000000000e-001 1.000000000e-001 7.971102971e-005 
d 0.000000000e+000 0.000000000e+000 -1.105013073e-004 -3.000000000e-001 -3.000000000e-001 -1.388369029e-016 1.500000000e-001 1.500000000e-001 1.105013073e-004 
d 0.000000000e+000 0.000000000e+000 -1.347658576e-004 -3.000000000e-001 -3.000000000e-001 -1.389309117e-016 2.000000000e-001 2.000000000e-001 1.347658576e-004 
d 0.000000000e+000 0.000000000e+000 -1.528753277e-004 -3.000000000e-001 -3.000000000e-001 -1.390142520e-016 2.500000000e-001 2.500000000e-001 1.528753277e-004 
d 0.000000000e+000 0.000000000e+000 -1.655972861e-004 -3.000000000e-001 -3.000000000e-001 -1.390725408e-016 3.000000000e-001 3.000000000e-001 1.655972861e-004 
d 0.000000000e+000 0.000000000e+000 -1.840782229e-004 -3.000000000e-001 -3.000000000e-001 -1.391514613e-016 5.000000000e-001 5.000000000e-001 1.840782229e-004 
d 0.000000000e+000 0.000000000e+000 -1.895645678e-004 -3.000000000e-001 -3.000000000e-001 -1.391762942e-016 7.500000000e-001 7.500000000e-001 1.895645678e-004 
d 0.000000000e+000 0.000000000e+000 -1.933640161e-004 -3.000000000e-001 -3.000000000e-001 -1.391980989e-016 1.000000000e+000 1.000000000e+000 1.933640161e-004 
d 0.000000000e+000 0.000000000e+000 -1.965113271e-004 -3.000000000e-001 -3.000000000e-001 -1.392200191e-016 1.250000000e+000 1.250000000e+000 1.965113271e-004 
d 0.000000000e+000 0.000000000e+000 -1.992918000e-004 -3.000000000e-001 -3.000000000e-001 -1.392406923e-016 1.500000000e+000 1.500000000e+000 1.992918000e-004 
d 0.000000000e+000 0.000000000e+000 -2.018307808e-004 -3.000000000e-001 -3.000000000e-001 -1.392591346e-016 1.750000000e+000 1.750000000e+000 2.018307808e-004 
d 0.000000000e+000 0.000000000e+000 -2.041920621e-004 -3.000000000e-001 -3.000000000e-001 -1.392753509e-016 2.000000000e+000 2.000000000e+000 2.041920621e-004 
d 0.000000000e+000 0.000000000e+000 -2.064137371e-004 -3.000000000e-001 -3.000000000e-001 -1.392897354e-016 2.250000000e+000 2.250000000e+000 2.064137371e-004 
d 0.000000000e+000 0.000000000e+000 -2.085216655e-004 -3.000000000e-001 -3.000000000e-001 -1.393027028e-016 2.500000000e+000 2.500000000e+000 2.085216655e-004 
d 0.000000000e+000 0.000000000e+000 -2.105348266e-004 -3.000000000e-001 -3.000000000e-001 -1.393145954e-016 2.750000000e+000 2.750000000e+000 2.105348266e-004 
d 0.000000000e+000 0.000000000e+000 -2.124677199e-004 -3.000000000e-001 -3.000000000e-001 -1.393256741e-016 3.000000000e+000 3.000000000e+000 2.124677199e-004 
d 0.000000000e+000 0.000000000e+000 -2.143316482e-004 -3.000000000e-001 -3.000000000e-001 -1.393361279e-016 3.250000000e+000 3.250000000e+000 2.143316482e-004 
d 0.000000000e+000 0.000000000e+000 -2.161355315e-004 -3.000000000e-001 -3.000000000e-001 -1.393460860e-016 3.500000000e+000 3.500000000e+000 2.161355315e-004 
d 0.000000000e+000 0.000000000e+000 -2.178864837e-004 -3.000000000e-001 -3.000000000e-001 -1.393556326e-016 3.750000000e+000 3.750000000e+000 2.178864837e-004 
d 0.000000000e+000 0.000000000e+000 -2.195902387e-004 -3.000000000e-001 -3.000000000e-001 -1.393648206e-016 4.000000000e+000 4.000000000e+000 2.195902387e-004 
d 0.000000000e+000 0.000000000e+000 -2.212514649e-004 -3.000000000e-001 -3.000000000e-001 -1.393736833e-016 4.250000000e+000 4.250000000e+000 2.212514649e-004 
d 0.000000000e+000 0.000000000e+000 -2.228739956e-004 -3.000000000e-001 -3.000000000e-001 -1.393822422e-016 4.500000000e+000 4.500000000e+000 2.228739956e-004 
d 0.000000000e+000 0.000000000e+000 -2.244609884e-004 -3.000000000e-001 -3.000000000e-001 -1.393905134e-016 4.750000000e+000 4.750000000e+000 2.244609884e-004 
d 0.000000000e+000 0.000000000e+000 -2.260150236e-004 -3.000000000e-001 -3.000000000e-001 -1.393985103e-016 5.000000000e+000 5.000000000e+000 2.260150236e-004 
