v ATLAS
# This file was created by ATLAS version 5.26.1.R on Sat Jun 13 11:18:09 2020.
#SSF 2.0 generic
##############################################################################
#                    Copyright (c) 1984 - 2018                               #
#                    Silvaco Inc. All rights reserved                        #
#                                                                            #
# This file format and the following Key are copyright Silvaco Inc.          #
# You may not use, this format or key without reproducing this message in    #
# full and obtaining express written permission from Silvaco Inc.            #
#                                                                            #
# To obtain such permission please contact: Silvaco Inc.                     #
#                                           support@silvaco.com              #
#                                                                            #
# KEY=SVC86hn7562asdx                       PROD=345                         #
##############################################################################
y 3 700 711 15
z 0.6 0.00600654 300
f 3 "source" "gate" "drain" 
p 9 2 601 20 3 602 21 4 603 22 
d 0.000000000e+000 0.000000000e+000 -3.697598490e-007 -2.800000000e+000 -2.800000000e+000 -1.464623389e-016 5.000000000e+000 5.000000000e+000 3.697598488e-007 
d 0.000000000e+000 0.000000000e+000 -1.813514242e-009 -5.000000000e+000 -5.000000000e+000 -1.465539807e-016 5.000000000e+000 5.000000000e+000 1.813514025e-009 
d 0.000000000e+000 0.000000000e+000 -3.330435556e-009 -4.900000000e+000 -4.900000000e+000 -1.466050695e-016 5.000000000e+000 5.000000000e+000 3.330435591e-009 
d 0.000000000e+000 0.000000000e+000 -5.844586129e-009 -4.800000000e+000 -4.800000000e+000 -1.466029053e-016 5.000000000e+000 5.000000000e+000 5.844586224e-009 
d 0.000000000e+000 0.000000000e+000 -9.780587092e-009 -4.700000000e+000 -4.700000000e+000 -1.466009959e-016 5.000000000e+000 5.000000000e+000 9.780587366e-009 
d 0.000000000e+000 0.000000000e+000 -1.559066488e-008 -4.600000000e+000 -4.600000000e+000 -1.465992767e-016 5.000000000e+000 5.000000000e+000 1.559066498e-008 
d 0.000000000e+000 0.000000000e+000 -2.367781396e-008 -4.500000000e+000 -4.500000000e+000 -1.465976084e-016 5.000000000e+000 5.000000000e+000 2.367781375e-008 
d 0.000000000e+000 0.000000000e+000 -3.431407945e-008 -4.400000000e+000 -4.400000000e+000 -1.465959518e-016 5.000000000e+000 5.000000000e+000 3.431407956e-008 
d 0.000000000e+000 0.000000000e+000 -4.758360678e-008 -4.300000000e+000 -4.300000000e+000 -1.465943508e-016 5.000000000e+000 5.000000000e+000 4.758360688e-008 
d 0.000000000e+000 0.000000000e+000 -6.337035985e-008 -4.200000000e+000 -4.200000000e+000 -1.465927141e-016 5.000000000e+000 5.000000000e+000 6.337036031e-008 
d 0.000000000e+000 0.000000000e+000 -8.138989316e-008 -4.100000000e+000 -4.100000000e+000 -1.465910771e-016 5.000000000e+000 5.000000000e+000 8.138989358e-008 
d 0.000000000e+000 0.000000000e+000 -1.012483750e-007 -4.000000000e+000 -4.000000000e+000 -1.465894274e-016 5.000000000e+000 5.000000000e+000 1.012483751e-007 
d 0.000000000e+000 0.000000000e+000 -1.225108979e-007 -3.900000000e+000 -3.900000000e+000 -1.465877364e-016 5.000000000e+000 5.000000000e+000 1.225108977e-007 
d 0.000000000e+000 0.000000000e+000 -1.447664693e-007 -3.800000000e+000 -3.800000000e+000 -1.465860250e-016 5.000000000e+000 5.000000000e+000 1.447664694e-007 
d 0.000000000e+000 0.000000000e+000 -1.676655324e-007 -3.700000000e+000 -3.700000000e+000 -1.465842652e-016 5.000000000e+000 5.000000000e+000 1.676655325e-007 
d 0.000000000e+000 0.000000000e+000 -1.908957816e-007 -3.600000000e+000 -3.600000000e+000 -1.465824679e-016 5.000000000e+000 5.000000000e+000 1.908957818e-007 
d 0.000000000e+000 0.000000000e+000 -2.141323989e-007 -3.500000000e+000 -3.500000000e+000 -1.465806142e-016 5.000000000e+000 5.000000000e+000 2.141323989e-007 
d 0.000000000e+000 0.000000000e+000 -2.371063071e-007 -3.400000000e+000 -3.400000000e+000 -1.465787048e-016 5.000000000e+000 5.000000000e+000 2.371063070e-007 
d 0.000000000e+000 0.000000000e+000 -2.598178144e-007 -3.300000000e+000 -3.300000000e+000 -1.465767234e-016 5.000000000e+000 5.000000000e+000 2.598178142e-007 
d 0.000000000e+000 0.000000000e+000 -2.826020024e-007 -3.200000000e+000 -3.200000000e+000 -1.465746594e-016 5.000000000e+000 5.000000000e+000 2.826020024e-007 
d 0.000000000e+000 0.000000000e+000 -3.057265198e-007 -3.100000000e+000 -3.100000000e+000 -1.465724292e-016 5.000000000e+000 5.000000000e+000 3.057265200e-007 
d 0.000000000e+000 0.000000000e+000 -3.286655729e-007 -3.000000000e+000 -3.000000000e+000 -1.465689309e-016 5.000000000e+000 5.000000000e+000 3.286655731e-007 
d 0.000000000e+000 0.000000000e+000 -3.501592461e-007 -2.900000000e+000 -2.900000000e+000 -1.465506412e-016 5.000000000e+000 5.000000000e+000 3.501592463e-007 
d 0.000000000e+000 0.000000000e+000 -3.697598490e-007 -2.800000000e+000 -2.800000000e+000 -1.464623392e-016 5.000000000e+000 5.000000000e+000 3.697598490e-007 
d 0.000000000e+000 0.000000000e+000 -3.886342736e-007 -2.700000000e+000 -2.700000000e+000 -1.463221056e-016 5.000000000e+000 5.000000000e+000 3.886342739e-007 
d 0.000000000e+000 0.000000000e+000 -4.089239755e-007 -2.600000000e+000 -2.600000000e+000 -1.458638926e-016 5.000000000e+000 5.000000000e+000 4.089239759e-007 
d 0.000000000e+000 0.000000000e+000 -4.328482222e-007 -2.500000000e+000 -2.500000000e+000 -1.450792580e-016 5.000000000e+000 5.000000000e+000 4.328482221e-007 
d 0.000000000e+000 0.000000000e+000 -4.600995391e-007 -2.400000000e+000 -2.400000000e+000 -1.444777943e-016 5.000000000e+000 5.000000000e+000 4.600995388e-007 
d 0.000000000e+000 0.000000000e+000 -4.843446237e-007 -2.300000000e+000 -2.300000000e+000 -1.439886990e-016 5.000000000e+000 5.000000000e+000 4.843446237e-007 
d 0.000000000e+000 0.000000000e+000 -5.034119646e-007 -2.200000000e+000 -2.200000000e+000 -1.435605660e-016 5.000000000e+000 5.000000000e+000 5.034119649e-007 
d 0.000000000e+000 0.000000000e+000 -5.275366827e-007 -2.100000000e+000 -2.100000000e+000 -1.431739304e-016 5.000000000e+000 5.000000000e+000 5.275366827e-007 
d 0.000000000e+000 0.000000000e+000 -7.142375763e-007 -2.000000000e+000 -2.000000000e+000 -1.428222149e-016 5.000000000e+000 5.000000000e+000 7.142375764e-007 
d 0.000000000e+000 0.000000000e+000 -2.926260200e-006 -1.900000000e+000 -1.900000000e+000 -1.425281802e-016 5.000000000e+000 5.000000000e+000 2.926260200e-006 
d 0.000000000e+000 0.000000000e+000 -1.008425956e-005 -1.800000000e+000 -1.800000000e+000 -1.423155432e-016 5.000000000e+000 5.000000000e+000 1.008425956e-005 
d 0.000000000e+000 0.000000000e+000 -1.992647512e-005 -1.700000000e+000 -1.700000000e+000 -1.421353408e-016 5.000000000e+000 5.000000000e+000 1.992647512e-005 
d 0.000000000e+000 0.000000000e+000 -3.123275204e-005 -1.600000000e+000 -1.600000000e+000 -1.419676857e-016 5.000000000e+000 5.000000000e+000 3.123275204e-005 
d 0.000000000e+000 0.000000000e+000 -4.339163436e-005 -1.500000000e+000 -1.500000000e+000 -1.417902123e-016 5.000000000e+000 5.000000000e+000 4.339163436e-005 
d 0.000000000e+000 0.000000000e+000 -5.604406506e-005 -1.400000000e+000 -1.400000000e+000 -1.416264953e-016 5.000000000e+000 5.000000000e+000 5.604406506e-005 
d 0.000000000e+000 0.000000000e+000 -6.912857389e-005 -1.300000000e+000 -1.300000000e+000 -1.414548688e-016 5.000000000e+000 5.000000000e+000 6.912857389e-005 
d 0.000000000e+000 0.000000000e+000 -8.269365313e-005 -1.200000000e+000 -1.200000000e+000 -1.412658908e-016 5.000000000e+000 5.000000000e+000 8.269365313e-005 
d 0.000000000e+000 0.000000000e+000 -9.672784117e-005 -1.100000000e+000 -1.100000000e+000 -1.410955622e-016 5.000000000e+000 5.000000000e+000 9.672784117e-005 
d 0.000000000e+000 0.000000000e+000 -1.112124088e-004 -1.000000000e+000 -1.000000000e+000 -1.409097656e-016 5.000000000e+000 5.000000000e+000 1.112124088e-004 
d 0.000000000e+000 0.000000000e+000 -1.261421488e-004 -9.000000000e-001 -9.000000000e-001 -1.406994508e-016 5.000000000e+000 5.000000000e+000 1.261421488e-004 
d 0.000000000e+000 0.000000000e+000 -1.415236775e-004 -8.000000000e-001 -8.000000000e-001 -1.405147802e-016 5.000000000e+000 5.000000000e+000 1.415236775e-004 
d 0.000000000e+000 0.000000000e+000 -1.573726780e-004 -7.000000000e-001 -7.000000000e-001 -1.403161907e-016 5.000000000e+000 5.000000000e+000 1.573726780e-004 
d 0.000000000e+000 0.000000000e+000 -1.737123917e-004 -6.000000000e-001 -6.000000000e-001 -1.400809031e-016 5.000000000e+000 5.000000000e+000 1.737123917e-004 
d 0.000000000e+000 0.000000000e+000 -1.905730904e-004 -5.000000000e-001 -5.000000000e-001 -1.398733318e-016 5.000000000e+000 5.000000000e+000 1.905730904e-004 
d 0.000000000e+000 0.000000000e+000 -2.079921910e-004 -4.000000000e-001 -4.000000000e-001 -1.396619840e-016 5.000000000e+000 5.000000000e+000 2.079921910e-004 
d 0.000000000e+000 0.000000000e+000 -2.260150224e-004 -3.000000000e-001 -3.000000000e-001 -1.393985103e-016 5.000000000e+000 5.000000000e+000 2.260150224e-004 
d 0.000000000e+000 0.000000000e+000 -2.446961577e-004 -2.000000000e-001 -2.000000000e-001 -1.391563019e-016 5.000000000e+000 5.000000000e+000 2.446961577e-004 
d 0.000000000e+000 0.000000000e+000 -2.641003129e-004 -1.000000000e-001 -1.000000000e-001 -1.388864419e-016 5.000000000e+000 5.000000000e+000 2.641003129e-004 
d 0.000000000e+000 0.000000000e+000 -2.843069635e-004 3.558990819e-015 3.558990819e-015 -1.370188080e-016 5.000000000e+000 5.000000000e+000 2.843069635e-004 
