v ATLAS
# This file was created by ATLAS version 5.26.1.R on Sat Jun 13 11:17:27 2020.
#SSF 2.0 generic
##############################################################################
#                    Copyright (c) 1984 - 2018                               #
#                    Silvaco Inc. All rights reserved                        #
#                                                                            #
# This file format and the following Key are copyright Silvaco Inc.          #
# You may not use, this format or key without reproducing this message in    #
# full and obtaining express written permission from Silvaco Inc.            #
#                                                                            #
# To obtain such permission please contact: Silvaco Inc.                     #
#                                           support@silvaco.com              #
#                                                                            #
# KEY=SVC86hn7562asdx                       PROD=345                         #
##############################################################################
y 3 700 711 15
z 0.6 0.00600654 300
f 3 "source" "gate" "drain" 
p 9 2 601 20 3 602 21 4 603 22 
d 0.000000000e+000 0.000000000e+000 6.372058774e-017 -6.000000000e-001 -6.000000000e-001 -1.376510989e-016 0.000000000e+000 0.000000000e+000 6.037613455e-017 
d 0.000000000e+000 0.000000000e+000 -3.486533988e-005 -6.000000000e-001 -6.000000000e-001 -1.394919536e-016 5.000000000e-002 5.000000000e-002 3.486533268e-005 
d 0.000000000e+000 0.000000000e+000 -6.430700249e-005 -6.000000000e-001 -6.000000000e-001 -1.395349172e-016 1.000000000e-001 1.000000000e-001 6.430701363e-005 
d 0.000000000e+000 0.000000000e+000 -8.751329901e-005 -6.000000000e-001 -6.000000000e-001 -1.395988185e-016 1.500000000e-001 1.500000000e-001 8.751329901e-005 
d 0.000000000e+000 0.000000000e+000 -1.048654432e-004 -6.000000000e-001 -6.000000000e-001 -1.396733514e-016 2.000000000e-001 2.000000000e-001 1.048654432e-004 
d 0.000000000e+000 0.000000000e+000 -1.170514565e-004 -6.000000000e-001 -6.000000000e-001 -1.397380477e-016 2.500000000e-001 2.500000000e-001 1.170514565e-004 
d 0.000000000e+000 0.000000000e+000 -1.250276380e-004 -6.000000000e-001 -6.000000000e-001 -1.397823942e-016 3.000000000e-001 3.000000000e-001 1.250276380e-004 
d 0.000000000e+000 0.000000000e+000 -1.356906465e-004 -6.000000000e-001 -6.000000000e-001 -1.398387307e-016 5.000000000e-001 5.000000000e-001 1.356906465e-004 
d 0.000000000e+000 0.000000000e+000 -1.400562079e-004 -6.000000000e-001 -6.000000000e-001 -1.398603146e-016 7.500000000e-001 7.500000000e-001 1.400562079e-004 
d 0.000000000e+000 0.000000000e+000 -1.433460348e-004 -6.000000000e-001 -6.000000000e-001 -1.398792598e-016 1.000000000e+000 1.000000000e+000 1.433460348e-004 
d 0.000000000e+000 0.000000000e+000 -1.461573179e-004 -6.000000000e-001 -6.000000000e-001 -1.398988628e-016 1.250000000e+000 1.250000000e+000 1.461573179e-004 
d 0.000000000e+000 0.000000000e+000 -1.486829110e-004 -6.000000000e-001 -6.000000000e-001 -1.399186274e-016 1.500000000e+000 1.500000000e+000 1.486829110e-004 
d 0.000000000e+000 0.000000000e+000 -1.510098040e-004 -6.000000000e-001 -6.000000000e-001 -1.399372097e-016 1.750000000e+000 1.750000000e+000 1.510098040e-004 
d 0.000000000e+000 0.000000000e+000 -1.531860422e-004 -6.000000000e-001 -6.000000000e-001 -1.399539127e-016 2.000000000e+000 2.000000000e+000 1.531860422e-004 
d 0.000000000e+000 0.000000000e+000 -1.552427296e-004 -6.000000000e-001 -6.000000000e-001 -1.399687540e-016 2.250000000e+000 2.250000000e+000 1.552427296e-004 
d 0.000000000e+000 0.000000000e+000 -1.572019307e-004 -6.000000000e-001 -6.000000000e-001 -1.399820543e-016 2.500000000e+000 2.500000000e+000 1.572019307e-004 
d 0.000000000e+000 0.000000000e+000 -1.590800054e-004 -6.000000000e-001 -6.000000000e-001 -1.399941763e-016 2.750000000e+000 2.750000000e+000 1.590800054e-004 
d 0.000000000e+000 0.000000000e+000 -1.608893621e-004 -6.000000000e-001 -6.000000000e-001 -1.400054295e-016 3.000000000e+000 3.000000000e+000 1.608893621e-004 
d 0.000000000e+000 0.000000000e+000 -1.626395656e-004 -6.000000000e-001 -6.000000000e-001 -1.400160482e-016 3.250000000e+000 3.250000000e+000 1.626395656e-004 
d 0.000000000e+000 0.000000000e+000 -1.643381059e-004 -6.000000000e-001 -6.000000000e-001 -1.400261958e-016 3.500000000e+000 3.500000000e+000 1.643381059e-004 
d 0.000000000e+000 0.000000000e+000 -1.659909476e-004 -6.000000000e-001 -6.000000000e-001 -1.400359781e-016 3.750000000e+000 3.750000000e+000 1.659909476e-004 
d 0.000000000e+000 0.000000000e+000 -1.676029202e-004 -6.000000000e-001 -6.000000000e-001 -1.400454590e-016 4.000000000e+000 4.000000000e+000 1.676029202e-004 
d 0.000000000e+000 0.000000000e+000 -1.691779950e-004 -6.000000000e-001 -6.000000000e-001 -1.400546751e-016 4.250000000e+000 4.250000000e+000 1.691779950e-004 
d 0.000000000e+000 0.000000000e+000 -1.707194810e-004 -6.000000000e-001 -6.000000000e-001 -1.400636468e-016 4.500000000e+000 4.500000000e+000 1.707194810e-004 
d 0.000000000e+000 0.000000000e+000 -1.722301621e-004 -6.000000000e-001 -6.000000000e-001 -1.400723863e-016 4.750000000e+000 4.750000000e+000 1.722301621e-004 
d 0.000000000e+000 0.000000000e+000 -1.737123916e-004 -6.000000000e-001 -6.000000000e-001 -1.400809030e-016 5.000000000e+000 5.000000000e+000 1.737123916e-004 
