v ATLAS
# This file was created by ATLAS version 5.26.1.R on Sun Jun 14 07:07:53 2020.
#SSF 2.0 generic
##############################################################################
#                    Copyright (c) 1984 - 2018                               #
#                    Silvaco Inc. All rights reserved                        #
#                                                                            #
# This file format and the following Key are copyright Silvaco Inc.          #
# You may not use, this format or key without reproducing this message in    #
# full and obtaining express written permission from Silvaco Inc.            #
#                                                                            #
# To obtain such permission please contact: Silvaco Inc.                     #
#                                           support@silvaco.com              #
#                                                                            #
# KEY=SVC86hn7562asdx                       PROD=345                         #
##############################################################################
y 1 15
z 300
f 3 "emitter" "base" "collector" 
p 9 2 601 20 3 602 21 4 603 22 
d 0.000000000e+000 0.000000000e+000 1.634215555e-018 1.000000000e-001 1.000000000e-001 -4.101239654e-017 2.500000000e+000 2.500000000e+000 -1.369628272e-017 
d 0.000000000e+000 0.000000000e+000 1.712035343e-018 1.000000000e-001 1.000000000e-001 -1.753729727e-016 2.500000000e+000 2.500000000e+000 4.202268590e-018 
d 0.000000000e+000 0.000000000e+000 6.225583065e-019 1.250000000e-001 1.250000000e-001 -1.551378518e-016 2.500000000e+000 2.500000000e+000 1.167296827e-017 
d 0.000000000e+000 0.000000000e+000 7.003780948e-019 1.500000000e-001 1.500000000e-001 -1.809677899e-016 2.500000000e+000 2.500000000e+000 1.167296827e-017 
d 0.000000000e+000 0.000000000e+000 1.089477036e-018 2.000000000e-001 2.000000000e-001 -9.690402752e-017 2.500000000e+000 2.500000000e+000 1.089477039e-017 
d 0.000000000e+000 0.000000000e+000 -7.781978893e-019 3.000000000e-001 3.000000000e-001 -1.242537313e-016 2.500000000e+000 2.500000000e+000 1.089477039e-017 
d 0.000000000e+000 0.000000000e+000 -1.867675197e-018 4.000000000e-001 4.000000000e-001 -1.642138886e-016 2.500000000e+000 2.500000000e+000 3.424070707e-018 
d 0.000000000e+000 0.000000000e+000 -2.466888549e-017 5.000000000e-001 5.000000000e-001 -8.056217587e-017 2.500000000e+000 2.500000000e+000 3.424070707e-018 
d 0.000000000e+000 0.000000000e+000 -1.554845084e-016 6.000000000e-001 6.000000000e-001 3.983583130e-017 2.500000000e+000 2.500000000e+000 2.957151977e-018 
d 0.000000000e+000 0.000000000e+000 -7.788463545e-016 7.000000000e-001 7.000000000e-001 6.093515717e-016 2.500000000e+000 2.500000000e+000 8.980403574e-017 
d 0.000000000e+000 0.000000000e+000 -6.059289326e-015 8.000000000e-001 8.000000000e-001 3.250141825e-015 2.500000000e+000 2.500000000e+000 2.797154471e-015 
d 0.000000000e+000 0.000000000e+000 -1.320364902e-013 9.000000000e-001 9.000000000e-001 2.535577200e-014 2.500000000e+000 2.500000000e+000 1.066582455e-013 
d 0.000000000e+000 0.000000000e+000 -4.523729119e-012 1.000000000e+000 1.000000000e+000 3.082413636e-013 2.500000000e+000 2.500000000e+000 4.215478790e-012 
d 0.000000000e+000 0.000000000e+000 -1.695055819e-010 1.100000000e+000 1.100000000e+000 3.086964843e-012 2.500000000e+000 2.500000000e+000 1.664185787e-010 
d 0.000000000e+000 0.000000000e+000 -6.551242853e-009 1.200000000e+000 1.200000000e+000 3.288955947e-011 2.500000000e+000 2.500000000e+000 6.518353319e-009 
d 0.000000000e+000 0.000000000e+000 -2.510874298e-007 1.300000000e+000 1.300000000e+000 8.009739768e-010 2.500000000e+000 2.500000000e+000 2.502864559e-007 
d 0.000000000e+000 0.000000000e+000 -2.510874298e-007 1.300000000e+000 1.300000000e+000 8.009739812e-010 2.500000000e+000 2.500000000e+000 2.502864559e-007 
d 0.000000000e+000 0.000000000e+000 -6.212435347e-007 1.325000000e+000 1.325000000e+000 1.895244811e-009 2.500000000e+000 2.500000000e+000 6.193482899e-007 
d 0.000000000e+000 0.000000000e+000 -1.531191160e-006 1.350000000e+000 1.350000000e+000 4.512255706e-009 2.500000000e+000 2.500000000e+000 1.526678904e-006 
d 0.000000000e+000 0.000000000e+000 -3.753893723e-006 1.375000000e+000 1.375000000e+000 1.079419268e-008 2.500000000e+000 2.500000000e+000 3.743099530e-006 
d 0.000000000e+000 0.000000000e+000 -9.131113035e-006 1.400000000e+000 1.400000000e+000 2.593759082e-008 2.500000000e+000 2.500000000e+000 9.105175445e-006 
