v ATLAS
# This file was created by ATLAS version 5.26.1.R on Sun Jun 14 07:14:07 2020.
#SSF 2.0 generic
##############################################################################
#                    Copyright (c) 1984 - 2018                               #
#                    Silvaco Inc. All rights reserved                        #
#                                                                            #
# This file format and the following Key are copyright Silvaco Inc.          #
# You may not use, this format or key without reproducing this message in    #
# full and obtaining express written permission from Silvaco Inc.            #
#                                                                            #
# To obtain such permission please contact: Silvaco Inc.                     #
#                                           support@silvaco.com              #
#                                                                            #
# KEY=SVC86hn7562asdx                       PROD=345                         #
##############################################################################
y 3 700 711 15
z 0.481736 0.01 300
f 3 "source" "drain" "gate" 
p 9 2 601 20 3 602 21 4 603 22 
d 0.000000000e+000 0.000000000e+000 2.030756612e-003 0.000000000e+000 0.000000000e+000 2.030756611e-003 -1.000000000e-001 -1.000000000e-001 -4.061513224e-003 
d 0.000000000e+000 0.000000000e+000 2.031254587e-003 5.000000000e-002 5.000000000e-002 3.046125270e-003 -1.000000000e-001 -1.000000000e-001 -5.077379857e-003 
d 0.000000000e+000 0.000000000e+000 2.031756578e-003 1.000000000e-001 1.000000000e-001 4.061593765e-003 -1.000000000e-001 -1.000000000e-001 -6.093350343e-003 
d 0.000000000e+000 0.000000000e+000 2.032262595e-003 1.500000000e-001 1.500000000e-001 5.077341501e-003 -1.000000000e-001 -1.000000000e-001 -7.109604095e-003 
d 0.000000000e+000 0.000000000e+000 2.032772625e-003 2.000000000e-001 2.000000000e-001 6.093559981e-003 -1.000000000e-001 -1.000000000e-001 -8.126332606e-003 
d 0.000000000e+000 0.000000000e+000 2.033286640e-003 2.500000000e-001 2.500000000e-001 7.110439661e-003 -1.000000000e-001 -1.000000000e-001 -9.143726301e-003 
d 0.000000000e+000 0.000000000e+000 2.033804590e-003 3.000000000e-001 3.000000000e-001 8.128157919e-003 -1.000000000e-001 -1.000000000e-001 -1.016196251e-002 
d 0.000000000e+000 0.000000000e+000 2.034326411e-003 3.500000000e-001 3.500000000e-001 9.146870177e-003 -1.000000000e-001 -1.000000000e-001 -1.118119659e-002 
d 0.000000000e+000 0.000000000e+000 2.034852023e-003 4.000000000e-001 4.000000000e-001 1.016670504e-002 -1.000000000e-001 -1.000000000e-001 -1.220155706e-002 
d 0.000000000e+000 0.000000000e+000 2.035381329e-003 4.500000000e-001 4.500000000e-001 1.118776318e-002 -1.000000000e-001 -1.000000000e-001 -1.322314451e-002 
d 0.000000000e+000 0.000000000e+000 2.035914213e-003 5.000000000e-001 5.000000000e-001 1.221011902e-002 -1.000000000e-001 -1.000000000e-001 -1.424603323e-002 
d 0.000000000e+000 0.000000000e+000 2.036450540e-003 5.500000000e-001 5.500000000e-001 1.323382416e-002 -1.000000000e-001 -1.000000000e-001 -1.527027470e-002 
d 0.000000000e+000 0.000000000e+000 2.036990148e-003 6.000000000e-001 6.000000000e-001 1.425891142e-002 -1.000000000e-001 -1.000000000e-001 -1.629590157e-002 
d 0.000000000e+000 0.000000000e+000 2.037532845e-003 6.500000000e-001 6.500000000e-001 1.528539887e-002 -1.000000000e-001 -1.000000000e-001 -1.732293171e-002 
d 0.000000000e+000 0.000000000e+000 2.038078404e-003 7.000000000e-001 7.000000000e-001 1.631329339e-002 -1.000000000e-001 -1.000000000e-001 -1.835137179e-002 
d 0.000000000e+000 0.000000000e+000 2.038626557e-003 7.500000000e-001 7.500000000e-001 1.734259357e-002 -1.000000000e-001 -1.000000000e-001 -1.938122013e-002 
d 0.000000000e+000 0.000000000e+000 2.039176992e-003 8.000000000e-001 8.000000000e-001 1.837329196e-002 -1.000000000e-001 -1.000000000e-001 -2.041246895e-002 
d 0.000000000e+000 0.000000000e+000 2.039729350e-003 8.500000000e-001 8.500000000e-001 1.940537665e-002 -1.000000000e-001 -1.000000000e-001 -2.144510600e-002 
d 0.000000000e+000 0.000000000e+000 2.040283220e-003 9.000000000e-001 9.000000000e-001 2.043883245e-002 -1.000000000e-001 -1.000000000e-001 -2.247911567e-002 
d 0.000000000e+000 0.000000000e+000 2.040838142e-003 9.500000000e-001 9.500000000e-001 2.147364164e-002 -1.000000000e-001 -1.000000000e-001 -2.351447979e-002 
d 0.000000000e+000 0.000000000e+000 2.041393603e-003 1.000000000e+000 1.000000000e+000 2.250978458e-002 -1.000000000e-001 -1.000000000e-001 -2.455117818e-002 
d 0.000000000e+000 0.000000000e+000 2.041949045e-003 1.050000000e+000 1.050000000e+000 2.354724004e-002 -1.000000000e-001 -1.000000000e-001 -2.558918909e-002 
d 0.000000000e+000 0.000000000e+000 2.042503863e-003 1.100000000e+000 1.100000000e+000 2.458598569e-002 -1.000000000e-001 -1.000000000e-001 -2.662848955e-002 
d 0.000000000e+000 0.000000000e+000 2.043057417e-003 1.150000000e+000 1.150000000e+000 2.562599837e-002 -1.000000000e-001 -1.000000000e-001 -2.766905579e-002 
d 0.000000000e+000 0.000000000e+000 2.043609041e-003 1.200000000e+000 1.200000000e+000 2.666725458e-002 -1.000000000e-001 -1.000000000e-001 -2.871086362e-002 
d 0.000000000e+000 0.000000000e+000 2.044158053e-003 1.250000000e+000 1.250000000e+000 2.770973085e-002 -1.000000000e-001 -1.000000000e-001 -2.975388890e-002 
d 0.000000000e+000 0.000000000e+000 2.044703776e-003 1.300000000e+000 1.300000000e+000 2.875340417e-002 -1.000000000e-001 -1.000000000e-001 -3.079810795e-002 
d 0.000000000e+000 0.000000000e+000 2.045245550e-003 1.350000000e+000 1.350000000e+000 2.979825240e-002 -1.000000000e-001 -1.000000000e-001 -3.184349795e-002 
d 0.000000000e+000 0.000000000e+000 2.045782755e-003 1.400000000e+000 1.400000000e+000 3.084425451e-002 -1.000000000e-001 -1.000000000e-001 -3.289003727e-002 
d 0.000000000e+000 0.000000000e+000 2.046314828e-003 1.450000000e+000 1.450000000e+000 3.189139085e-002 -1.000000000e-001 -1.000000000e-001 -3.393770568e-002 
d 0.000000000e+000 0.000000000e+000 2.046841270e-003 1.500000000e+000 1.500000000e+000 3.293964329e-002 -1.000000000e-001 -1.000000000e-001 -3.498648456e-002 
d 0.000000000e+000 0.000000000e+000 2.047361654e-003 1.550000000e+000 1.550000000e+000 3.398899541e-002 -1.000000000e-001 -1.000000000e-001 -3.603635707e-002 
d 0.000000000e+000 0.000000000e+000 2.047875612e-003 1.600000000e+000 1.600000000e+000 3.503943274e-002 -1.000000000e-001 -1.000000000e-001 -3.708730835e-002 
d 0.000000000e+000 0.000000000e+000 2.048382807e-003 1.650000000e+000 1.650000000e+000 3.609094296e-002 -1.000000000e-001 -1.000000000e-001 -3.813932577e-002 
d 0.000000000e+000 0.000000000e+000 2.048882886e-003 1.700000000e+000 1.700000000e+000 3.714351620e-002 -1.000000000e-001 -1.000000000e-001 -3.919239909e-002 
d 0.000000000e+000 0.000000000e+000 2.049375417e-003 1.750000000e+000 1.750000000e+000 3.819714513e-002 -1.000000000e-001 -1.000000000e-001 -4.024652055e-002 
d 0.000000000e+000 0.000000000e+000 2.049859804e-003 1.800000000e+000 1.800000000e+000 3.925182482e-002 -1.000000000e-001 -1.000000000e-001 -4.130168462e-002 
d 0.000000000e+000 0.000000000e+000 2.050335209e-003 1.850000000e+000 1.850000000e+000 4.030755226e-002 -1.000000000e-001 -1.000000000e-001 -4.235788747e-002 
d 0.000000000e+000 0.000000000e+000 2.050800471e-003 1.900000000e+000 1.900000000e+000 4.136432569e-002 -1.000000000e-001 -1.000000000e-001 -4.341512616e-002 
d 0.000000000e+000 0.000000000e+000 2.051254056e-003 1.950000000e+000 1.950000000e+000 4.242214367e-002 -1.000000000e-001 -1.000000000e-001 -4.447339772e-002 
d 0.000000000e+000 0.000000000e+000 2.051694046e-003 2.000000000e+000 2.000000000e+000 4.348100436e-002 -1.000000000e-001 -1.000000000e-001 -4.553269840e-002 
d 0.000000000e+000 0.000000000e+000 2.052118168e-003 2.050000000e+000 2.050000000e+000 4.454090504e-002 -1.000000000e-001 -1.000000000e-001 -4.659302321e-002 
d 0.000000000e+000 0.000000000e+000 2.052523881e-003 2.100000000e+000 2.100000000e+000 4.560184206e-002 -1.000000000e-001 -1.000000000e-001 -4.765436594e-002 
d 0.000000000e+000 0.000000000e+000 2.052908507e-003 2.150000000e+000 2.150000000e+000 4.666381114e-002 -1.000000000e-001 -1.000000000e-001 -4.871671965e-002 
d 0.000000000e+000 0.000000000e+000 2.053269384e-003 2.200000000e+000 2.200000000e+000 4.772680803e-002 -1.000000000e-001 -1.000000000e-001 -4.978007742e-002 
d 0.000000000e+000 0.000000000e+000 2.053604025e-003 2.250000000e+000 2.250000000e+000 4.879082923e-002 -1.000000000e-001 -1.000000000e-001 -5.084443325e-002 
d 0.000000000e+000 0.000000000e+000 2.053910253e-003 2.300000000e+000 2.300000000e+000 4.985587263e-002 -1.000000000e-001 -1.000000000e-001 -5.190978289e-002 
d 0.000000000e+000 0.000000000e+000 2.054186304e-003 2.350000000e+000 2.350000000e+000 5.092193805e-002 -1.000000000e-001 -1.000000000e-001 -5.297612435e-002 
d 0.000000000e+000 0.000000000e+000 2.054430879e-003 2.400000000e+000 2.400000000e+000 5.198902737e-002 -1.000000000e-001 -1.000000000e-001 -5.404345825e-002 
d 0.000000000e+000 0.000000000e+000 2.054643149e-003 2.450000000e+000 2.450000000e+000 5.305714463e-002 -1.000000000e-001 -1.000000000e-001 -5.511178778e-002 
d 0.000000000e+000 0.000000000e+000 2.054822731e-003 2.500000000e+000 2.500000000e+000 5.412629577e-002 -1.000000000e-001 -1.000000000e-001 -5.618111850e-002 
d 0.000000000e+000 0.000000000e+000 2.054969629e-003 2.550000000e+000 2.550000000e+000 5.519648843e-002 -1.000000000e-001 -1.000000000e-001 -5.725145806e-002 
d 0.000000000e+000 0.000000000e+000 2.055084171e-003 2.600000000e+000 2.600000000e+000 5.626773160e-002 -1.000000000e-001 -1.000000000e-001 -5.832281577e-002 
d 0.000000000e+000 0.000000000e+000 2.055166935e-003 2.650000000e+000 2.650000000e+000 5.734003541e-002 -1.000000000e-001 -1.000000000e-001 -5.939520235e-002 
d 0.000000000e+000 0.000000000e+000 2.055218685e-003 2.700000000e+000 2.700000000e+000 5.841341086e-002 -1.000000000e-001 -1.000000000e-001 -6.046862955e-002 
d 0.000000000e+000 0.000000000e+000 2.055240312e-003 2.750000000e+000 2.750000000e+000 5.948786973e-002 -1.000000000e-001 -1.000000000e-001 -6.154311005e-002 
d 0.000000000e+000 0.000000000e+000 2.055232783e-003 2.800000000e+000 2.800000000e+000 6.056342456e-002 -1.000000000e-001 -1.000000000e-001 -6.261865734e-002 
d 0.000000000e+000 0.000000000e+000 2.055197099e-003 2.850000000e+000 2.850000000e+000 6.164008869e-002 -1.000000000e-001 -1.000000000e-001 -6.369528579e-002 
d 0.000000000e+000 0.000000000e+000 2.055134265e-003 2.900000000e+000 2.900000000e+000 6.271787655e-002 -1.000000000e-001 -1.000000000e-001 -6.477301081e-002 
d 0.000000000e+000 0.000000000e+000 2.055045258e-003 2.950000000e+000 2.950000000e+000 6.379680396e-002 -1.000000000e-001 -1.000000000e-001 -6.585184922e-002 
d 0.000000000e+000 0.000000000e+000 2.054931012e-003 3.000000000e+000 3.000000000e+000 6.487688864e-002 -1.000000000e-001 -1.000000000e-001 -6.693181965e-002 
