v ATLAS
# This file was created by ATLAS version 5.26.1.R on Sun Jun 14 07:14:34 2020.
#SSF 2.0 generic
##############################################################################
#                    Copyright (c) 1984 - 2018                               #
#                    Silvaco Inc. All rights reserved                        #
#                                                                            #
# This file format and the following Key are copyright Silvaco Inc.          #
# You may not use, this format or key without reproducing this message in    #
# full and obtaining express written permission from Silvaco Inc.            #
#                                                                            #
# To obtain such permission please contact: Silvaco Inc.                     #
#                                           support@silvaco.com              #
#                                                                            #
# KEY=SVC86hn7562asdx                       PROD=345                         #
##############################################################################
y 3 700 711 15
z 0.481736 0.01 300
f 3 "source" "drain" "gate" 
p 9 2 601 20 3 602 21 4 603 22 
d 0.000000000e+000 0.000000000e+000 4.060131430e-004 0.000000000e+000 0.000000000e+000 4.060131429e-004 -2.000000000e-002 -2.000000000e-002 -8.120262859e-004 
d 0.000000000e+000 0.000000000e+000 8.120889208e-004 0.000000000e+000 0.000000000e+000 8.120889206e-004 -4.000000000e-002 -4.000000000e-002 -1.624177841e-003 
d 0.000000000e+000 0.000000000e+000 1.624453374e-003 0.000000000e+000 0.000000000e+000 1.624453374e-003 -8.000000000e-002 -8.000000000e-002 -3.248906748e-003 
d 0.000000000e+000 0.000000000e+000 1.019038419e-002 0.000000000e+000 0.000000000e+000 1.019038419e-002 -5.000000000e-001 -5.000000000e-001 -2.038076838e-002 
d 0.000000000e+000 0.000000000e+000 1.019038419e-002 0.000000000e+000 0.000000000e+000 1.019038419e-002 -5.000000000e-001 -5.000000000e-001 -2.038076838e-002 
d 0.000000000e+000 0.000000000e+000 1.019347662e-002 5.000000000e-002 5.000000000e-002 1.121365597e-002 -5.000000000e-001 -5.000000000e-001 -2.140713260e-002 
d 0.000000000e+000 0.000000000e+000 1.019660207e-002 1.000000000e-001 1.000000000e-001 1.223816310e-002 -5.000000000e-001 -5.000000000e-001 -2.243476517e-002 
d 0.000000000e+000 0.000000000e+000 1.019976117e-002 1.500000000e-001 1.500000000e-001 1.326395513e-002 -5.000000000e-001 -5.000000000e-001 -2.346371630e-002 
d 0.000000000e+000 0.000000000e+000 1.020295442e-002 2.000000000e-001 2.000000000e-001 1.429106302e-002 -5.000000000e-001 -5.000000000e-001 -2.449401744e-002 
d 0.000000000e+000 0.000000000e+000 1.020618215e-002 2.500000000e-001 2.500000000e-001 1.531950300e-002 -5.000000000e-001 -5.000000000e-001 -2.552568515e-002 
d 0.000000000e+000 0.000000000e+000 1.020944460e-002 3.000000000e-001 3.000000000e-001 1.634927992e-002 -5.000000000e-001 -5.000000000e-001 -2.655872453e-002 
d 0.000000000e+000 0.000000000e+000 1.021274191e-002 3.500000000e-001 3.500000000e-001 1.738039001e-002 -5.000000000e-001 -5.000000000e-001 -2.759313192e-002 
d 0.000000000e+000 0.000000000e+000 1.021607415e-002 4.000000000e-001 4.000000000e-001 1.841282290e-002 -5.000000000e-001 -5.000000000e-001 -2.862889705e-002 
d 0.000000000e+000 0.000000000e+000 1.021944135e-002 4.500000000e-001 4.500000000e-001 1.944656308e-002 -5.000000000e-001 -5.000000000e-001 -2.966600443e-002 
d 0.000000000e+000 0.000000000e+000 1.022284354e-002 5.000000000e-001 5.000000000e-001 2.048159090e-002 -5.000000000e-001 -5.000000000e-001 -3.070443445e-002 
d 0.000000000e+000 0.000000000e+000 1.022628080e-002 5.500000000e-001 5.500000000e-001 2.151788330e-002 -5.000000000e-001 -5.000000000e-001 -3.174416410e-002 
d 0.000000000e+000 0.000000000e+000 1.022975332e-002 6.000000000e-001 6.000000000e-001 2.255541428e-002 -5.000000000e-001 -5.000000000e-001 -3.278516760e-002 
d 0.000000000e+000 0.000000000e+000 1.023326160e-002 6.500000000e-001 6.500000000e-001 2.359415545e-002 -5.000000000e-001 -5.000000000e-001 -3.382741705e-002 
d 0.000000000e+000 0.000000000e+000 1.023680668e-002 7.000000000e-001 7.000000000e-001 2.463407664e-002 -5.000000000e-001 -5.000000000e-001 -3.487088332e-002 
d 0.000000000e+000 0.000000000e+000 1.024039052e-002 7.500000000e-001 7.500000000e-001 2.567514666e-002 -5.000000000e-001 -5.000000000e-001 -3.591553718e-002 
d 0.000000000e+000 0.000000000e+000 1.024401647e-002 8.000000000e-001 8.000000000e-001 2.671733440e-002 -5.000000000e-001 -5.000000000e-001 -3.696135087e-002 
d 0.000000000e+000 0.000000000e+000 1.024768994e-002 8.500000000e-001 8.500000000e-001 2.776061005e-002 -5.000000000e-001 -5.000000000e-001 -3.800829999e-002 
d 0.000000000e+000 0.000000000e+000 1.025141896e-002 9.000000000e-001 9.000000000e-001 2.880494655e-002 -5.000000000e-001 -5.000000000e-001 -3.905636552e-002 
d 0.000000000e+000 0.000000000e+000 1.025521487e-002 9.500000000e-001 9.500000000e-001 2.985032093e-002 -5.000000000e-001 -5.000000000e-001 -4.010553580e-002 
d 0.000000000e+000 0.000000000e+000 1.025909258e-002 1.000000000e+000 1.000000000e+000 3.089671526e-002 -5.000000000e-001 -5.000000000e-001 -4.115580783e-002 
d 0.000000000e+000 0.000000000e+000 1.026307054e-002 1.050000000e+000 1.050000000e+000 3.194411692e-002 -5.000000000e-001 -5.000000000e-001 -4.220718745e-002 
d 0.000000000e+000 0.000000000e+000 1.026717002e-002 1.100000000e+000 1.100000000e+000 3.299251782e-002 -5.000000000e-001 -5.000000000e-001 -4.325968783e-002 
d 0.000000000e+000 0.000000000e+000 1.027141359e-002 1.150000000e+000 1.150000000e+000 3.404191245e-002 -5.000000000e-001 -5.000000000e-001 -4.431332603e-002 
d 0.000000000e+000 0.000000000e+000 1.027582255e-002 1.200000000e+000 1.200000000e+000 3.509229514e-002 -5.000000000e-001 -5.000000000e-001 -4.536811769e-002 
d 0.000000000e+000 0.000000000e+000 1.028041322e-002 1.250000000e+000 1.250000000e+000 3.614365745e-002 -5.000000000e-001 -5.000000000e-001 -4.642407066e-002 
d 0.000000000e+000 0.000000000e+000 1.028519217e-002 1.300000000e+000 1.300000000e+000 3.719598724e-002 -5.000000000e-001 -5.000000000e-001 -4.748117942e-002 
d 0.000000000e+000 0.000000000e+000 1.029015122e-002 1.350000000e+000 1.350000000e+000 3.824927105e-002 -5.000000000e-001 -5.000000000e-001 -4.853942228e-002 
d 0.000000000e+000 0.000000000e+000 1.029526367e-002 1.400000000e+000 1.400000000e+000 3.930349978e-002 -5.000000000e-001 -5.000000000e-001 -4.959876345e-002 
d 0.000000000e+000 0.000000000e+000 1.030048411e-002 1.450000000e+000 1.450000000e+000 4.035867534e-002 -5.000000000e-001 -5.000000000e-001 -5.065915945e-002 
d 0.000000000e+000 0.000000000e+000 1.030575299e-002 1.500000000e+000 1.500000000e+000 4.141481395e-002 -5.000000000e-001 -5.000000000e-001 -5.172056694e-002 
d 0.000000000e+000 0.000000000e+000 1.031100525e-002 1.550000000e+000 1.550000000e+000 4.247194300e-002 -5.000000000e-001 -5.000000000e-001 -5.278294826e-002 
d 0.000000000e+000 0.000000000e+000 1.031617986e-002 1.600000000e+000 1.600000000e+000 4.353009306e-002 -5.000000000e-001 -5.000000000e-001 -5.384627293e-002 
d 0.000000000e+000 0.000000000e+000 1.032122695e-002 1.650000000e+000 1.650000000e+000 4.458928951e-002 -5.000000000e-001 -5.000000000e-001 -5.491051646e-002 
d 0.000000000e+000 0.000000000e+000 1.032611092e-002 1.700000000e+000 1.700000000e+000 4.564954772e-002 -5.000000000e-001 -5.000000000e-001 -5.597565865e-002 
d 0.000000000e+000 0.000000000e+000 1.033081011e-002 1.750000000e+000 1.750000000e+000 4.671087253e-002 -5.000000000e-001 -5.000000000e-001 -5.704168264e-002 
d 0.000000000e+000 0.000000000e+000 1.033531432e-002 1.800000000e+000 1.800000000e+000 4.777326053e-002 -5.000000000e-001 -5.000000000e-001 -5.810857484e-002 
d 0.000000000e+000 0.000000000e+000 1.033962182e-002 1.850000000e+000 1.850000000e+000 4.883670341e-002 -5.000000000e-001 -5.000000000e-001 -5.917632523e-002 
d 0.000000000e+000 0.000000000e+000 1.034373663e-002 1.900000000e+000 1.900000000e+000 4.990119101e-002 -5.000000000e-001 -5.000000000e-001 -6.024492764e-002 
d 0.000000000e+000 0.000000000e+000 1.034766625e-002 1.950000000e+000 1.950000000e+000 5.096671358e-002 -5.000000000e-001 -5.000000000e-001 -6.131437983e-002 
d 0.000000000e+000 0.000000000e+000 1.035142019e-002 2.000000000e+000 2.000000000e+000 5.203326313e-002 -5.000000000e-001 -5.000000000e-001 -6.238468332e-002 
d 0.000000000e+000 0.000000000e+000 1.035500879e-002 2.050000000e+000 2.050000000e+000 5.310083420e-002 -5.000000000e-001 -5.000000000e-001 -6.345584299e-002 
d 0.000000000e+000 0.000000000e+000 1.035844262e-002 2.100000000e+000 2.100000000e+000 5.416942412e-002 -5.000000000e-001 -5.000000000e-001 -6.452786675e-002 
d 0.000000000e+000 0.000000000e+000 1.036173203e-002 2.150000000e+000 2.150000000e+000 5.523903294e-002 -5.000000000e-001 -5.000000000e-001 -6.560076497e-002 
d 0.000000000e+000 0.000000000e+000 1.036488686e-002 2.200000000e+000 2.200000000e+000 5.630966325e-002 -5.000000000e-001 -5.000000000e-001 -6.667455011e-002 
d 0.000000000e+000 0.000000000e+000 1.036791640e-002 2.250000000e+000 2.250000000e+000 5.738131996e-002 -5.000000000e-001 -5.000000000e-001 -6.774923636e-002 
d 0.000000000e+000 0.000000000e+000 1.037082928e-002 2.300000000e+000 2.300000000e+000 5.845401005e-002 -5.000000000e-001 -5.000000000e-001 -6.882483934e-002 
d 0.000000000e+000 0.000000000e+000 1.037363353e-002 2.350000000e+000 2.350000000e+000 5.952774239e-002 -5.000000000e-001 -5.000000000e-001 -6.990137592e-002 
d 0.000000000e+000 0.000000000e+000 1.037633658e-002 2.400000000e+000 2.400000000e+000 6.060252763e-002 -5.000000000e-001 -5.000000000e-001 -7.097886421e-002 
d 0.000000000e+000 0.000000000e+000 1.037894532e-002 2.450000000e+000 2.450000000e+000 6.167837826e-002 -5.000000000e-001 -5.000000000e-001 -7.205732358e-002 
d 0.000000000e+000 0.000000000e+000 1.038146619e-002 2.500000000e+000 2.500000000e+000 6.275530872e-002 -5.000000000e-001 -5.000000000e-001 -7.313677490e-002 
d 0.000000000e+000 0.000000000e+000 1.038390523e-002 2.550000000e+000 2.550000000e+000 6.383333567e-002 -5.000000000e-001 -5.000000000e-001 -7.421724091e-002 
d 0.000000000e+000 0.000000000e+000 1.038626818e-002 2.600000000e+000 2.600000000e+000 6.491247840e-002 -5.000000000e-001 -5.000000000e-001 -7.529874658e-002 
d 0.000000000e+000 0.000000000e+000 1.038856047e-002 2.650000000e+000 2.650000000e+000 6.599275911e-002 -5.000000000e-001 -5.000000000e-001 -7.638131958e-002 
d 0.000000000e+000 0.000000000e+000 1.039078726e-002 2.700000000e+000 2.700000000e+000 6.707420313e-002 -5.000000000e-001 -5.000000000e-001 -7.746499040e-002 
d 0.000000000e+000 0.000000000e+000 1.039295346e-002 2.750000000e+000 2.750000000e+000 6.815683866e-002 -5.000000000e-001 -5.000000000e-001 -7.854979212e-002 
d 0.000000000e+000 0.000000000e+000 1.039506362e-002 2.800000000e+000 2.800000000e+000 6.924069584e-002 -5.000000000e-001 -5.000000000e-001 -7.963575946e-002 
d 0.000000000e+000 0.000000000e+000 1.039712184e-002 2.850000000e+000 2.850000000e+000 7.032580514e-002 -5.000000000e-001 -5.000000000e-001 -8.072292698e-002 
d 0.000000000e+000 0.000000000e+000 1.039913167e-002 2.900000000e+000 2.900000000e+000 7.141219497e-002 -5.000000000e-001 -5.000000000e-001 -8.181132663e-002 
d 0.000000000e+000 0.000000000e+000 1.040109597e-002 2.950000000e+000 2.950000000e+000 7.249988900e-002 -5.000000000e-001 -5.000000000e-001 -8.290098497e-002 
d 0.000000000e+000 0.000000000e+000 1.040301692e-002 3.000000000e+000 3.000000000e+000 7.358890396e-002 -5.000000000e-001 -5.000000000e-001 -8.399192088e-002 
