v ATLAS
# This file was created by ATLAS version 5.26.1.R on Sun Jun 14 07:14:20 2020.
#SSF 2.0 generic
##############################################################################
#                    Copyright (c) 1984 - 2018                               #
#                    Silvaco Inc. All rights reserved                        #
#                                                                            #
# This file format and the following Key are copyright Silvaco Inc.          #
# You may not use, this format or key without reproducing this message in    #
# full and obtaining express written permission from Silvaco Inc.            #
#                                                                            #
# To obtain such permission please contact: Silvaco Inc.                     #
#                                           support@silvaco.com              #
#                                                                            #
# KEY=SVC86hn7562asdx                       PROD=345                         #
##############################################################################
y 3 700 711 15
z 0.481736 0.01 300
f 3 "source" "drain" "gate" 
p 9 2 601 20 3 602 21 4 603 22 
d 0.000000000e+000 0.000000000e+000 4.060131430e-004 0.000000000e+000 0.000000000e+000 4.060131429e-004 -2.000000000e-002 -2.000000000e-002 -8.120262859e-004 
d 0.000000000e+000 0.000000000e+000 8.120889208e-004 0.000000000e+000 0.000000000e+000 8.120889206e-004 -4.000000000e-002 -4.000000000e-002 -1.624177841e-003 
d 0.000000000e+000 0.000000000e+000 1.624453374e-003 0.000000000e+000 0.000000000e+000 1.624453374e-003 -8.000000000e-002 -8.000000000e-002 -3.248906748e-003 
d 0.000000000e+000 0.000000000e+000 4.063844805e-003 0.000000000e+000 0.000000000e+000 4.063844804e-003 -2.000000000e-001 -2.000000000e-001 -8.127689609e-003 
d 0.000000000e+000 0.000000000e+000 4.063844805e-003 0.000000000e+000 0.000000000e+000 4.063844804e-003 -2.000000000e-001 -2.000000000e-001 -8.127689609e-003 
d 0.000000000e+000 0.000000000e+000 4.064985190e-003 5.000000000e-002 5.000000000e-002 5.080204893e-003 -2.000000000e-001 -2.000000000e-001 -9.145190083e-003 
d 0.000000000e+000 0.000000000e+000 4.066135764e-003 1.000000000e-001 1.000000000e-001 6.097025734e-003 -2.000000000e-001 -2.000000000e-001 -1.016316150e-002 
d 0.000000000e+000 0.000000000e+000 4.067296685e-003 1.500000000e-001 1.500000000e-001 7.114496996e-003 -2.000000000e-001 -2.000000000e-001 -1.118179368e-002 
d 0.000000000e+000 0.000000000e+000 4.068468067e-003 2.000000000e-001 2.000000000e-001 8.132795392e-003 -2.000000000e-001 -2.000000000e-001 -1.220126346e-002 
d 0.000000000e+000 0.000000000e+000 4.069649989e-003 2.500000000e-001 2.500000000e-001 9.152075819e-003 -2.000000000e-001 -2.000000000e-001 -1.322172581e-002 
d 0.000000000e+000 0.000000000e+000 4.070842493e-003 3.000000000e-001 3.000000000e-001 1.017246648e-002 -2.000000000e-001 -2.000000000e-001 -1.424330897e-002 
d 0.000000000e+000 0.000000000e+000 4.072045589e-003 3.500000000e-001 3.500000000e-001 1.119406776e-002 -2.000000000e-001 -2.000000000e-001 -1.526611335e-002 
d 0.000000000e+000 0.000000000e+000 4.073259255e-003 4.000000000e-001 4.000000000e-001 1.221695388e-002 -2.000000000e-001 -2.000000000e-001 -1.629021314e-002 
d 0.000000000e+000 0.000000000e+000 4.074483439e-003 4.500000000e-001 4.500000000e-001 1.324117629e-002 -2.000000000e-001 -2.000000000e-001 -1.731565973e-002 
d 0.000000000e+000 0.000000000e+000 4.075718049e-003 5.000000000e-001 5.000000000e-001 1.426676766e-002 -2.000000000e-001 -2.000000000e-001 -1.834248571e-002 
d 0.000000000e+000 0.000000000e+000 4.076962952e-003 5.500000000e-001 5.500000000e-001 1.529374589e-002 -2.000000000e-001 -2.000000000e-001 -1.937070885e-002 
d 0.000000000e+000 0.000000000e+000 4.078217961e-003 6.000000000e-001 6.000000000e-001 1.632211765e-002 -2.000000000e-001 -2.000000000e-001 -2.040033561e-002 
d 0.000000000e+000 0.000000000e+000 4.079482830e-003 6.500000000e-001 6.500000000e-001 1.735188119e-002 -2.000000000e-001 -2.000000000e-001 -2.143136402e-002 
d 0.000000000e+000 0.000000000e+000 4.080757239e-003 7.000000000e-001 7.000000000e-001 1.838302859e-002 -2.000000000e-001 -2.000000000e-001 -2.246378583e-002 
d 0.000000000e+000 0.000000000e+000 4.082040796e-003 7.500000000e-001 7.500000000e-001 1.941554732e-002 -2.000000000e-001 -2.000000000e-001 -2.349758811e-002 
d 0.000000000e+000 0.000000000e+000 4.083333020e-003 8.000000000e-001 8.000000000e-001 2.044942137e-002 -2.000000000e-001 -2.000000000e-001 -2.453275439e-002 
d 0.000000000e+000 0.000000000e+000 4.084633347e-003 8.500000000e-001 8.500000000e-001 2.148463203e-002 -2.000000000e-001 -2.000000000e-001 -2.556926538e-002 
d 0.000000000e+000 0.000000000e+000 4.085941129e-003 9.000000000e-001 9.000000000e-001 2.252115846e-002 -2.000000000e-001 -2.000000000e-001 -2.660709959e-002 
d 0.000000000e+000 0.000000000e+000 4.087255637e-003 9.500000000e-001 9.500000000e-001 2.355897808e-002 -2.000000000e-001 -2.000000000e-001 -2.764623372e-002 
d 0.000000000e+000 0.000000000e+000 4.088576081e-003 1.000000000e+000 1.000000000e+000 2.459806703e-002 -2.000000000e-001 -2.000000000e-001 -2.868664311e-002 
d 0.000000000e+000 0.000000000e+000 4.089901630e-003 1.050000000e+000 1.050000000e+000 2.563840054e-002 -2.000000000e-001 -2.000000000e-001 -2.972830217e-002 
d 0.000000000e+000 0.000000000e+000 4.091231447e-003 1.100000000e+000 1.100000000e+000 2.667995342e-002 -2.000000000e-001 -2.000000000e-001 -3.077118487e-002 
d 0.000000000e+000 0.000000000e+000 4.092564736e-003 1.150000000e+000 1.150000000e+000 2.772270058e-002 -2.000000000e-001 -2.000000000e-001 -3.181526531e-002 
d 0.000000000e+000 0.000000000e+000 4.093900801e-003 1.200000000e+000 1.200000000e+000 2.876661745e-002 -2.000000000e-001 -2.000000000e-001 -3.286051825e-002 
d 0.000000000e+000 0.000000000e+000 4.095239115e-003 1.250000000e+000 1.250000000e+000 2.981168053e-002 -2.000000000e-001 -2.000000000e-001 -3.390691964e-002 
d 0.000000000e+000 0.000000000e+000 4.096579385e-003 1.300000000e+000 1.300000000e+000 3.085786774e-002 -2.000000000e-001 -2.000000000e-001 -3.495444712e-002 
d 0.000000000e+000 0.000000000e+000 4.097921627e-003 1.350000000e+000 1.350000000e+000 3.190515882e-002 -2.000000000e-001 -2.000000000e-001 -3.600308045e-002 
d 0.000000000e+000 0.000000000e+000 4.099266201e-003 1.400000000e+000 1.400000000e+000 3.295353567e-002 -2.000000000e-001 -2.000000000e-001 -3.705280187e-002 
d 0.000000000e+000 0.000000000e+000 4.100613826e-003 1.450000000e+000 1.450000000e+000 3.400298263e-002 -2.000000000e-001 -2.000000000e-001 -3.810359646e-002 
d 0.000000000e+000 0.000000000e+000 4.101965528e-003 1.500000000e+000 1.500000000e+000 3.505348686e-002 -2.000000000e-001 -2.000000000e-001 -3.915545239e-002 
d 0.000000000e+000 0.000000000e+000 4.103322535e-003 1.550000000e+000 1.550000000e+000 3.610503852e-002 -2.000000000e-001 -2.000000000e-001 -4.020836105e-002 
d 0.000000000e+000 0.000000000e+000 4.104686083e-003 1.600000000e+000 1.600000000e+000 3.715763074e-002 -2.000000000e-001 -2.000000000e-001 -4.126231683e-002 
d 0.000000000e+000 0.000000000e+000 4.106057173e-003 1.650000000e+000 1.650000000e+000 3.821125929e-002 -2.000000000e-001 -2.000000000e-001 -4.231731647e-002 
d 0.000000000e+000 0.000000000e+000 4.107436275e-003 1.700000000e+000 1.700000000e+000 3.926592177e-002 -2.000000000e-001 -2.000000000e-001 -4.337335805e-002 
d 0.000000000e+000 0.000000000e+000 4.108823032e-003 1.750000000e+000 1.750000000e+000 4.032161655e-002 -2.000000000e-001 -2.000000000e-001 -4.443043958e-002 
d 0.000000000e+000 0.000000000e+000 4.110216000e-003 1.800000000e+000 1.800000000e+000 4.137834166e-002 -2.000000000e-001 -2.000000000e-001 -4.548855767e-002 
d 0.000000000e+000 0.000000000e+000 4.111612486e-003 1.850000000e+000 1.850000000e+000 4.243609392e-002 -2.000000000e-001 -2.000000000e-001 -4.654770641e-002 
d 0.000000000e+000 0.000000000e+000 4.113008513e-003 1.900000000e+000 1.900000000e+000 4.349486858e-002 -2.000000000e-001 -2.000000000e-001 -4.760787709e-002 
d 0.000000000e+000 0.000000000e+000 4.114398958e-003 1.950000000e+000 1.950000000e+000 4.455465956e-002 -2.000000000e-001 -2.000000000e-001 -4.866905852e-002 
d 0.000000000e+000 0.000000000e+000 4.115777839e-003 2.000000000e+000 2.000000000e+000 4.561546030e-002 -2.000000000e-001 -2.000000000e-001 -4.973123813e-002 
d 0.000000000e+000 0.000000000e+000 4.117138725e-003 2.050000000e+000 2.050000000e+000 4.667726475e-002 -2.000000000e-001 -2.000000000e-001 -5.079440348e-002 
d 0.000000000e+000 0.000000000e+000 4.118475196e-003 2.100000000e+000 2.100000000e+000 4.774006854e-002 -2.000000000e-001 -2.000000000e-001 -5.185854374e-002 
d 0.000000000e+000 0.000000000e+000 4.119781267e-003 2.150000000e+000 2.150000000e+000 4.880386967e-002 -2.000000000e-001 -2.000000000e-001 -5.292365094e-002 
d 0.000000000e+000 0.000000000e+000 4.121051726e-003 2.200000000e+000 2.200000000e+000 4.986866894e-002 -2.000000000e-001 -2.000000000e-001 -5.398972066e-002 
d 0.000000000e+000 0.000000000e+000 4.122282346e-003 2.250000000e+000 2.250000000e+000 5.093446988e-002 -2.000000000e-001 -2.000000000e-001 -5.505675223e-002 
d 0.000000000e+000 0.000000000e+000 4.123469956e-003 2.300000000e+000 2.300000000e+000 5.200127848e-002 -2.000000000e-001 -2.000000000e-001 -5.612474843e-002 
d 0.000000000e+000 0.000000000e+000 4.124612420e-003 2.350000000e+000 2.350000000e+000 5.306910266e-002 -2.000000000e-001 -2.000000000e-001 -5.719371508e-002 
d 0.000000000e+000 0.000000000e+000 4.125708527e-003 2.400000000e+000 2.400000000e+000 5.413795182e-002 -2.000000000e-001 -2.000000000e-001 -5.826366035e-002 
d 0.000000000e+000 0.000000000e+000 4.126757851e-003 2.450000000e+000 2.450000000e+000 5.520783637e-002 -2.000000000e-001 -2.000000000e-001 -5.933459422e-002 
d 0.000000000e+000 0.000000000e+000 4.127760599e-003 2.500000000e+000 2.500000000e+000 5.627876739e-002 -2.000000000e-001 -2.000000000e-001 -6.040652799e-002 
d 0.000000000e+000 0.000000000e+000 4.128717461e-003 2.550000000e+000 2.550000000e+000 5.735075644e-002 -2.000000000e-001 -2.000000000e-001 -6.147947390e-002 
d 0.000000000e+000 0.000000000e+000 4.129629484e-003 2.600000000e+000 2.600000000e+000 5.842381539e-002 -2.000000000e-001 -2.000000000e-001 -6.255344487e-002 
d 0.000000000e+000 0.000000000e+000 4.130497964e-003 2.650000000e+000 2.650000000e+000 5.949795646e-002 -2.000000000e-001 -2.000000000e-001 -6.362845442e-002 
d 0.000000000e+000 0.000000000e+000 4.131324364e-003 2.700000000e+000 2.700000000e+000 6.057319230e-002 -2.000000000e-001 -2.000000000e-001 -6.470451666e-002 
d 0.000000000e+000 0.000000000e+000 4.132110255e-003 2.750000000e+000 2.750000000e+000 6.164953617e-002 -2.000000000e-001 -2.000000000e-001 -6.578164642e-002 
d 0.000000000e+000 0.000000000e+000 4.132857264e-003 2.800000000e+000 2.800000000e+000 6.272700226e-002 -2.000000000e-001 -2.000000000e-001 -6.685985953e-002 
d 0.000000000e+000 0.000000000e+000 4.133567053e-003 2.850000000e+000 2.850000000e+000 6.380560613e-002 -2.000000000e-001 -2.000000000e-001 -6.793917318e-002 
d 0.000000000e+000 0.000000000e+000 4.134241289e-003 2.900000000e+000 2.900000000e+000 6.488536519e-002 -2.000000000e-001 -2.000000000e-001 -6.901960648e-002 
d 0.000000000e+000 0.000000000e+000 4.134881629e-003 2.950000000e+000 2.950000000e+000 6.596629926e-002 -2.000000000e-001 -2.000000000e-001 -7.010118089e-002 
d 0.000000000e+000 0.000000000e+000 4.135489707e-003 3.000000000e+000 3.000000000e+000 6.704843093e-002 -2.000000000e-001 -2.000000000e-001 -7.118392064e-002 
