v ATLAS
# This file was created by ATLAS version 5.26.1.R on Sun Jun 14 07:57:49 2020.
#SSF 2.0 generic
##############################################################################
#                    Copyright (c) 1984 - 2018                               #
#                    Silvaco Inc. All rights reserved                        #
#                                                                            #
# This file format and the following Key are copyright Silvaco Inc.          #
# You may not use, this format or key without reproducing this message in    #
# full and obtaining express written permission from Silvaco Inc.            #
#                                                                            #
# To obtain such permission please contact: Silvaco Inc.                     #
#                                           support@silvaco.com              #
#                                                                            #
# KEY=SVC86hn7562asdx                       PROD=345                         #
##############################################################################
o 1 Net gain, mode 1
o 2 Photon lifetime (s)
p 8 2211 87 2001 2201 3000 2214 3001 2212
d 1.409160e+000 8.798521e-001  2.655347e+002 0.000000e+000 -5.268026e+000 1.152879e+013 2.260475e-011 2.655347e+002 
d 1.410028e+000 8.793103e-001  2.655347e+002 0.000000e+000 -5.268026e+000 1.152879e+013 2.260475e-011 2.655347e+002 
d 1.410896e+000 8.787692e-001  2.655347e+002 0.000000e+000 -5.268026e+000 1.152879e+013 2.260475e-011 2.655347e+002 
d 1.411764e+000 8.782288e-001  2.655347e+002 0.000000e+000 -5.268026e+000 1.152879e+013 2.260475e-011 2.655347e+002 
d 1.412633e+000 8.776890e-001  2.655347e+002 0.000000e+000 -5.268026e+000 1.152879e+013 2.260475e-011 2.655347e+002 
d 1.413501e+000 8.771498e-001  2.655347e+002 0.000000e+000 -5.268026e+000 1.152879e+013 2.260475e-011 2.655347e+002 
d 1.414369e+000 8.766114e-001  2.655347e+002 0.000000e+000 -5.268026e+000 1.152879e+013 2.260475e-011 2.655347e+002 
d 1.415237e+000 8.760736e-001  2.655347e+002 0.000000e+000 -5.268026e+000 1.152879e+013 2.260475e-011 2.655347e+002 
d 1.416106e+000 8.755365e-001  2.655347e+002 0.000000e+000 -5.268026e+000 1.152879e+013 2.260475e-011 2.655347e+002 
d 1.416974e+000 8.750000e-001  2.655347e+002 0.000000e+000 -5.268026e+000 1.152879e+013 2.260475e-011 2.655347e+002 
d 1.417842e+000 8.744641e-001  2.655347e+002 0.000000e+000 -5.268026e+000 1.152879e+013 2.260475e-011 2.655347e+002 
d 1.418710e+000 8.739290e-001  2.655347e+002 0.000000e+000 -5.268026e+000 1.152879e+013 2.260475e-011 2.655347e+002 
d 1.419579e+000 8.733945e-001  2.655347e+002 0.000000e+000 -5.268026e+000 1.152879e+013 2.260475e-011 2.655347e+002 
d 1.420447e+000 8.728606e-001  2.655347e+002 0.000000e+000 -5.268026e+000 1.152879e+013 2.260475e-011 2.655347e+002 
d 1.421315e+000 8.723274e-001  2.655347e+002 0.000000e+000 -5.268026e+000 1.152879e+013 2.260475e-011 2.655347e+002 
d 1.422183e+000 8.717948e-001  2.655347e+002 0.000000e+000 -5.268026e+000 1.152879e+013 2.260475e-011 2.655347e+002 
d 1.423052e+000 8.712629e-001  2.683837e+002 3.875970e+000 -1.392056e+000 2.286723e+012 2.260475e-011 2.683837e+002 
d 1.423920e+000 8.707317e-001  1.563555e+004 5.481656e+000 2.136299e-001 3.617413e+012 2.260475e-011 1.563555e+004 
d 1.424788e+000 8.702011e-001  1.073268e+007 6.065916e+000 7.978901e-001 4.560701e+012 2.260475e-011 1.073268e+007 
d 1.425656e+000 8.696711e-001  7.122450e+007 6.066007e+000 7.979811e-001 5.326364e+012 2.260475e-011 7.122450e+007 
d 1.426525e+000 8.691418e-001  5.544447e+007 5.633608e+000 3.655823e-001 5.982829e+012 2.260475e-011 5.544447e+007 
d 1.427393e+000 8.686131e-001  2.758052e+007 4.844216e+000 -4.238100e-001 6.562800e+012 2.260475e-011 2.758052e+007 
d 1.428261e+000 8.680851e-001  1.653691e+007 3.742015e+000 -1.526010e+000 7.084952e+012 2.260475e-011 1.653691e+007 
d 1.429129e+000 8.675577e-001  9.108902e+006 2.355348e+000 -2.912678e+000 7.561149e+012 2.260475e-011 9.108902e+006 
d 1.429998e+000 8.670309e-001  4.725748e+006 7.034516e-001 -4.564574e+000 7.999481e+012 2.260475e-011 4.725748e+006 
d 1.430866e+000 8.665048e-001  2.354814e+006 -1.200144e+000 -6.468170e+000 8.405764e+012 2.260475e-011 2.354814e+006 
d 1.431734e+000 8.659794e-001  1.144219e+006 -3.345719e+000 -8.613745e+000 8.784340e+012 2.260475e-011 1.144219e+006 
d 1.432602e+000 8.654545e-001  5.484871e+005 -5.726221e+000 -1.099425e+001 9.138552e+012 2.260475e-011 5.484871e+005 
d 1.433471e+000 8.649303e-001  2.616544e+005 -8.336544e+000 -1.360457e+001 9.471039e+012 2.260475e-011 2.616544e+005 
d 1.434339e+000 8.644068e-001  1.250318e+005 -1.117304e+001 -1.644106e+001 9.783925e+012 2.260475e-011 1.250318e+005 
d 1.435207e+000 8.638838e-001  6.013445e+004 -1.423316e+001 -1.950119e+001 1.007895e+013 2.260475e-011 6.013445e+004 
d 1.436075e+000 8.633615e-001  2.921189e+004 -1.751527e+001 -2.278330e+001 1.035756e+013 2.260475e-011 2.921189e+004 
d 1.436943e+000 8.628399e-001  1.437014e+004 -2.101841e+001 -2.628643e+001 1.062097e+013 2.260475e-011 1.437014e+004 
d 1.437812e+000 8.623188e-001  7.173247e+003 -2.474218e+001 -3.001021e+001 1.087021e+013 2.260475e-011 7.173247e+003 
d 1.438680e+000 8.617984e-001  3.640141e+003 -2.868666e+001 -3.395468e+001 1.110616e+013 2.260475e-011 3.640141e+003 
d 1.439548e+000 8.612786e-001  1.881613e+003 -3.285229e+001 -3.812031e+001 1.132960e+013 2.260475e-011 1.881613e+003 
d 1.440416e+000 8.607595e-001  9.932870e+002 -3.723983e+001 -4.250785e+001 1.154119e+013 2.260475e-011 9.932870e+002 
d 1.441285e+000 8.602409e-001  5.374838e+002 -4.185029e+001 -4.711832e+001 1.174151e+013 2.260475e-011 5.374838e+002 
d 1.442153e+000 8.597230e-001  5.369798e+001 -4.668492e+001 -5.195294e+001 1.193107e+013 2.260475e-011 5.369798e+001 
d 1.443021e+000 8.592057e-001  3.236978e+001 -5.174510e+001 -5.701312e+001 1.211035e+013 2.260475e-011 3.236978e+001 
d 1.443889e+000 8.586891e-001  2.609983e+001 -5.703238e+001 -6.230041e+001 1.227974e+013 2.260475e-011 2.609983e+001 
d 1.444758e+000 8.581730e-001  2.296911e+001 -6.254843e+001 -6.781646e+001 1.243961e+013 2.260475e-011 2.296911e+001 
d 1.445626e+000 8.576576e-001  2.052527e+001 -6.829499e+001 -7.356301e+001 1.259029e+013 2.260475e-011 2.052527e+001 
d 1.446494e+000 8.571428e-001  1.909035e+001 -7.427387e+001 -7.954189e+001 1.273208e+013 2.260475e-011 1.909035e+001 
d 1.447362e+000 8.566286e-001  1.788135e+001 -8.048692e+001 -8.575495e+001 1.286525e+013 2.260475e-011 1.788135e+001 
d 1.448231e+000 8.561151e-001  1.678721e+001 -8.693604e+001 -9.220407e+001 1.299004e+013 2.260475e-011 1.678721e+001 
d 1.449099e+000 8.556021e-001  1.579154e+001 -9.362312e+001 -9.889114e+001 1.310669e+013 2.260475e-011 1.579154e+001 
d 1.449967e+000 8.550898e-001  1.487938e+001 -1.005500e+002 -1.058181e+002 1.321539e+013 2.260475e-011 1.487938e+001 
d 1.450835e+000 8.545781e-001  1.404116e+001 -1.077187e+002 -1.129867e+002 1.331635e+013 2.260475e-011 1.404116e+001 
d 1.451704e+000 8.540670e-001  1.326863e+001 -1.151309e+002 -1.203989e+002 1.340973e+013 2.260475e-011 1.326863e+001 
d 1.452572e+000 8.535565e-001  1.255475e+001 -1.227884e+002 -1.280564e+002 1.349571e+013 2.260475e-011 1.255475e+001 
d 1.453440e+000 8.530466e-001  1.189346e+001 -1.306929e+002 -1.359609e+002 1.357445e+013 2.260475e-011 1.189346e+001 
d 1.454308e+000 8.525373e-001  1.127949e+001 -1.388461e+002 -1.441142e+002 1.364607e+013 2.260475e-011 1.127949e+001 
d 1.455177e+000 8.520286e-001  1.070826e+001 -1.472496e+002 -1.525177e+002 1.371074e+013 2.260475e-011 1.070826e+001 
d 1.456045e+000 8.515205e-001  1.017573e+001 -1.559048e+002 -1.611729e+002 1.376856e+013 2.260475e-011 1.017573e+001 
d 1.456913e+000 8.510131e-001  9.678370e+000 -1.648131e+002 -1.700811e+002 1.381968e+013 2.260475e-011 9.678370e+000 
d 1.457781e+000 8.505062e-001  9.213059e+000 -1.739756e+002 -1.792437e+002 1.386420e+013 2.260475e-011 9.213059e+000 
d 1.458650e+000 8.500000e-001  8.777027e+000 -1.833936e+002 -1.886616e+002 1.390225e+013 2.260475e-011 8.777027e+000 
d 1.459518e+000 8.494943e-001  8.367813e+000 -1.930678e+002 -1.983359e+002 1.393393e+013 2.260475e-011 8.367813e+000 
d 1.460386e+000 8.489893e-001  7.983220e+000 -2.029993e+002 -2.082673e+002 1.395935e+013 2.260475e-011 7.983220e+000 
d 1.461254e+000 8.484848e-001  7.621282e+000 -2.131885e+002 -2.184565e+002 1.397862e+013 2.260475e-011 7.621282e+000 
d 1.462123e+000 8.479810e-001  7.280234e+000 -2.236360e+002 -2.289040e+002 1.399184e+013 2.260475e-011 7.280234e+000 
d 1.462991e+000 8.474777e-001  6.958488e+000 -2.343420e+002 -2.396100e+002 1.399910e+013 2.260475e-011 6.958488e+000 
d 1.463859e+000 8.469751e-001  6.654609e+000 -2.453067e+002 -2.505748e+002 1.400052e+013 2.260475e-011 6.654609e+000 
d 1.464727e+000 8.464730e-001  6.367300e+000 -2.565300e+002 -2.617980e+002 1.399619e+013 2.260475e-011 6.367300e+000 
d 1.465596e+000 8.459715e-001  6.095384e+000 -2.680116e+002 -2.732796e+002 1.398621e+013 2.260475e-011 6.095384e+000 
d 1.466464e+000 8.454707e-001  5.837792e+000 -2.797510e+002 -2.850190e+002 1.397067e+013 2.260475e-011 5.837792e+000 
d 1.467332e+000 8.449704e-001  5.593547e+000 -2.917475e+002 -2.970155e+002 1.394967e+013 2.260475e-011 5.593547e+000 
d 1.468200e+000 8.444707e-001  5.361760e+000 -3.040000e+002 -3.092681e+002 1.392332e+013 2.260475e-011 5.361760e+000 
d 1.469069e+000 8.439716e-001  5.141617e+000 -3.165076e+002 -3.217756e+002 1.389171e+013 2.260475e-011 5.141617e+000 
d 1.469937e+000 8.434731e-001  4.932371e+000 -3.292687e+002 -3.345367e+002 1.385494e+013 2.260475e-011 4.932371e+000 
d 1.470805e+000 8.429752e-001  4.733337e+000 -3.422817e+002 -3.475497e+002 1.381312e+013 2.260475e-011 4.733337e+000 
d 1.471673e+000 8.424778e-001  4.543883e+000 -3.555448e+002 -3.608128e+002 1.376634e+013 2.260475e-011 4.543883e+000 
d 1.472541e+000 8.419811e-001  4.363428e+000 -3.690557e+002 -3.743237e+002 1.371471e+013 2.260475e-011 4.363428e+000 
d 1.473410e+000 8.414849e-001  4.191437e+000 -3.828122e+002 -3.880802e+002 1.365833e+013 2.260475e-011 4.191437e+000 
d 1.474278e+000 8.409894e-001  4.027413e+000 -3.968115e+002 -4.020796e+002 1.359731e+013 2.260475e-011 4.027413e+000 
d 1.475146e+000 8.404944e-001  3.870896e+000 -4.110509e+002 -4.163189e+002 1.353175e+013 2.260475e-011 3.870896e+000 
d 1.476014e+000 8.400000e-001  3.721462e+000 -4.255271e+002 -4.307952e+002 1.346177e+013 2.260475e-011 3.721462e+000 
d 1.476883e+000 8.395061e-001  3.578714e+000 -4.402369e+002 -4.455049e+002 1.338748e+013 2.260475e-011 3.578714e+000 
d 1.477751e+000 8.390129e-001  3.442286e+000 -4.551765e+002 -4.604445e+002 1.330898e+013 2.260475e-011 3.442286e+000 
