v ATLAS
# This file was created by ATLAS version 5.26.1.R on Sun Jun 14 08:00:12 2020.
#SSF 2.0 generic
##############################################################################
#                    Copyright (c) 1984 - 2018                               #
#                    Silvaco Inc. All rights reserved                        #
#                                                                            #
# This file format and the following Key are copyright Silvaco Inc.          #
# You may not use, this format or key without reproducing this message in    #
# full and obtaining express written permission from Silvaco Inc.            #
#                                                                            #
# To obtain such permission please contact: Silvaco Inc.                     #
#                                           support@silvaco.com              #
#                                                                            #
# KEY=SVC86hn7562asdx                       PROD=345                         #
##############################################################################
o 1 Net gain, mode 1
o 2 Photon lifetime (s)
p 8 2211 87 2001 2201 3000 2214 3001 2212
d 1.409160e+000 8.798521e-001  2.878739e+002 0.000000e+000 -5.268026e+000 1.268554e+013 2.260475e-011 2.878739e+002 
d 1.410028e+000 8.793103e-001  2.878739e+002 0.000000e+000 -5.268026e+000 1.268554e+013 2.260475e-011 2.878739e+002 
d 1.410896e+000 8.787692e-001  2.878739e+002 0.000000e+000 -5.268026e+000 1.268554e+013 2.260475e-011 2.878739e+002 
d 1.411764e+000 8.782288e-001  2.878739e+002 0.000000e+000 -5.268026e+000 1.268554e+013 2.260475e-011 2.878739e+002 
d 1.412633e+000 8.776890e-001  2.878739e+002 0.000000e+000 -5.268026e+000 1.268554e+013 2.260475e-011 2.878739e+002 
d 1.413501e+000 8.771498e-001  2.878739e+002 0.000000e+000 -5.268026e+000 1.268554e+013 2.260475e-011 2.878739e+002 
d 1.414369e+000 8.766114e-001  2.878739e+002 0.000000e+000 -5.268026e+000 1.268554e+013 2.260475e-011 2.878739e+002 
d 1.415237e+000 8.760736e-001  2.878739e+002 0.000000e+000 -5.268026e+000 1.268554e+013 2.260475e-011 2.878739e+002 
d 1.416106e+000 8.755365e-001  2.878739e+002 0.000000e+000 -5.268026e+000 1.268554e+013 2.260475e-011 2.878739e+002 
d 1.416974e+000 8.750000e-001  2.878739e+002 0.000000e+000 -5.268026e+000 1.268554e+013 2.260475e-011 2.878739e+002 
d 1.417842e+000 8.744641e-001  2.878739e+002 0.000000e+000 -5.268026e+000 1.268554e+013 2.260475e-011 2.878739e+002 
d 1.418710e+000 8.739290e-001  2.878739e+002 0.000000e+000 -5.268026e+000 1.268554e+013 2.260475e-011 2.878739e+002 
d 1.419579e+000 8.733945e-001  2.878739e+002 0.000000e+000 -5.268026e+000 1.268554e+013 2.260475e-011 2.878739e+002 
d 1.420447e+000 8.728606e-001  2.878739e+002 0.000000e+000 -5.268026e+000 1.268554e+013 2.260475e-011 2.878739e+002 
d 1.421315e+000 8.723274e-001  2.878739e+002 0.000000e+000 -5.268026e+000 1.268554e+013 2.260475e-011 2.878739e+002 
d 1.422183e+000 8.717948e-001  2.878739e+002 0.000000e+000 -5.268026e+000 1.268554e+013 2.260475e-011 2.878739e+002 
d 1.423052e+000 8.712629e-001  2.112807e+002 3.667389e+000 -1.600636e+000 2.397369e+012 2.260475e-011 2.112807e+002 
d 1.423920e+000 8.707317e-001  6.696230e+004 5.149049e+000 -1.189768e-001 3.793479e+012 2.260475e-011 6.696230e+004 
d 1.424788e+000 8.702011e-001  2.862206e+008 5.643086e+000 3.750599e-001 4.784076e+012 2.260475e-011 2.862206e+008 
d 1.425656e+000 8.696711e-001  2.498633e+009 5.567926e+000 2.999002e-001 5.588927e+012 2.260475e-011 2.498633e+009 
d 1.426525e+000 8.691418e-001  7.788117e+008 5.069130e+000 -1.988953e-001 6.279703e+012 2.260475e-011 7.788117e+008 
d 1.427393e+000 8.686131e-001  6.144281e+007 4.219273e+000 -1.048753e+000 6.890648e+012 2.260475e-011 6.144281e+007 
d 1.428261e+000 8.680851e-001  2.815719e+006 3.060867e+000 -2.207159e+000 7.441315e+012 2.260475e-011 2.815719e+006 
d 1.429129e+000 8.675577e-001  6.837045e+004 1.621185e+000 -3.646841e+000 7.944118e+012 2.260475e-011 6.837045e+004 
d 1.429998e+000 8.670309e-001  1.321810e+003 -8.127084e-002 -5.349297e+000 8.407529e+012 2.260475e-011 1.321810e+003 
d 1.430866e+000 8.665048e-001  1.647235e+002 -2.033504e+000 -7.301530e+000 8.837630e+012 2.260475e-011 1.647235e+002 
d 1.431734e+000 8.659794e-001  1.209197e+002 -4.226201e+000 -9.494227e+000 9.238965e+012 2.260475e-011 1.209197e+002 
d 1.432602e+000 8.654545e-001  9.891741e+001 -6.652631e+000 -1.192066e+001 9.615031e+012 2.260475e-011 9.891741e+001 
d 1.433471e+000 8.649303e-001  8.320615e+001 -9.307942e+000 -1.457597e+001 9.968587e+012 2.260475e-011 8.320615e+001 
d 1.434339e+000 8.644068e-001  7.140573e+001 -1.218870e+001 -1.745672e+001 1.030185e+013 2.260475e-011 7.140573e+001 
d 1.435207e+000 8.638838e-001  6.223818e+001 -1.529255e+001 -2.056057e+001 1.061665e+013 2.260475e-011 6.223818e+001 
d 1.436075e+000 8.633615e-001  5.492402e+001 -1.861799e+001 -2.388601e+001 1.091449e+013 2.260475e-011 5.492402e+001 
d 1.436943e+000 8.628399e-001  4.896134e+001 -2.216421e+001 -2.743223e+001 1.119663e+013 2.260475e-011 4.896134e+001 
d 1.437812e+000 8.623188e-001  4.401310e+001 -2.593093e+001 -3.119895e+001 1.146417e+013 2.260475e-011 4.401310e+001 
d 1.438680e+000 8.617984e-001  3.983558e+001 -2.991833e+001 -3.518636e+001 1.171801e+013 2.260475e-011 3.983558e+001 
d 1.439548e+000 8.612786e-001  3.628253e+001 -3.412696e+001 -3.939499e+001 1.195895e+013 2.260475e-011 3.628253e+001 
d 1.440416e+000 8.607595e-001  3.321787e+001 -3.855767e+001 -4.382569e+001 1.218771e+013 2.260475e-011 3.321787e+001 
d 1.441285e+000 8.602409e-001  3.054945e+001 -4.321155e+001 -4.847957e+001 1.240487e+013 2.260475e-011 3.054945e+001 
d 1.442153e+000 8.597230e-001  2.820684e+001 -4.808991e+001 -5.335793e+001 1.261097e+013 2.260475e-011 2.820684e+001 
d 1.443021e+000 8.592057e-001  2.613527e+001 -5.319422e+001 -5.846224e+001 1.280651e+013 2.260475e-011 2.613527e+001 
d 1.443889e+000 8.586891e-001  2.429154e+001 -5.852610e+001 -6.379412e+001 1.299188e+013 2.260475e-011 2.429154e+001 
d 1.444758e+000 8.581730e-001  2.264112e+001 -6.408726e+001 -6.935529e+001 1.316748e+013 2.260475e-011 2.264112e+001 
d 1.445626e+000 8.576576e-001  2.115607e+001 -6.987952e+001 -7.514754e+001 1.333365e+013 2.260475e-011 2.115607e+001 
d 1.446494e+000 8.571428e-001  1.981355e+001 -7.590473e+001 -8.117275e+001 1.349068e+013 2.260475e-011 1.981355e+001 
d 1.447362e+000 8.566286e-001  1.859472e+001 -8.216481e+001 -8.743284e+001 1.363886e+013 2.260475e-011 1.859472e+001 
d 1.448231e+000 8.561151e-001  1.748391e+001 -8.866170e+001 -9.392972e+001 1.377845e+013 2.260475e-011 1.748391e+001 
d 1.449099e+000 8.556021e-001  1.646794e+001 -9.539733e+001 -1.006654e+002 1.390966e+013 2.260475e-011 1.646794e+001 
d 1.449967e+000 8.550898e-001  1.553571e+001 -1.023736e+002 -1.076417e+002 1.403272e+013 2.260475e-011 1.553571e+001 
d 1.450835e+000 8.545781e-001  1.467774e+001 -1.095925e+002 -1.148605e+002 1.414782e+013 2.260475e-011 1.467774e+001 
d 1.451704e+000 8.540670e-001  1.388593e+001 -1.170559e+002 -1.223239e+002 1.425513e+013 2.260475e-011 1.388593e+001 
d 1.452572e+000 8.535565e-001  1.315332e+001 -1.247655e+002 -1.300335e+002 1.435482e+013 2.260475e-011 1.315332e+001 
d 1.453440e+000 8.530466e-001  1.247387e+001 -1.327231e+002 -1.379911e+002 1.444705e+013 2.260475e-011 1.247387e+001 
d 1.454308e+000 8.525373e-001  1.184234e+001 -1.409304e+002 -1.461984e+002 1.453197e+013 2.260475e-011 1.184234e+001 
d 1.455177e+000 8.520286e-001  1.125412e+001 -1.493890e+002 -1.546570e+002 1.460970e+013 2.260475e-011 1.125412e+001 
d 1.456045e+000 8.515205e-001  1.070521e+001 -1.581003e+002 -1.633684e+002 1.468038e+013 2.260475e-011 1.070521e+001 
d 1.456913e+000 8.510131e-001  1.019206e+001 -1.670658e+002 -1.723339e+002 1.474412e+013 2.260475e-011 1.019206e+001 
d 1.457781e+000 8.505062e-001  9.711518e+000 -1.762867e+002 -1.815547e+002 1.480104e+013 2.260475e-011 9.711518e+000 
d 1.458650e+000 8.500000e-001  9.260815e+000 -1.857640e+002 -1.910321e+002 1.485126e+013 2.260475e-011 9.260815e+000 
d 1.459518e+000 8.494943e-001  8.837466e+000 -1.954988e+002 -2.007668e+002 1.489488e+013 2.260475e-011 8.837466e+000 
d 1.460386e+000 8.489893e-001  8.439257e+000 -2.054919e+002 -2.107599e+002 1.493199e+013 2.260475e-011 8.439257e+000 
d 1.461254e+000 8.484848e-001  8.064201e+000 -2.157438e+002 -2.210118e+002 1.496270e+013 2.260475e-011 8.064201e+000 
d 1.462123e+000 8.479810e-001  7.710514e+000 -2.262552e+002 -2.315232e+002 1.498711e+013 2.260475e-011 7.710514e+000 
d 1.462991e+000 8.474777e-001  7.376587e+000 -2.370262e+002 -2.422942e+002 1.500531e+013 2.260475e-011 7.376587e+000 
d 1.463859e+000 8.469751e-001  7.060967e+000 -2.480569e+002 -2.533249e+002 1.501740e+013 2.260475e-011 7.060967e+000 
d 1.464727e+000 8.464730e-001  6.762337e+000 -2.593473e+002 -2.646154e+002 1.502345e+013 2.260475e-011 6.762337e+000 
d 1.465596e+000 8.459715e-001  6.479501e+000 -2.708971e+002 -2.761651e+002 1.502358e+013 2.260475e-011 6.479501e+000 
d 1.466464e+000 8.454707e-001  6.211372e+000 -2.827057e+002 -2.879737e+002 1.501786e+013 2.260475e-011 6.211372e+000 
d 1.467332e+000 8.449704e-001  5.956958e+000 -2.947724e+002 -3.000404e+002 1.500638e+013 2.260475e-011 5.956958e+000 
d 1.468200e+000 8.444707e-001  5.715350e+000 -3.070962e+002 -3.123642e+002 1.498925e+013 2.260475e-011 5.715350e+000 
d 1.469069e+000 8.439716e-001  5.485720e+000 -3.196758e+002 -3.249439e+002 1.496654e+013 2.260475e-011 5.485720e+000 
d 1.469937e+000 8.434731e-001  5.267306e+000 -3.325100e+002 -3.377780e+002 1.493835e+013 2.260475e-011 5.267306e+000 
d 1.470805e+000 8.429752e-001  5.059408e+000 -3.455969e+002 -3.508649e+002 1.490478e+013 2.260475e-011 5.059408e+000 
d 1.471673e+000 8.424778e-001  4.861380e+000 -3.589346e+002 -3.642026e+002 1.486591e+013 2.260475e-011 4.861380e+000 
d 1.472541e+000 8.419811e-001  4.672630e+000 -3.725209e+002 -3.777889e+002 1.482185e+013 2.260475e-011 4.672630e+000 
d 1.473410e+000 8.414849e-001  4.492607e+000 -3.863535e+002 -3.916215e+002 1.477268e+013 2.260475e-011 4.492607e+000 
d 1.474278e+000 8.409894e-001  4.320805e+000 -4.004295e+002 -4.056976e+002 1.471851e+013 2.260475e-011 4.320805e+000 
d 1.475146e+000 8.404944e-001  4.156753e+000 -4.147461e+002 -4.200142e+002 1.465943e+013 2.260475e-011 4.156753e+000 
d 1.476014e+000 8.400000e-001  4.000014e+000 -4.293001e+002 -4.345682e+002 1.459555e+013 2.260475e-011 4.000014e+000 
d 1.476883e+000 8.395061e-001  3.850184e+000 -4.440880e+002 -4.493560e+002 1.452698e+013 2.260475e-011 3.850184e+000 
d 1.477751e+000 8.390129e-001  3.706885e+000 -4.591061e+002 -4.643741e+002 1.445380e+013 2.260475e-011 3.706885e+000 
