v ATLAS
# This file was created by ATLAS version 5.26.1.R on Sun Jun 14 07:57:11 2020.
#SSF 2.0 generic
##############################################################################
#                    Copyright (c) 1984 - 2018                               #
#                    Silvaco Inc. All rights reserved                        #
#                                                                            #
# This file format and the following Key are copyright Silvaco Inc.          #
# You may not use, this format or key without reproducing this message in    #
# full and obtaining express written permission from Silvaco Inc.            #
#                                                                            #
# To obtain such permission please contact: Silvaco Inc.                     #
#                                           support@silvaco.com              #
#                                                                            #
# KEY=SVC86hn7562asdx                       PROD=345                         #
##############################################################################
o 1 Net gain, mode 1
o 2 Photon lifetime (s)
p 8 2211 87 2001 2201 3000 2214 3001 2212
d 1.409160e+000 8.798521e-001  1.870797e+002 0.000000e+000 -5.268026e+000 8.595534e+012 2.260475e-011 1.870797e+002 
d 1.410028e+000 8.793103e-001  1.870797e+002 0.000000e+000 -5.268026e+000 8.595534e+012 2.260475e-011 1.870797e+002 
d 1.410896e+000 8.787692e-001  1.870797e+002 0.000000e+000 -5.268026e+000 8.595534e+012 2.260475e-011 1.870797e+002 
d 1.411764e+000 8.782288e-001  1.870797e+002 0.000000e+000 -5.268026e+000 8.595534e+012 2.260475e-011 1.870797e+002 
d 1.412633e+000 8.776890e-001  1.870797e+002 0.000000e+000 -5.268026e+000 8.595534e+012 2.260475e-011 1.870797e+002 
d 1.413501e+000 8.771498e-001  1.870797e+002 0.000000e+000 -5.268026e+000 8.595534e+012 2.260475e-011 1.870797e+002 
d 1.414369e+000 8.766114e-001  1.870797e+002 0.000000e+000 -5.268026e+000 8.595534e+012 2.260475e-011 1.870797e+002 
d 1.415237e+000 8.760736e-001  1.870797e+002 0.000000e+000 -5.268026e+000 8.595534e+012 2.260475e-011 1.870797e+002 
d 1.416106e+000 8.755365e-001  1.870797e+002 0.000000e+000 -5.268026e+000 8.595534e+012 2.260475e-011 1.870797e+002 
d 1.416974e+000 8.750000e-001  1.870797e+002 0.000000e+000 -5.268026e+000 8.595534e+012 2.260475e-011 1.870797e+002 
d 1.417842e+000 8.744641e-001  1.870797e+002 0.000000e+000 -5.268026e+000 8.595534e+012 2.260475e-011 1.870797e+002 
d 1.418710e+000 8.739290e-001  1.870797e+002 0.000000e+000 -5.268026e+000 8.595534e+012 2.260475e-011 1.870797e+002 
d 1.419579e+000 8.733945e-001  1.870797e+002 0.000000e+000 -5.268026e+000 8.595534e+012 2.260475e-011 1.870797e+002 
d 1.420447e+000 8.728606e-001  1.870797e+002 0.000000e+000 -5.268026e+000 8.595534e+012 2.260475e-011 1.870797e+002 
d 1.421315e+000 8.723274e-001  1.870797e+002 0.000000e+000 -5.268026e+000 8.595534e+012 2.260475e-011 1.870797e+002 
d 1.422183e+000 8.717948e-001  1.870797e+002 0.000000e+000 -5.268026e+000 8.595534e+012 2.260475e-011 1.870797e+002 
d 1.423052e+000 8.712629e-001  3.471419e+001 -1.153749e+000 -6.421775e+000 1.931898e+012 2.260475e-011 3.471419e+001 
d 1.423920e+000 8.707317e-001  4.527673e+001 -2.628916e+000 -7.896942e+000 3.053207e+012 2.260475e-011 4.527673e+001 
d 1.424788e+000 8.702011e-001  4.718469e+001 -4.358724e+000 -9.626750e+000 3.845634e+012 2.260475e-011 4.718469e+001 
d 1.425656e+000 8.696711e-001  4.582854e+001 -6.347303e+000 -1.161533e+001 4.486794e+012 2.260475e-011 4.582854e+001 
d 1.426525e+000 8.691418e-001  4.320997e+001 -8.584428e+000 -1.385245e+001 5.034677e+012 2.260475e-011 4.320997e+001 
d 1.427393e+000 8.686131e-001  4.020539e+001 -1.106121e+001 -1.632923e+001 5.517021e+012 2.260475e-011 4.020539e+001 
d 1.428261e+000 8.680851e-001  3.720231e+001 -1.377098e+001 -1.903901e+001 5.949678e+012 2.260475e-011 3.720231e+001 
d 1.429129e+000 8.675577e-001  3.436391e+001 -1.670895e+001 -2.197698e+001 6.342723e+012 2.260475e-011 3.436391e+001 
d 1.429998e+000 8.670309e-001  3.174942e+001 -1.987175e+001 -2.513977e+001 6.703037e+012 2.260475e-011 3.174942e+001 
d 1.430866e+000 8.665048e-001  2.937038e+001 -2.325712e+001 -2.852514e+001 7.035567e+012 2.260475e-011 2.937038e+001 
d 1.431734e+000 8.659794e-001  2.721720e+001 -2.686366e+001 -3.213168e+001 7.344010e+012 2.260475e-011 2.721720e+001 
d 1.432602e+000 8.654545e-001  2.527180e+001 -3.069063e+001 -3.595866e+001 7.631218e+012 2.260475e-011 2.527180e+001 
d 1.433471e+000 8.649303e-001  2.351362e+001 -3.473785e+001 -4.000588e+001 7.899442e+012 2.260475e-011 2.351362e+001 
d 1.434339e+000 8.644068e-001  2.192234e+001 -3.900554e+001 -4.427357e+001 8.150498e+012 2.260475e-011 2.192234e+001 
d 1.435207e+000 8.638838e-001  2.047913e+001 -4.349429e+001 -4.876231e+001 8.385876e+012 2.260475e-011 2.047913e+001 
d 1.436075e+000 8.633615e-001  1.916706e+001 -4.820495e+001 -5.347297e+001 8.606814e+012 2.260475e-011 1.916706e+001 
d 1.436943e+000 8.628399e-001  1.797115e+001 -5.313861e+001 -5.840664e+001 8.814357e+012 2.260475e-011 1.797115e+001 
d 1.437812e+000 8.623188e-001  1.687827e+001 -5.829654e+001 -6.356457e+001 9.009393e+012 2.260475e-011 1.687827e+001 
d 1.438680e+000 8.617984e-001  1.587695e+001 -6.368016e+001 -6.894818e+001 9.192687e+012 2.260475e-011 1.587695e+001 
d 1.439548e+000 8.612786e-001  1.495721e+001 -6.929098e+001 -7.455901e+001 9.364904e+012 2.260475e-011 1.495721e+001 
d 1.440416e+000 8.607595e-001  1.411035e+001 -7.513064e+001 -8.039866e+001 9.526624e+012 2.260475e-011 1.411035e+001 
d 1.441285e+000 8.602409e-001  1.332876e+001 -8.120079e+001 -8.646882e+001 9.678357e+012 2.260475e-011 1.332876e+001 
d 1.442153e+000 8.597230e-001  1.260580e+001 -8.750316e+001 -9.277119e+001 9.820558e+012 2.260475e-011 1.260580e+001 
d 1.443021e+000 8.592057e-001  1.193567e+001 -9.403949e+001 -9.930751e+001 9.953631e+012 2.260475e-011 1.193567e+001 
d 1.443889e+000 8.586891e-001  1.131326e+001 -1.008115e+002 -1.060795e+002 1.007794e+013 2.260475e-011 1.131326e+001 
d 1.444758e+000 8.581730e-001  1.073405e+001 -1.078209e+002 -1.130890e+002 1.019381e+013 2.260475e-011 1.073405e+001 
d 1.445626e+000 8.576576e-001  1.019409e+001 -1.150695e+002 -1.203375e+002 1.030154e+013 2.260475e-011 1.019409e+001 
d 1.446494e+000 8.571428e-001  9.689858e+000 -1.225588e+002 -1.278268e+002 1.040140e+013 2.260475e-011 9.689858e+000 
d 1.447362e+000 8.566286e-001  9.218223e+000 -1.302904e+002 -1.355585e+002 1.049364e+013 2.260475e-011 9.218223e+000 
d 1.448231e+000 8.561151e-001  8.776406e+000 -1.382660e+002 -1.435340e+002 1.057850e+013 2.260475e-011 8.776406e+000 
d 1.449099e+000 8.556021e-001  8.361924e+000 -1.464868e+002 -1.517548e+002 1.065617e+013 2.260475e-011 8.361924e+000 
d 1.449967e+000 8.550898e-001  7.972553e+000 -1.549543e+002 -1.602224e+002 1.072687e+013 2.260475e-011 7.972553e+000 
d 1.450835e+000 8.545781e-001  7.606297e+000 -1.636697e+002 -1.689378e+002 1.079077e+013 2.260475e-011 7.606297e+000 
d 1.451704e+000 8.540670e-001  7.261360e+000 -1.726342e+002 -1.779022e+002 1.084805e+013 2.260475e-011 7.261360e+000 
d 1.452572e+000 8.535565e-001  6.936124e+000 -1.818486e+002 -1.871166e+002 1.089888e+013 2.260475e-011 6.936124e+000 
d 1.453440e+000 8.530466e-001  6.629124e+000 -1.913139e+002 -1.965819e+002 1.094340e+013 2.260475e-011 6.629124e+000 
d 1.454308e+000 8.525373e-001  6.339035e+000 -2.010308e+002 -2.062988e+002 1.098177e+013 2.260475e-011 6.339035e+000 
d 1.455177e+000 8.520286e-001  6.064651e+000 -2.109997e+002 -2.162678e+002 1.101413e+013 2.260475e-011 6.064651e+000 
d 1.456045e+000 8.515205e-001  5.804879e+000 -2.212213e+002 -2.264893e+002 1.104062e+013 2.260475e-011 5.804879e+000 
d 1.456913e+000 8.510131e-001  5.558717e+000 -2.316955e+002 -2.369635e+002 1.106136e+013 2.260475e-011 5.558717e+000 
d 1.457781e+000 8.505062e-001  5.325255e+000 -2.424224e+002 -2.476905e+002 1.107649e+013 2.260475e-011 5.325255e+000 
d 1.458650e+000 8.500000e-001  5.103658e+000 -2.534020e+002 -2.586700e+002 1.108613e+013 2.260475e-011 5.103658e+000 
d 1.459518e+000 8.494943e-001  4.893159e+000 -2.646338e+002 -2.699018e+002 1.109041e+013 2.260475e-011 4.893159e+000 
d 1.460386e+000 8.489893e-001  4.693055e+000 -2.761172e+002 -2.813852e+002 1.108944e+013 2.260475e-011 4.693055e+000 
d 1.461254e+000 8.484848e-001  4.502701e+000 -2.878515e+002 -2.931196e+002 1.108333e+013 2.260475e-011 4.502701e+000 
d 1.462123e+000 8.479810e-001  4.321499e+000 -2.998357e+002 -3.051038e+002 1.107221e+013 2.260475e-011 4.321499e+000 
d 1.462991e+000 8.474777e-001  4.148900e+000 -3.120687e+002 -3.173367e+002 1.105620e+013 2.260475e-011 4.148900e+000 
d 1.463859e+000 8.469751e-001  3.984395e+000 -3.245488e+002 -3.298168e+002 1.103539e+013 2.260475e-011 3.984395e+000 
d 1.464727e+000 8.464730e-001  3.827515e+000 -3.372745e+002 -3.425426e+002 1.100991e+013 2.260475e-011 3.827515e+000 
d 1.465596e+000 8.459715e-001  3.677821e+000 -3.502439e+002 -3.555120e+002 1.097987e+013 2.260475e-011 3.677821e+000 
d 1.466464e+000 8.454707e-001  3.534911e+000 -3.634549e+002 -3.687229e+002 1.094539e+013 2.260475e-011 3.534911e+000 
d 1.467332e+000 8.449704e-001  3.398407e+000 -3.769050e+002 -3.821730e+002 1.090656e+013 2.260475e-011 3.398407e+000 
d 1.468200e+000 8.444707e-001  3.267959e+000 -3.905916e+002 -3.958596e+002 1.086351e+013 2.260475e-011 3.267959e+000 
d 1.469069e+000 8.439716e-001  3.143240e+000 -4.045119e+002 -4.097800e+002 1.081635e+013 2.260475e-011 3.143240e+000 
d 1.469937e+000 8.434731e-001  3.023948e+000 -4.186629e+002 -4.239309e+002 1.076519e+013 2.260475e-011 3.023948e+000 
d 1.470805e+000 8.429752e-001  2.909796e+000 -4.330410e+002 -4.383090e+002 1.071015e+013 2.260475e-011 2.909796e+000 
d 1.471673e+000 8.424778e-001  2.800519e+000 -4.476428e+002 -4.529108e+002 1.065133e+013 2.260475e-011 2.800519e+000 
d 1.472541e+000 8.419811e-001  2.695869e+000 -4.624645e+002 -4.677325e+002 1.058885e+013 2.260475e-011 2.695869e+000 
d 1.473410e+000 8.414849e-001  2.595612e+000 -4.775019e+002 -4.827699e+002 1.052283e+013 2.260475e-011 2.595612e+000 
d 1.474278e+000 8.409894e-001  2.499530e+000 -4.927509e+002 -4.980189e+002 1.045338e+013 2.260475e-011 2.499530e+000 
d 1.475146e+000 8.404944e-001  2.407417e+000 -5.082068e+002 -5.134748e+002 1.038061e+013 2.260475e-011 2.407417e+000 
d 1.476014e+000 8.400000e-001  2.319080e+000 -5.238650e+002 -5.291330e+002 1.030465e+013 2.260475e-011 2.319080e+000 
d 1.476883e+000 8.395061e-001  2.234338e+000 -5.397204e+002 -5.449885e+002 1.022560e+013 2.260475e-011 2.234338e+000 
d 1.477751e+000 8.390129e-001  2.153021e+000 -5.557680e+002 -5.610360e+002 1.014358e+013 2.260475e-011 2.153021e+000 
