v ATLAS
# This file was created by ATLAS version 5.26.1.R on Sun Jun 14 08:01:19 2020.
#SSF 2.0 generic
##############################################################################
#                    Copyright (c) 1984 - 2018                               #
#                    Silvaco Inc. All rights reserved                        #
#                                                                            #
# This file format and the following Key are copyright Silvaco Inc.          #
# You may not use, this format or key without reproducing this message in    #
# full and obtaining express written permission from Silvaco Inc.            #
#                                                                            #
# To obtain such permission please contact: Silvaco Inc.                     #
#                                           support@silvaco.com              #
#                                                                            #
# KEY=SVC86hn7562asdx                       PROD=345                         #
##############################################################################
o 1 Net gain, mode 1
o 2 Photon lifetime (s)
p 8 2211 87 2001 2201 3000 2214 3001 2212
d 1.409160e+000 8.798521e-001  2.953901e+002 0.000000e+000 -5.268026e+000 1.303700e+013 2.260475e-011 2.953901e+002 
d 1.410028e+000 8.793103e-001  2.953901e+002 0.000000e+000 -5.268026e+000 1.303700e+013 2.260475e-011 2.953901e+002 
d 1.410896e+000 8.787692e-001  2.953901e+002 0.000000e+000 -5.268026e+000 1.303700e+013 2.260475e-011 2.953901e+002 
d 1.411764e+000 8.782288e-001  2.953901e+002 0.000000e+000 -5.268026e+000 1.303700e+013 2.260475e-011 2.953901e+002 
d 1.412633e+000 8.776890e-001  2.953901e+002 0.000000e+000 -5.268026e+000 1.303700e+013 2.260475e-011 2.953901e+002 
d 1.413501e+000 8.771498e-001  2.953901e+002 0.000000e+000 -5.268026e+000 1.303700e+013 2.260475e-011 2.953901e+002 
d 1.414369e+000 8.766114e-001  2.953901e+002 0.000000e+000 -5.268026e+000 1.303700e+013 2.260475e-011 2.953901e+002 
d 1.415237e+000 8.760736e-001  2.953901e+002 0.000000e+000 -5.268026e+000 1.303700e+013 2.260475e-011 2.953901e+002 
d 1.416106e+000 8.755365e-001  2.953901e+002 0.000000e+000 -5.268026e+000 1.303700e+013 2.260475e-011 2.953901e+002 
d 1.416974e+000 8.750000e-001  2.953901e+002 0.000000e+000 -5.268026e+000 1.303700e+013 2.260475e-011 2.953901e+002 
d 1.417842e+000 8.744641e-001  2.953901e+002 0.000000e+000 -5.268026e+000 1.303700e+013 2.260475e-011 2.953901e+002 
d 1.418710e+000 8.739290e-001  2.953901e+002 0.000000e+000 -5.268026e+000 1.303700e+013 2.260475e-011 2.953901e+002 
d 1.419579e+000 8.733945e-001  2.953901e+002 0.000000e+000 -5.268026e+000 1.303700e+013 2.260475e-011 2.953901e+002 
d 1.420447e+000 8.728606e-001  2.953901e+002 0.000000e+000 -5.268026e+000 1.303700e+013 2.260475e-011 2.953901e+002 
d 1.421315e+000 8.723274e-001  2.953901e+002 0.000000e+000 -5.268026e+000 1.303700e+013 2.260475e-011 2.953901e+002 
d 1.422183e+000 8.717948e-001  2.953901e+002 0.000000e+000 -5.268026e+000 1.303700e+013 2.260475e-011 2.953901e+002 
d 1.423052e+000 8.712629e-001  1.930300e+002 3.630515e+000 -1.637511e+000 2.421936e+012 2.260475e-011 1.930300e+002 
d 1.423920e+000 8.707317e-001  7.137080e+004 5.090862e+000 -1.771637e-001 3.832540e+012 2.260475e-011 7.137080e+004 
d 1.424788e+000 8.702011e-001  6.005979e+008 5.569904e+000 3.018779e-001 4.833634e+012 2.260475e-011 6.005979e+008 
d 1.425656e+000 8.696711e-001  5.020253e+009 5.482657e+000 2.146316e-001 5.647197e+012 2.260475e-011 5.020253e+009 
d 1.426525e+000 8.691418e-001  8.744905e+008 4.973566e+000 -2.944595e-001 6.345613e+012 2.260475e-011 8.744905e+008 
d 1.427393e+000 8.686131e-001  2.525172e+007 4.114667e+000 -1.153359e+000 6.963469e+012 2.260475e-011 2.525172e+007 
d 1.428261e+000 8.680851e-001  3.094581e+005 2.948162e+000 -2.319864e+000 7.520510e+012 2.260475e-011 3.094581e+005 
d 1.429129e+000 8.675577e-001  1.850928e+003 1.501127e+000 -3.766899e+000 8.029275e+012 2.260475e-011 1.850928e+003 
d 1.429998e+000 8.670309e-001  2.006944e+002 -2.080731e-001 -5.476099e+000 8.498318e+012 2.260475e-011 2.006944e+002 
d 1.430866e+000 8.665048e-001  1.491388e+002 -2.166543e+000 -7.434569e+000 8.933781e+012 2.260475e-011 1.491388e+002 
d 1.431734e+000 8.659794e-001  1.188736e+002 -4.365046e+000 -9.633071e+000 9.340253e+012 2.260475e-011 1.188736e+002 
d 1.432602e+000 8.654545e-001  9.801543e+001 -6.796908e+000 -1.206493e+001 9.721266e+012 2.260475e-011 9.801543e+001 
d 1.433471e+000 8.649303e-001  8.282551e+001 -9.457330e+000 -1.472536e+001 1.007961e+013 2.260475e-011 8.282551e+001 
d 1.434339e+000 8.644068e-001  7.130835e+001 -1.234291e+001 -1.761094e+001 1.041751e+013 2.260475e-011 7.130835e+001 
d 1.435207e+000 8.638838e-001  6.229916e+001 -1.545134e+001 -2.071937e+001 1.073683e+013 2.260475e-011 6.229916e+001 
d 1.436075e+000 8.633615e-001  5.507418e+001 -1.878115e+001 -2.404917e+001 1.103908e+013 2.260475e-011 5.507418e+001 
d 1.436943e+000 8.628399e-001  4.916117e+001 -2.233153e+001 -2.759956e+001 1.132554e+013 2.260475e-011 4.916117e+001 
d 1.437812e+000 8.623188e-001  4.421995e+001 -2.610225e+001 -3.137028e+001 1.159729e+013 2.260475e-011 4.421995e+001 
d 1.438680e+000 8.617984e-001  4.006954e+001 -3.009351e+001 -3.536153e+001 1.185528e+013 2.260475e-011 4.006954e+001 
d 1.439548e+000 8.612786e-001  3.652190e+001 -3.430586e+001 -3.957389e+001 1.210031e+013 2.260475e-011 3.652190e+001 
d 1.440416e+000 8.607595e-001  3.345749e+001 -3.874017e+001 -4.400820e+001 1.233308e+013 2.260475e-011 3.345749e+001 
d 1.441285e+000 8.602409e-001  3.078617e+001 -4.339757e+001 -4.866559e+001 1.255421e+013 2.260475e-011 3.078617e+001 
d 1.442153e+000 8.597230e-001  2.843876e+001 -4.827936e+001 -5.354739e+001 1.276423e+013 2.260475e-011 2.843876e+001 
d 1.443021e+000 8.592057e-001  2.636127e+001 -5.338704e+001 -5.865507e+001 1.296362e+013 2.260475e-011 2.636127e+001 
d 1.443889e+000 8.586891e-001  2.451101e+001 -5.872224e+001 -6.399026e+001 1.315282e+013 2.260475e-011 2.451101e+001 
d 1.444758e+000 8.581730e-001  2.285376e+001 -6.428668e+001 -6.955470e+001 1.333220e+013 2.260475e-011 2.285376e+001 
d 1.445626e+000 8.576576e-001  2.136179e+001 -7.008218e+001 -7.535021e+001 1.350212e+013 2.260475e-011 2.136179e+001 
d 1.446494e+000 8.571428e-001  2.001240e+001 -7.611064e+001 -8.137866e+001 1.366286e+013 2.260475e-011 2.001240e+001 
d 1.447362e+000 8.566286e-001  1.878685e+001 -8.237396e+001 -8.764198e+001 1.381473e+013 2.260475e-011 1.878685e+001 
d 1.448231e+000 8.561151e-001  1.766949e+001 -8.887409e+001 -9.414212e+001 1.395797e+013 2.260475e-011 1.766949e+001 
d 1.449099e+000 8.556021e-001  1.664720e+001 -9.561299e+001 -1.008810e+002 1.409281e+013 2.260475e-011 1.664720e+001 
d 1.449967e+000 8.550898e-001  1.570888e+001 -1.025926e+002 -1.078606e+002 1.421947e+013 2.260475e-011 1.570888e+001 
d 1.450835e+000 8.545781e-001  1.484507e+001 -1.098148e+002 -1.150829e+002 1.433814e+013 2.260475e-011 1.484507e+001 
d 1.451704e+000 8.540670e-001  1.404767e+001 -1.172816e+002 -1.225496e+002 1.444900e+013 2.260475e-011 1.404767e+001 
d 1.452572e+000 8.535565e-001  1.330972e+001 -1.249946e+002 -1.302627e+002 1.455222e+013 2.260475e-011 1.330972e+001 
d 1.453440e+000 8.530466e-001  1.262516e+001 -1.329558e+002 -1.382238e+002 1.464796e+013 2.260475e-011 1.262516e+001 
d 1.454308e+000 8.525373e-001  1.198874e+001 -1.411667e+002 -1.464347e+002 1.473636e+013 2.260475e-011 1.198874e+001 
d 1.455177e+000 8.520286e-001  1.139587e+001 -1.496290e+002 -1.548970e+002 1.481755e+013 2.260475e-011 1.139587e+001 
d 1.456045e+000 8.515205e-001  1.084251e+001 -1.583442e+002 -1.636122e+002 1.489167e+013 2.260475e-011 1.084251e+001 
d 1.456913e+000 8.510131e-001  1.032511e+001 -1.673136e+002 -1.725816e+002 1.495883e+013 2.260475e-011 1.032511e+001 
d 1.457781e+000 8.505062e-001  9.840517e+000 -1.765385e+002 -1.818065e+002 1.501915e+013 2.260475e-011 9.840517e+000 
d 1.458650e+000 8.500000e-001  9.385939e+000 -1.860199e+002 -1.912880e+002 1.507275e+013 2.260475e-011 9.385939e+000 
d 1.459518e+000 8.494943e-001  8.958889e+000 -1.957590e+002 -2.010270e+002 1.511971e+013 2.260475e-011 8.958889e+000 
d 1.460386e+000 8.489893e-001  8.557140e+000 -2.057565e+002 -2.110245e+002 1.516016e+013 2.260475e-011 8.557140e+000 
d 1.461254e+000 8.484848e-001  8.178698e+000 -2.160130e+002 -2.212810e+002 1.519418e+013 2.260475e-011 8.178698e+000 
d 1.462123e+000 8.479810e-001  7.821771e+000 -2.265291e+002 -2.317971e+002 1.522186e+013 2.260475e-011 7.821771e+000 
d 1.462991e+000 8.474777e-001  7.484742e+000 -2.373049e+002 -2.425729e+002 1.524332e+013 2.260475e-011 7.484742e+000 
d 1.463859e+000 8.469751e-001  7.166149e+000 -2.483407e+002 -2.536087e+002 1.525863e+013 2.260475e-011 7.166149e+000 
d 1.464727e+000 8.464730e-001  6.864669e+000 -2.596363e+002 -2.649043e+002 1.526788e+013 2.260475e-011 6.864669e+000 
d 1.465596e+000 8.459715e-001  6.579100e+000 -2.711914e+002 -2.764595e+002 1.527117e+013 2.260475e-011 6.579100e+000 
d 1.466464e+000 8.454707e-001  6.308347e+000 -2.830056e+002 -2.882736e+002 1.526858e+013 2.260475e-011 6.308347e+000 
d 1.467332e+000 8.449704e-001  6.051413e+000 -2.950779e+002 -3.003460e+002 1.526021e+013 2.260475e-011 6.051413e+000 
d 1.468200e+000 8.444707e-001  5.807384e+000 -3.074076e+002 -3.126756e+002 1.524614e+013 2.260475e-011 5.807384e+000 
d 1.469069e+000 8.439716e-001  5.575426e+000 -3.199933e+002 -3.252613e+002 1.522646e+013 2.260475e-011 5.575426e+000 
d 1.469937e+000 8.434731e-001  5.354772e+000 -3.328336e+002 -3.381017e+002 1.520127e+013 2.260475e-011 5.354772e+000 
d 1.470805e+000 8.429752e-001  5.144717e+000 -3.459269e+002 -3.511949e+002 1.517064e+013 2.260475e-011 5.144717e+000 
d 1.471673e+000 8.424778e-001  4.944613e+000 -3.592712e+002 -3.645392e+002 1.513468e+013 2.260475e-011 4.944613e+000 
d 1.472541e+000 8.419811e-001  4.753860e+000 -3.728642e+002 -3.781323e+002 1.509348e+013 2.260475e-011 4.753860e+000 
d 1.473410e+000 8.414849e-001  4.571907e+000 -3.867037e+002 -3.919717e+002 1.504713e+013 2.260475e-011 4.571907e+000 
d 1.474278e+000 8.409894e-001  4.398242e+000 -4.007868e+002 -4.060548e+002 1.499572e+013 2.260475e-011 4.398242e+000 
d 1.475146e+000 8.404944e-001  4.232390e+000 -4.151106e+002 -4.203787e+002 1.493936e+013 2.260475e-011 4.232390e+000 
d 1.476014e+000 8.400000e-001  4.073914e+000 -4.296720e+002 -4.349400e+002 1.487814e+013 2.260475e-011 4.073914e+000 
d 1.476883e+000 8.395061e-001  3.922403e+000 -4.444674e+002 -4.497354e+002 1.481216e+013 2.260475e-011 3.922403e+000 
d 1.477751e+000 8.390129e-001  3.777478e+000 -4.594931e+002 -4.647611e+002 1.474153e+013 2.260475e-011 3.777478e+000 
