v ATLAS
# This file was created by ATLAS version 5.26.1.R on Sun Jun 14 07:56:22 2020.
#SSF 2.0 generic
##############################################################################
#                    Copyright (c) 1984 - 2018                               #
#                    Silvaco Inc. All rights reserved                        #
#                                                                            #
# This file format and the following Key are copyright Silvaco Inc.          #
# You may not use, this format or key without reproducing this message in    #
# full and obtaining express written permission from Silvaco Inc.            #
#                                                                            #
# To obtain such permission please contact: Silvaco Inc.                     #
#                                           support@silvaco.com              #
#                                                                            #
# KEY=SVC86hn7562asdx                       PROD=345                         #
##############################################################################
o 1 Net gain, mode 1
o 2 Photon lifetime (s)
p 8 2211 87 2001 2201 3000 2214 3001 2212
d 1.409160e+000 8.798521e-001  2.658098e+001 0.000000e+000 -5.268026e+000 1.216518e+012 2.260475e-011 2.658098e+001 
d 1.410028e+000 8.793103e-001  2.658098e+001 0.000000e+000 -5.268026e+000 1.216518e+012 2.260475e-011 2.658098e+001 
d 1.410896e+000 8.787692e-001  2.658098e+001 0.000000e+000 -5.268026e+000 1.216518e+012 2.260475e-011 2.658098e+001 
d 1.411764e+000 8.782288e-001  2.658098e+001 0.000000e+000 -5.268026e+000 1.216518e+012 2.260475e-011 2.658098e+001 
d 1.412633e+000 8.776890e-001  2.658098e+001 0.000000e+000 -5.268026e+000 1.216518e+012 2.260475e-011 2.658098e+001 
d 1.413501e+000 8.771498e-001  2.658098e+001 0.000000e+000 -5.268026e+000 1.216518e+012 2.260475e-011 2.658098e+001 
d 1.414369e+000 8.766114e-001  2.658098e+001 0.000000e+000 -5.268026e+000 1.216518e+012 2.260475e-011 2.658098e+001 
d 1.415237e+000 8.760736e-001  2.658098e+001 0.000000e+000 -5.268026e+000 1.216518e+012 2.260475e-011 2.658098e+001 
d 1.416106e+000 8.755365e-001  2.658098e+001 0.000000e+000 -5.268026e+000 1.216518e+012 2.260475e-011 2.658098e+001 
d 1.416974e+000 8.750000e-001  2.658098e+001 0.000000e+000 -5.268026e+000 1.216518e+012 2.260475e-011 2.658098e+001 
d 1.417842e+000 8.744641e-001  2.658098e+001 0.000000e+000 -5.268026e+000 1.216518e+012 2.260475e-011 2.658098e+001 
d 1.418710e+000 8.739290e-001  2.658098e+001 0.000000e+000 -5.268026e+000 1.216518e+012 2.260475e-011 2.658098e+001 
d 1.419579e+000 8.733945e-001  2.658098e+001 0.000000e+000 -5.268026e+000 1.216518e+012 2.260475e-011 2.658098e+001 
d 1.420447e+000 8.728606e-001  2.658098e+001 0.000000e+000 -5.268026e+000 1.216518e+012 2.260475e-011 2.658098e+001 
d 1.421315e+000 8.723274e-001  2.658098e+001 0.000000e+000 -5.268026e+000 1.216518e+012 2.260475e-011 2.658098e+001 
d 1.422183e+000 8.717948e-001  2.658098e+001 0.000000e+000 -5.268026e+000 1.216518e+012 2.260475e-011 2.658098e+001 
d 1.423052e+000 8.712629e-001  1.058080e+000 -5.372437e+001 -5.899240e+001 5.241640e+011 2.260475e-011 1.058080e+000 
d 1.423920e+000 8.707317e-001  1.057995e+000 -8.712667e+001 -9.239469e+001 8.208863e+011 2.260475e-011 1.057995e+000 
d 1.424788e+000 8.702011e-001  1.035119e+000 -1.125872e+002 -1.178553e+002 1.024452e+012 2.260475e-011 1.035119e+000 
d 1.425656e+000 8.696711e-001  1.007159e+000 -1.347424e+002 -1.400105e+002 1.184162e+012 2.260475e-011 1.007159e+000 
d 1.426525e+000 8.691418e-001  9.776442e-001 -1.550634e+002 -1.603315e+002 1.316291e+012 2.260475e-011 9.776442e-001 
d 1.427393e+000 8.686131e-001  9.478093e-001 -1.742353e+002 -1.795033e+002 1.428716e+012 2.260475e-011 9.478093e-001 
d 1.428261e+000 8.680851e-001  9.182001e-001 -1.926391e+002 -1.979072e+002 1.525989e+012 2.260475e-011 9.182001e-001 
d 1.429129e+000 8.675577e-001  8.890900e-001 -2.105107e+002 -2.157787e+002 1.611042e+012 2.260475e-011 8.890900e-001 
d 1.429998e+000 8.670309e-001  8.606248e-001 -2.280063e+002 -2.332743e+002 1.685906e+012 2.260475e-011 8.606248e-001 
d 1.430866e+000 8.665048e-001  8.328832e-001 -2.452348e+002 -2.505029e+002 1.752061e+012 2.260475e-011 8.328832e-001 
d 1.431734e+000 8.659794e-001  8.059064e-001 -2.622751e+002 -2.675432e+002 1.810635e+012 2.260475e-011 8.059064e-001 
d 1.432602e+000 8.654545e-001  7.797130e-001 -2.791857e+002 -2.844537e+002 1.862511e+012 2.260475e-011 7.797130e-001 
d 1.433471e+000 8.649303e-001  7.543073e-001 -2.960107e+002 -3.012788e+002 1.908400e+012 2.260475e-011 7.543073e-001 
d 1.434339e+000 8.644068e-001  7.296849e-001 -3.127845e+002 -3.180525e+002 1.948887e+012 2.260475e-011 7.296849e-001 
d 1.435207e+000 8.638838e-001  7.058355e-001 -3.295333e+002 -3.348013e+002 1.984464e+012 2.260475e-011 7.058355e-001 
d 1.436075e+000 8.633615e-001  6.827447e-001 -3.462780e+002 -3.515460e+002 2.015547e+012 2.260475e-011 6.827447e-001 
d 1.436943e+000 8.628399e-001  6.603960e-001 -3.630347e+002 -3.683027e+002 2.042499e+012 2.260475e-011 6.603960e-001 
d 1.437812e+000 8.623188e-001  6.387709e-001 -3.798161e+002 -3.850842e+002 2.065633e+012 2.260475e-011 6.387709e-001 
d 1.438680e+000 8.617984e-001  6.178501e-001 -3.966321e+002 -4.019002e+002 2.085229e+012 2.260475e-011 6.178501e-001 
d 1.439548e+000 8.612786e-001  5.976137e-001 -4.134902e+002 -4.187583e+002 2.101534e+012 2.260475e-011 5.976137e-001 
d 1.440416e+000 8.607595e-001  5.780416e-001 -4.303961e+002 -4.356641e+002 2.114771e+012 2.260475e-011 5.780416e-001 
d 1.441285e+000 8.602409e-001  5.591138e-001 -4.473537e+002 -4.526217e+002 2.125143e+012 2.260475e-011 5.591138e-001 
d 1.442153e+000 8.597230e-001  5.408102e-001 -4.643657e+002 -4.696338e+002 2.132832e+012 2.260475e-011 5.408102e-001 
d 1.443021e+000 8.592057e-001  5.231113e-001 -4.814339e+002 -4.867020e+002 2.138010e+012 2.260475e-011 5.231113e-001 
d 1.443889e+000 8.586891e-001  5.059975e-001 -4.985589e+002 -5.038269e+002 2.140830e+012 2.260475e-011 5.059975e-001 
d 1.444758e+000 8.581730e-001  4.894501e-001 -5.157404e+002 -5.210085e+002 2.141439e+012 2.260475e-011 4.894501e-001 
d 1.445626e+000 8.576576e-001  4.734505e-001 -5.329777e+002 -5.382458e+002 2.139970e+012 2.260475e-011 4.734505e-001 
d 1.446494e+000 8.571428e-001  4.579807e-001 -5.502693e+002 -5.555374e+002 2.136550e+012 2.260475e-011 4.579807e-001 
d 1.447362e+000 8.566286e-001  4.430233e-001 -5.676133e+002 -5.728813e+002 2.131296e+012 2.260475e-011 4.430233e-001 
d 1.448231e+000 8.561151e-001  4.285612e-001 -5.850071e+002 -5.902751e+002 2.124320e+012 2.260475e-011 4.285612e-001 
d 1.449099e+000 8.556021e-001  4.145780e-001 -6.024480e+002 -6.077160e+002 2.115726e+012 2.260475e-011 4.145780e-001 
d 1.449967e+000 8.550898e-001  4.010577e-001 -6.199329e+002 -6.252009e+002 2.105615e+012 2.260475e-011 4.010577e-001 
d 1.450835e+000 8.545781e-001  3.879847e-001 -6.374583e+002 -6.427263e+002 2.094079e+012 2.260475e-011 3.879847e-001 
d 1.451704e+000 8.540670e-001  3.753441e-001 -6.550205e+002 -6.602885e+002 2.081209e+012 2.260475e-011 3.753441e-001 
d 1.452572e+000 8.535565e-001  3.631213e-001 -6.726156e+002 -6.778836e+002 2.067090e+012 2.260475e-011 3.631213e-001 
d 1.453440e+000 8.530466e-001  3.513025e-001 -6.902397e+002 -6.955077e+002 2.051803e+012 2.260475e-011 3.513025e-001 
d 1.454308e+000 8.525373e-001  3.398739e-001 -7.078884e+002 -7.131564e+002 2.035425e+012 2.260475e-011 3.398739e-001 
d 1.455177e+000 8.520286e-001  3.288224e-001 -7.255574e+002 -7.308255e+002 2.018030e+012 2.260475e-011 3.288224e-001 
d 1.456045e+000 8.515205e-001  3.181355e-001 -7.432424e+002 -7.485104e+002 1.999689e+012 2.260475e-011 3.181355e-001 
d 1.456913e+000 8.510131e-001  3.078008e-001 -7.609388e+002 -7.662068e+002 1.980470e+012 2.260475e-011 3.078008e-001 
d 1.457781e+000 8.505062e-001  2.978065e-001 -7.786421e+002 -7.839101e+002 1.960437e+012 2.260475e-011 2.978065e-001 
d 1.458650e+000 8.500000e-001  2.881412e-001 -7.963477e+002 -8.016157e+002 1.939653e+012 2.260475e-011 2.881412e-001 
d 1.459518e+000 8.494943e-001  2.787938e-001 -8.140510e+002 -8.193190e+002 1.918177e+012 2.260475e-011 2.787938e-001 
d 1.460386e+000 8.489893e-001  2.697537e-001 -8.317475e+002 -8.370155e+002 1.896065e+012 2.260475e-011 2.697537e-001 
d 1.461254e+000 8.484848e-001  2.610105e-001 -8.494324e+002 -8.547005e+002 1.873374e+012 2.260475e-011 2.610105e-001 
d 1.462123e+000 8.479810e-001  2.525544e-001 -8.671014e+002 -8.723694e+002 1.850154e+012 2.260475e-011 2.525544e-001 
d 1.462991e+000 8.474777e-001  2.443756e-001 -8.847499e+002 -8.900179e+002 1.826456e+012 2.260475e-011 2.443756e-001 
d 1.463859e+000 8.469751e-001  2.364650e-001 -9.023734e+002 -9.076414e+002 1.802328e+012 2.260475e-011 2.364650e-001 
d 1.464727e+000 8.464730e-001  2.288136e-001 -9.199676e+002 -9.252356e+002 1.777815e+012 2.260475e-011 2.288136e-001 
d 1.465596e+000 8.459715e-001  2.214127e-001 -9.375281e+002 -9.427961e+002 1.752963e+012 2.260475e-011 2.214127e-001 
d 1.466464e+000 8.454707e-001  2.142539e-001 -9.550507e+002 -9.603187e+002 1.727812e+012 2.260475e-011 2.142539e-001 
d 1.467332e+000 8.449704e-001  2.073292e-001 -9.725312e+002 -9.777993e+002 1.702404e+012 2.260475e-011 2.073292e-001 
d 1.468200e+000 8.444707e-001  2.006307e-001 -9.899657e+002 -9.952337e+002 1.676776e+012 2.260475e-011 2.006307e-001 
d 1.469069e+000 8.439716e-001  1.941510e-001 -1.007350e+003 -1.012618e+003 1.650965e+012 2.260475e-011 1.941510e-001 
d 1.469937e+000 8.434731e-001  1.878828e-001 -1.024681e+003 -1.029949e+003 1.625007e+012 2.260475e-011 1.878828e-001 
d 1.470805e+000 8.429752e-001  1.818190e-001 -1.041954e+003 -1.047222e+003 1.598934e+012 2.260475e-011 1.818190e-001 
d 1.471673e+000 8.424778e-001  1.759529e-001 -1.059165e+003 -1.064433e+003 1.572778e+012 2.260475e-011 1.759529e-001 
d 1.472541e+000 8.419811e-001  1.702779e-001 -1.076312e+003 -1.081580e+003 1.546570e+012 2.260475e-011 1.702779e-001 
d 1.473410e+000 8.414849e-001  1.647877e-001 -1.093391e+003 -1.098659e+003 1.520338e+012 2.260475e-011 1.647877e-001 
d 1.474278e+000 8.409894e-001  1.594761e-001 -1.110399e+003 -1.115667e+003 1.494110e+012 2.260475e-011 1.594761e-001 
d 1.475146e+000 8.404944e-001  1.543373e-001 -1.127332e+003 -1.132600e+003 1.467912e+012 2.260475e-011 1.543373e-001 
d 1.476014e+000 8.400000e-001  1.493655e-001 -1.144188e+003 -1.149456e+003 1.441767e+012 2.260475e-011 1.493655e-001 
d 1.476883e+000 8.395061e-001  1.445553e-001 -1.160963e+003 -1.166231e+003 1.415699e+012 2.260475e-011 1.445553e-001 
d 1.477751e+000 8.390129e-001  1.399012e-001 -1.177656e+003 -1.182924e+003 1.389731e+012 2.260475e-011 1.399012e-001 
