v ATLAS
# This file was created by ATLAS version 5.26.1.R on Sun Jun 14 07:55:02 2020.
#SSF 2.0 generic
##############################################################################
#                    Copyright (c) 1984 - 2018                               #
#                    Silvaco Inc. All rights reserved                        #
#                                                                            #
# This file format and the following Key are copyright Silvaco Inc.          #
# You may not use, this format or key without reproducing this message in    #
# full and obtaining express written permission from Silvaco Inc.            #
#                                                                            #
# To obtain such permission please contact: Silvaco Inc.                     #
#                                           support@silvaco.com              #
#                                                                            #
# KEY=SVC86hn7562asdx                       PROD=345                         #
##############################################################################
o 1 Net gain, mode 1
o 2 Photon lifetime (s)
p 8 2211 87 2001 2201 3000 2214 3001 2212
d 1.409160e+000 8.798521e-001  1.417495e+000 0.000000e+000 -5.268026e+000 2.337637e+010 2.260475e-011 1.417495e+000 
d 1.410028e+000 8.793103e-001  1.417495e+000 0.000000e+000 -5.268026e+000 2.337637e+010 2.260475e-011 1.417495e+000 
d 1.410896e+000 8.787692e-001  1.417495e+000 0.000000e+000 -5.268026e+000 2.337637e+010 2.260475e-011 1.417495e+000 
d 1.411764e+000 8.782288e-001  1.417495e+000 0.000000e+000 -5.268026e+000 2.337637e+010 2.260475e-011 1.417495e+000 
d 1.412633e+000 8.776890e-001  1.417495e+000 0.000000e+000 -5.268026e+000 2.337637e+010 2.260475e-011 1.417495e+000 
d 1.413501e+000 8.771498e-001  1.417495e+000 0.000000e+000 -5.268026e+000 2.337637e+010 2.260475e-011 1.417495e+000 
d 1.414369e+000 8.766114e-001  1.417495e+000 0.000000e+000 -5.268026e+000 2.337637e+010 2.260475e-011 1.417495e+000 
d 1.415237e+000 8.760736e-001  1.417495e+000 0.000000e+000 -5.268026e+000 2.337637e+010 2.260475e-011 1.417495e+000 
d 1.416106e+000 8.755365e-001  1.417495e+000 0.000000e+000 -5.268026e+000 2.337637e+010 2.260475e-011 1.417495e+000 
d 1.416974e+000 8.750000e-001  1.417495e+000 0.000000e+000 -5.268026e+000 2.337637e+010 2.260475e-011 1.417495e+000 
d 1.417842e+000 8.744641e-001  1.417495e+000 0.000000e+000 -5.268026e+000 2.337637e+010 2.260475e-011 1.417495e+000 
d 1.418710e+000 8.739290e-001  1.417495e+000 0.000000e+000 -5.268026e+000 2.337637e+010 2.260475e-011 1.417495e+000 
d 1.419579e+000 8.733945e-001  1.417495e+000 0.000000e+000 -5.268026e+000 2.337637e+010 2.260475e-011 1.417495e+000 
d 1.420447e+000 8.728606e-001  1.417495e+000 0.000000e+000 -5.268026e+000 2.337637e+010 2.260475e-011 1.417495e+000 
d 1.421315e+000 8.723274e-001  1.417495e+000 0.000000e+000 -5.268026e+000 2.337637e+010 2.260475e-011 1.417495e+000 
d 1.422183e+000 8.717948e-001  1.417495e+000 0.000000e+000 -5.268026e+000 2.337637e+010 2.260475e-011 1.417495e+000 
d 1.423052e+000 8.712629e-001  1.433593e-002 -1.256468e+002 -1.309148e+002 1.576039e+010 2.260475e-011 1.433593e-002 
d 1.423920e+000 8.707317e-001  1.409218e-002 -2.005495e+002 -2.058175e+002 2.435640e+010 2.260475e-011 1.409218e-002 
d 1.424788e+000 8.702011e-001  1.371953e-002 -2.551150e+002 -2.603830e+002 2.999884e+010 2.260475e-011 1.371953e-002 
d 1.425656e+000 8.696711e-001  1.332445e-002 -3.006170e+002 -3.058850e+002 3.422631e+010 2.260475e-011 1.332445e-002 
d 1.426525e+000 8.691418e-001  1.292734e-002 -3.406956e+002 -3.459636e+002 3.755711e+010 2.260475e-011 1.292734e-002 
d 1.427393e+000 8.686131e-001  1.253510e-002 -3.770743e+002 -3.823424e+002 4.024693e+010 2.260475e-011 1.253510e-002 
d 1.428261e+000 8.680851e-001  1.215065e-002 -4.107284e+002 -4.159964e+002 4.244647e+010 2.260475e-011 1.215065e-002 
d 1.429129e+000 8.675577e-001  1.177535e-002 -4.422718e+002 -4.475399e+002 4.425457e+010 2.260475e-011 1.177535e-002 
d 1.429998e+000 8.670309e-001  1.140985e-002 -4.721199e+002 -4.773879e+002 4.574082e+010 2.260475e-011 1.140985e-002 
d 1.430866e+000 8.665048e-001  1.105442e-002 -5.005685e+002 -5.058365e+002 4.695682e+010 2.260475e-011 1.105442e-002 
d 1.431734e+000 8.659794e-001  1.070913e-002 -5.278369e+002 -5.331049e+002 4.794234e+010 2.260475e-011 1.070913e-002 
d 1.432602e+000 8.654545e-001  1.037391e-002 -5.540924e+002 -5.593605e+002 4.872890e+010 2.260475e-011 1.037391e-002 
d 1.433471e+000 8.649303e-001  1.004864e-002 -5.794665e+002 -5.847345e+002 4.934218e+010 2.260475e-011 1.004864e-002 
d 1.434339e+000 8.644068e-001  9.733130e-003 -6.040639e+002 -6.093319e+002 4.980339e+010 2.260475e-011 9.733130e-003 
d 1.435207e+000 8.638838e-001  9.427187e-003 -6.279699e+002 -6.332379e+002 5.013044e+010 2.260475e-011 9.427187e-003 
d 1.436075e+000 8.633615e-001  9.130580e-003 -6.512550e+002 -6.565230e+002 5.033856e+010 2.260475e-011 9.130580e-003 
d 1.436943e+000 8.628399e-001  8.843075e-003 -6.739780e+002 -6.792460e+002 5.044090e+010 2.260475e-011 8.843075e-003 
d 1.437812e+000 8.623188e-001  8.564431e-003 -6.961886e+002 -7.014566e+002 5.044891e+010 2.260475e-011 8.564431e-003 
d 1.438680e+000 8.617984e-001  8.294408e-003 -7.179292e+002 -7.231972e+002 5.037263e+010 2.260475e-011 8.294408e-003 
d 1.439548e+000 8.612786e-001  8.032762e-003 -7.392364e+002 -7.445044e+002 5.022092e+010 2.260475e-011 8.032762e-003 
d 1.440416e+000 8.607595e-001  7.779253e-003 -7.601418e+002 -7.654098e+002 5.000166e+010 2.260475e-011 7.779253e-003 
d 1.441285e+000 8.602409e-001  7.533645e-003 -7.806730e+002 -7.859410e+002 4.972189e+010 2.260475e-011 7.533645e-003 
d 1.442153e+000 8.597230e-001  7.295705e-003 -8.008543e+002 -8.061223e+002 4.938792e+010 2.260475e-011 7.295705e-003 
d 1.443021e+000 8.592057e-001  7.065204e-003 -8.207072e+002 -8.259752e+002 4.900543e+010 2.260475e-011 7.065204e-003 
d 1.443889e+000 8.586891e-001  6.841919e-003 -8.402506e+002 -8.455187e+002 4.857956e+010 2.260475e-011 6.841919e-003 
d 1.444758e+000 8.581730e-001  6.625631e-003 -8.595017e+002 -8.647697e+002 4.811497e+010 2.260475e-011 6.625631e-003 
d 1.445626e+000 8.576576e-001  6.416129e-003 -8.784756e+002 -8.837437e+002 4.761589e+010 2.260475e-011 6.416129e-003 
d 1.446494e+000 8.571428e-001  6.213204e-003 -8.971861e+002 -9.024542e+002 4.708615e+010 2.260475e-011 6.213204e-003 
d 1.447362e+000 8.566286e-001  6.016654e-003 -9.156456e+002 -9.209137e+002 4.652929e+010 2.260475e-011 6.016654e-003 
d 1.448231e+000 8.561151e-001  5.826284e-003 -9.338653e+002 -9.391333e+002 4.594851e+010 2.260475e-011 5.826284e-003 
d 1.449099e+000 8.556021e-001  5.641902e-003 -9.518555e+002 -9.571235e+002 4.534674e+010 2.260475e-011 5.641902e-003 
d 1.449967e+000 8.550898e-001  5.463324e-003 -9.696254e+002 -9.748934e+002 4.472667e+010 2.260475e-011 5.463324e-003 
d 1.450835e+000 8.545781e-001  5.290369e-003 -9.871836e+002 -9.924516e+002 4.409078e+010 2.260475e-011 5.290369e-003 
d 1.451704e+000 8.540670e-001  5.122862e-003 -1.004538e+003 -1.009806e+003 4.344133e+010 2.260475e-011 5.122862e-003 
d 1.452572e+000 8.535565e-001  4.960634e-003 -1.021696e+003 -1.026964e+003 4.278040e+010 2.260475e-011 4.960634e-003 
d 1.453440e+000 8.530466e-001  4.803520e-003 -1.038664e+003 -1.043932e+003 4.210990e+010 2.260475e-011 4.803520e-003 
d 1.454308e+000 8.525373e-001  4.651361e-003 -1.055448e+003 -1.060716e+003 4.143159e+010 2.260475e-011 4.651361e-003 
d 1.455177e+000 8.520286e-001  4.504001e-003 -1.072054e+003 -1.077322e+003 4.074709e+010 2.260475e-011 4.504001e-003 
d 1.456045e+000 8.515205e-001  4.361291e-003 -1.088488e+003 -1.093756e+003 4.005787e+010 2.260475e-011 4.361291e-003 
d 1.456913e+000 8.510131e-001  4.223085e-003 -1.104753e+003 -1.110022e+003 3.936531e+010 2.260475e-011 4.223085e-003 
d 1.457781e+000 8.505062e-001  4.089242e-003 -1.120856e+003 -1.126124e+003 3.867066e+010 2.260475e-011 4.089242e-003 
d 1.458650e+000 8.500000e-001  3.959625e-003 -1.136800e+003 -1.142068e+003 3.797507e+010 2.260475e-011 3.959625e-003 
d 1.459518e+000 8.494943e-001  3.834101e-003 -1.152589e+003 -1.157858e+003 3.727959e+010 2.260475e-011 3.834101e-003 
d 1.460386e+000 8.489893e-001  3.712542e-003 -1.168228e+003 -1.173496e+003 3.658521e+010 2.260475e-011 3.712542e-003 
d 1.461254e+000 8.484848e-001  3.594824e-003 -1.183719e+003 -1.188987e+003 3.589280e+010 2.260475e-011 3.594824e-003 
d 1.462123e+000 8.479810e-001  3.480825e-003 -1.199067e+003 -1.204335e+003 3.520318e+010 2.260475e-011 3.480825e-003 
d 1.462991e+000 8.474777e-001  3.370430e-003 -1.214274e+003 -1.219542e+003 3.451710e+010 2.260475e-011 3.370430e-003 
d 1.463859e+000 8.469751e-001  3.263523e-003 -1.229343e+003 -1.234611e+003 3.383524e+010 2.260475e-011 3.263523e-003 
d 1.464727e+000 8.464730e-001  3.159997e-003 -1.244278e+003 -1.249546e+003 3.315822e+010 2.260475e-011 3.159997e-003 
d 1.465596e+000 8.459715e-001  3.059744e-003 -1.259080e+003 -1.264348e+003 3.248660e+010 2.260475e-011 3.059744e-003 
d 1.466464e+000 8.454707e-001  2.962661e-003 -1.273754e+003 -1.279022e+003 3.182090e+010 2.260475e-011 2.962661e-003 
d 1.467332e+000 8.449704e-001  2.868649e-003 -1.288300e+003 -1.293569e+003 3.116157e+010 2.260475e-011 2.868649e-003 
d 1.468200e+000 8.444707e-001  2.777611e-003 -1.302723e+003 -1.307991e+003 3.050904e+010 2.260475e-011 2.777611e-003 
d 1.469069e+000 8.439716e-001  2.689453e-003 -1.317023e+003 -1.322291e+003 2.986369e+010 2.260475e-011 2.689453e-003 
d 1.469937e+000 8.434731e-001  2.604084e-003 -1.331203e+003 -1.336471e+003 2.922585e+010 2.260475e-011 2.604084e-003 
d 1.470805e+000 8.429752e-001  2.521417e-003 -1.345266e+003 -1.350534e+003 2.859582e+010 2.260475e-011 2.521417e-003 
d 1.471673e+000 8.424778e-001  2.441366e-003 -1.359213e+003 -1.364481e+003 2.797388e+010 2.260475e-011 2.441366e-003 
d 1.472541e+000 8.419811e-001  2.363849e-003 -1.373046e+003 -1.378314e+003 2.736027e+010 2.260475e-011 2.363849e-003 
d 1.473410e+000 8.414849e-001  2.288786e-003 -1.386767e+003 -1.392035e+003 2.675518e+010 2.260475e-011 2.288786e-003 
d 1.474278e+000 8.409894e-001  2.216099e-003 -1.400378e+003 -1.405646e+003 2.615879e+010 2.260475e-011 2.216099e-003 
d 1.475146e+000 8.404944e-001  2.145715e-003 -1.413881e+003 -1.419149e+003 2.557128e+010 2.260475e-011 2.145715e-003 
d 1.476014e+000 8.400000e-001  2.077559e-003 -1.427277e+003 -1.432545e+003 2.499275e+010 2.260475e-011 2.077559e-003 
d 1.476883e+000 8.395061e-001  2.011562e-003 -1.440568e+003 -1.445836e+003 2.442334e+010 2.260475e-011 2.011562e-003 
d 1.477751e+000 8.390129e-001  1.947655e-003 -1.453756e+003 -1.459024e+003 2.386311e+010 2.260475e-011 1.947655e-003 
