v ATLAS
# This file was created by ATLAS version 5.26.1.R on Sun Jun 14 07:59:53 2020.
#SSF 2.0 generic
##############################################################################
#                    Copyright (c) 1984 - 2018                               #
#                    Silvaco Inc. All rights reserved                        #
#                                                                            #
# This file format and the following Key are copyright Silvaco Inc.          #
# You may not use, this format or key without reproducing this message in    #
# full and obtaining express written permission from Silvaco Inc.            #
#                                                                            #
# To obtain such permission please contact: Silvaco Inc.                     #
#                                           support@silvaco.com              #
#                                                                            #
# KEY=SVC86hn7562asdx                       PROD=345                         #
##############################################################################
o 1 Net gain, mode 1
o 2 Photon lifetime (s)
p 8 2211 87 2001 2201 3000 2214 3001 2212
d 1.409160e+000 8.798521e-001  2.854962e+002 0.000000e+000 -5.268026e+000 1.257510e+013 2.260475e-011 2.854962e+002 
d 1.410028e+000 8.793103e-001  2.854962e+002 0.000000e+000 -5.268026e+000 1.257510e+013 2.260475e-011 2.854962e+002 
d 1.410896e+000 8.787692e-001  2.854962e+002 0.000000e+000 -5.268026e+000 1.257510e+013 2.260475e-011 2.854962e+002 
d 1.411764e+000 8.782288e-001  2.854962e+002 0.000000e+000 -5.268026e+000 1.257510e+013 2.260475e-011 2.854962e+002 
d 1.412633e+000 8.776890e-001  2.854962e+002 0.000000e+000 -5.268026e+000 1.257510e+013 2.260475e-011 2.854962e+002 
d 1.413501e+000 8.771498e-001  2.854962e+002 0.000000e+000 -5.268026e+000 1.257510e+013 2.260475e-011 2.854962e+002 
d 1.414369e+000 8.766114e-001  2.854962e+002 0.000000e+000 -5.268026e+000 1.257510e+013 2.260475e-011 2.854962e+002 
d 1.415237e+000 8.760736e-001  2.854962e+002 0.000000e+000 -5.268026e+000 1.257510e+013 2.260475e-011 2.854962e+002 
d 1.416106e+000 8.755365e-001  2.854962e+002 0.000000e+000 -5.268026e+000 1.257510e+013 2.260475e-011 2.854962e+002 
d 1.416974e+000 8.750000e-001  2.854962e+002 0.000000e+000 -5.268026e+000 1.257510e+013 2.260475e-011 2.854962e+002 
d 1.417842e+000 8.744641e-001  2.854962e+002 0.000000e+000 -5.268026e+000 1.257510e+013 2.260475e-011 2.854962e+002 
d 1.418710e+000 8.739290e-001  2.854962e+002 0.000000e+000 -5.268026e+000 1.257510e+013 2.260475e-011 2.854962e+002 
d 1.419579e+000 8.733945e-001  2.854962e+002 0.000000e+000 -5.268026e+000 1.257510e+013 2.260475e-011 2.854962e+002 
d 1.420447e+000 8.728606e-001  2.854962e+002 0.000000e+000 -5.268026e+000 1.257510e+013 2.260475e-011 2.854962e+002 
d 1.421315e+000 8.723274e-001  2.854962e+002 0.000000e+000 -5.268026e+000 1.257510e+013 2.260475e-011 2.854962e+002 
d 1.422183e+000 8.717948e-001  2.854962e+002 0.000000e+000 -5.268026e+000 1.257510e+013 2.260475e-011 2.854962e+002 
d 1.423052e+000 8.712629e-001  2.200951e+002 3.668377e+000 -1.599649e+000 2.388750e+012 2.260475e-011 2.200951e+002 
d 1.423920e+000 8.707317e-001  6.339552e+004 5.150203e+000 -1.178228e-001 3.779769e+012 2.260475e-011 6.339552e+004 
d 1.424788e+000 8.702011e-001  2.212694e+008 5.644016e+000 3.759907e-001 4.766679e+012 2.260475e-011 2.212694e+008 
d 1.425656e+000 8.696711e-001  1.937515e+009 5.568390e+000 3.003638e-001 5.568472e+012 2.260475e-011 1.937515e+009 
d 1.426525e+000 8.691418e-001  7.073211e+008 5.068938e+000 -1.990876e-001 6.256565e+012 2.260475e-011 7.073211e+008 
d 1.427393e+000 8.686131e-001  7.347673e+007 4.218266e+000 -1.049760e+000 6.865085e+012 2.260475e-011 7.347673e+007 
d 1.428261e+000 8.680851e-001  4.859840e+006 3.058905e+000 -2.209121e+000 7.413514e+012 2.260475e-011 4.859840e+006 
d 1.429129e+000 8.675577e-001  1.819019e+005 1.618142e+000 -3.649884e+000 7.914227e+012 2.260475e-011 1.819019e+005 
d 1.429998e+000 8.670309e-001  5.045631e+003 -8.551096e-002 -5.353537e+000 8.375663e+012 2.260475e-011 5.045631e+003 
d 1.430866e+000 8.665048e-001  2.379791e+002 -2.039050e+000 -7.307076e+000 8.803885e+012 2.260475e-011 2.379791e+002 
d 1.431734e+000 8.659794e-001  1.217810e+002 -4.233154e+000 -9.501179e+000 9.203419e+012 2.260475e-011 1.217810e+002 
d 1.432602e+000 8.654545e-001  9.852076e+001 -6.661085e+000 -1.192911e+001 9.577753e+012 2.260475e-011 9.852076e+001 
d 1.433471e+000 8.649303e-001  8.276949e+001 -9.317989e+000 -1.458601e+001 9.929635e+012 2.260475e-011 8.276949e+001 
d 1.434339e+000 8.644068e-001  7.100209e+001 -1.220042e+001 -1.746845e+001 1.026128e+013 2.260475e-011 7.100209e+001 
d 1.435207e+000 8.638838e-001  6.188034e+001 -1.530603e+001 -2.057406e+001 1.057450e+013 2.260475e-011 6.188034e+001 
d 1.436075e+000 8.633615e-001  5.461047e+001 -1.863331e+001 -2.390133e+001 1.087079e+013 2.260475e-011 5.461047e+001 
d 1.436943e+000 8.628399e-001  4.868643e+001 -2.218143e+001 -2.744946e+001 1.115143e+013 2.260475e-011 4.868643e+001 
d 1.437812e+000 8.623188e-001  4.377062e+001 -2.595013e+001 -3.121816e+001 1.141749e+013 2.260475e-011 4.377062e+001 
d 1.438680e+000 8.617984e-001  3.962480e+001 -2.993958e+001 -3.520761e+001 1.166989e+013 2.260475e-011 3.962480e+001 
d 1.439548e+000 8.612786e-001  3.609279e+001 -3.415032e+001 -3.941834e+001 1.190941e+013 2.260475e-011 3.609279e+001 
d 1.440416e+000 8.607595e-001  3.304571e+001 -3.858318e+001 -4.385121e+001 1.213677e+013 2.260475e-011 3.304571e+001 
d 1.441285e+000 8.602409e-001  3.039214e+001 -4.323928e+001 -4.850730e+001 1.235255e+013 2.260475e-011 3.039214e+001 
d 1.442153e+000 8.597230e-001  2.806219e+001 -4.811990e+001 -5.338792e+001 1.255730e+013 2.260475e-011 2.806219e+001 
d 1.443021e+000 8.592057e-001  2.600154e+001 -5.322652e+001 -5.849455e+001 1.275149e+013 2.260475e-011 2.600154e+001 
d 1.443889e+000 8.586891e-001  2.416733e+001 -5.856075e+001 -6.382877e+001 1.293555e+013 2.260475e-011 2.416733e+001 
d 1.444758e+000 8.581730e-001  2.252526e+001 -6.412430e+001 -6.939232e+001 1.310984e+013 2.260475e-011 2.252526e+001 
d 1.445626e+000 8.576576e-001  2.104761e+001 -6.991897e+001 -7.518699e+001 1.327471e+013 2.260475e-011 2.104761e+001 
d 1.446494e+000 8.571428e-001  1.971169e+001 -7.594663e+001 -8.121465e+001 1.343047e+013 2.260475e-011 1.971169e+001 
d 1.447362e+000 8.566286e-001  1.849879e+001 -8.220918e+001 -8.747721e+001 1.357738e+013 2.260475e-011 1.849879e+001 
d 1.448231e+000 8.561151e-001  1.739332e+001 -8.870855e+001 -9.397658e+001 1.371571e+013 2.260475e-011 1.739332e+001 
d 1.449099e+000 8.556021e-001  1.638221e+001 -9.544668e+001 -1.007147e+002 1.384569e+013 2.260475e-011 1.638221e+001 
d 1.449967e+000 8.550898e-001  1.545439e+001 -1.024255e+002 -1.076935e+002 1.396751e+013 2.260475e-011 1.545439e+001 
d 1.450835e+000 8.545781e-001  1.460047e+001 -1.096469e+002 -1.149149e+002 1.408139e+013 2.260475e-011 1.460047e+001 
d 1.451704e+000 8.540670e-001  1.381238e+001 -1.171127e+002 -1.223808e+002 1.418749e+013 2.260475e-011 1.381238e+001 
d 1.452572e+000 8.535565e-001  1.308319e+001 -1.248249e+002 -1.300929e+002 1.428599e+013 2.260475e-011 1.308319e+001 
d 1.453440e+000 8.530466e-001  1.240690e+001 -1.327850e+002 -1.380530e+002 1.437703e+013 2.260475e-011 1.240690e+001 
d 1.454308e+000 8.525373e-001  1.177830e+001 -1.409948e+002 -1.462628e+002 1.446077e+013 2.260475e-011 1.177830e+001 
d 1.455177e+000 8.520286e-001  1.119281e+001 -1.494558e+002 -1.547238e+002 1.453733e+013 2.260475e-011 1.119281e+001 
d 1.456045e+000 8.515205e-001  1.064644e+001 -1.581696e+002 -1.634376e+002 1.460685e+013 2.260475e-011 1.064644e+001 
d 1.456913e+000 8.510131e-001  1.013566e+001 -1.671375e+002 -1.724055e+002 1.466945e+013 2.260475e-011 1.013566e+001 
d 1.457781e+000 8.505062e-001  9.657336e+000 -1.763607e+002 -1.816287e+002 1.472524e+013 2.260475e-011 9.657336e+000 
d 1.458650e+000 8.500000e-001  9.208714e+000 -1.858403e+002 -1.911084e+002 1.477434e+013 2.260475e-011 9.208714e+000 
d 1.459518e+000 8.494943e-001  8.787320e+000 -1.955774e+002 -2.008454e+002 1.481684e+013 2.260475e-011 8.787320e+000 
d 1.460386e+000 8.489893e-001  8.390950e+000 -2.055727e+002 -2.108407e+002 1.485285e+013 2.260475e-011 8.390950e+000 
d 1.461254e+000 8.484848e-001  8.017628e+000 -2.158268e+002 -2.210948e+002 1.488248e+013 2.260475e-011 8.017628e+000 
d 1.462123e+000 8.479810e-001  7.665578e+000 -2.263402e+002 -2.316082e+002 1.490582e+013 2.260475e-011 7.665578e+000 
d 1.462991e+000 8.474777e-001  7.333199e+000 -2.371132e+002 -2.423812e+002 1.492295e+013 2.260475e-011 7.333199e+000 
d 1.463859e+000 8.469751e-001  7.019044e+000 -2.481459e+002 -2.534139e+002 1.493399e+013 2.260475e-011 7.019044e+000 
d 1.464727e+000 8.464730e-001  6.721803e+000 -2.594382e+002 -2.647062e+002 1.493901e+013 2.260475e-011 6.721803e+000 
d 1.465596e+000 8.459715e-001  6.440286e+000 -2.709897e+002 -2.762577e+002 1.493812e+013 2.260475e-011 6.440286e+000 
d 1.466464e+000 8.454707e-001  6.173410e+000 -2.828000e+002 -2.880680e+002 1.493139e+013 2.260475e-011 6.173410e+000 
d 1.467332e+000 8.449704e-001  5.920187e+000 -2.948682e+002 -3.001363e+002 1.491893e+013 2.260475e-011 5.920187e+000 
d 1.468200e+000 8.444707e-001  5.679715e+000 -3.071935e+002 -3.124615e+002 1.490083e+013 2.260475e-011 5.679715e+000 
d 1.469069e+000 8.439716e-001  5.451168e+000 -3.197745e+002 -3.250426e+002 1.487717e+013 2.260475e-011 5.451168e+000 
d 1.469937e+000 8.434731e-001  5.233788e+000 -3.326099e+002 -3.378780e+002 1.484804e+013 2.260475e-011 5.233788e+000 
d 1.470805e+000 8.429752e-001  5.026877e+000 -3.456980e+002 -3.509660e+002 1.481355e+013 2.260475e-011 5.026877e+000 
d 1.471673e+000 8.424778e-001  4.829794e+000 -3.590367e+002 -3.643048e+002 1.477379e+013 2.260475e-011 4.829794e+000 
d 1.472541e+000 8.419811e-001  4.641947e+000 -3.726240e+002 -3.778920e+002 1.472885e+013 2.260475e-011 4.641947e+000 
d 1.473410e+000 8.414849e-001  4.462791e+000 -3.864574e+002 -3.917254e+002 1.467883e+013 2.260475e-011 4.462791e+000 
d 1.474278e+000 8.409894e-001  4.291820e+000 -4.005341e+002 -4.058021e+002 1.462383e+013 2.260475e-011 4.291820e+000 
d 1.475146e+000 8.404944e-001  4.128566e+000 -4.148513e+002 -4.201193e+002 1.456394e+013 2.260475e-011 4.128566e+000 
d 1.476014e+000 8.400000e-001  3.972593e+000 -4.294057e+002 -4.346737e+002 1.449928e+013 2.260475e-011 3.972593e+000 
d 1.476883e+000 8.395061e-001  3.823500e+000 -4.441938e+002 -4.494619e+002 1.442994e+013 2.260475e-011 3.823500e+000 
d 1.477751e+000 8.390129e-001  3.680909e+000 -4.592120e+002 -4.644801e+002 1.435603e+013 2.260475e-011 3.680909e+000 
