v ATLAS
# This file was created by ATLAS version 5.26.1.R on Sun Jun 14 08:00:46 2020.
#SSF 2.0 generic
##############################################################################
#                    Copyright (c) 1984 - 2018                               #
#                    Silvaco Inc. All rights reserved                        #
#                                                                            #
# This file format and the following Key are copyright Silvaco Inc.          #
# You may not use, this format or key without reproducing this message in    #
# full and obtaining express written permission from Silvaco Inc.            #
#                                                                            #
# To obtain such permission please contact: Silvaco Inc.                     #
#                                           support@silvaco.com              #
#                                                                            #
# KEY=SVC86hn7562asdx                       PROD=345                         #
##############################################################################
o 1 Net gain, mode 1
o 2 Photon lifetime (s)
p 8 2211 87 2001 2201 3000 2214 3001 2212
d 1.409160e+000 8.798521e-001  2.919366e+002 0.000000e+000 -5.268026e+000 1.287734e+013 2.260475e-011 2.919366e+002 
d 1.410028e+000 8.793103e-001  2.919366e+002 0.000000e+000 -5.268026e+000 1.287734e+013 2.260475e-011 2.919366e+002 
d 1.410896e+000 8.787692e-001  2.919366e+002 0.000000e+000 -5.268026e+000 1.287734e+013 2.260475e-011 2.919366e+002 
d 1.411764e+000 8.782288e-001  2.919366e+002 0.000000e+000 -5.268026e+000 1.287734e+013 2.260475e-011 2.919366e+002 
d 1.412633e+000 8.776890e-001  2.919366e+002 0.000000e+000 -5.268026e+000 1.287734e+013 2.260475e-011 2.919366e+002 
d 1.413501e+000 8.771498e-001  2.919366e+002 0.000000e+000 -5.268026e+000 1.287734e+013 2.260475e-011 2.919366e+002 
d 1.414369e+000 8.766114e-001  2.919366e+002 0.000000e+000 -5.268026e+000 1.287734e+013 2.260475e-011 2.919366e+002 
d 1.415237e+000 8.760736e-001  2.919366e+002 0.000000e+000 -5.268026e+000 1.287734e+013 2.260475e-011 2.919366e+002 
d 1.416106e+000 8.755365e-001  2.919366e+002 0.000000e+000 -5.268026e+000 1.287734e+013 2.260475e-011 2.919366e+002 
d 1.416974e+000 8.750000e-001  2.919366e+002 0.000000e+000 -5.268026e+000 1.287734e+013 2.260475e-011 2.919366e+002 
d 1.417842e+000 8.744641e-001  2.919366e+002 0.000000e+000 -5.268026e+000 1.287734e+013 2.260475e-011 2.919366e+002 
d 1.418710e+000 8.739290e-001  2.919366e+002 0.000000e+000 -5.268026e+000 1.287734e+013 2.260475e-011 2.919366e+002 
d 1.419579e+000 8.733945e-001  2.919366e+002 0.000000e+000 -5.268026e+000 1.287734e+013 2.260475e-011 2.919366e+002 
d 1.420447e+000 8.728606e-001  2.919366e+002 0.000000e+000 -5.268026e+000 1.287734e+013 2.260475e-011 2.919366e+002 
d 1.421315e+000 8.723274e-001  2.919366e+002 0.000000e+000 -5.268026e+000 1.287734e+013 2.260475e-011 2.919366e+002 
d 1.422183e+000 8.717948e-001  2.919366e+002 0.000000e+000 -5.268026e+000 1.287734e+013 2.260475e-011 2.919366e+002 
d 1.423052e+000 8.712629e-001  1.998537e+002 3.655876e+000 -1.612149e+000 2.411342e+012 2.260475e-011 1.998537e+002 
d 1.423920e+000 8.707317e-001  7.084644e+004 5.131204e+000 -1.368221e-001 3.815701e+012 2.260475e-011 7.084644e+004 
d 1.424788e+000 8.702011e-001  4.336439e+008 5.621056e+000 3.530303e-001 4.812272e+012 2.260475e-011 4.336439e+008 
d 1.425656e+000 8.696711e-001  3.721202e+009 5.542753e+000 2.747270e-001 5.622080e+012 2.260475e-011 3.721202e+009 
d 1.426525e+000 8.691418e-001  8.610001e+008 5.041485e+000 -2.265406e-001 6.317203e+012 2.260475e-011 8.610001e+008 
d 1.427393e+000 8.686131e-001  4.035685e+007 4.189647e+000 -1.078379e+000 6.932079e+012 2.260475e-011 4.035685e+007 
d 1.428261e+000 8.680851e-001  9.326050e+005 3.029647e+000 -2.238379e+000 7.486372e+012 2.260475e-011 9.326050e+005 
d 1.429129e+000 8.675577e-001  1.031535e+004 1.588688e+000 -3.679337e+000 7.992566e+012 2.260475e-011 1.031535e+004 
d 1.429998e+000 8.670309e-001  2.679397e+002 -1.147732e-001 -5.382799e+000 8.459180e+012 2.260475e-011 2.679397e+002 
d 1.430866e+000 8.665048e-001  1.521195e+002 -2.067778e+000 -7.335804e+000 8.892330e+012 2.260475e-011 1.521195e+002 
d 1.431734e+000 8.659794e-001  1.203455e+002 -4.261040e+000 -9.529066e+000 9.296586e+012 2.260475e-011 1.203455e+002 
d 1.432602e+000 8.654545e-001  9.891680e+001 -6.687849e+000 -1.195588e+001 9.675463e+012 2.260475e-011 9.891680e+001 
d 1.433471e+000 8.649303e-001  8.339176e+001 -9.343374e+000 -1.461140e+001 1.003174e+013 2.260475e-011 8.339176e+001 
d 1.434339e+000 8.644068e-001  7.166590e+001 -1.222419e+001 -1.749222e+001 1.036764e+013 2.260475e-011 7.166590e+001 
d 1.435207e+000 8.638838e-001  6.252189e+001 -1.532796e+001 -2.059599e+001 1.068501e+013 2.260475e-011 6.252189e+001 
d 1.436075e+000 8.633615e-001  5.520753e+001 -1.865320e+001 -2.392123e+001 1.098535e+013 2.260475e-011 5.520753e+001 
d 1.436943e+000 8.628399e-001  4.923408e+001 -2.219910e+001 -2.746713e+001 1.126994e+013 2.260475e-011 4.923408e+001 
d 1.437812e+000 8.623188e-001  4.427091e+001 -2.596540e+001 -3.123343e+001 1.153987e+013 2.260475e-011 4.427091e+001 
d 1.438680e+000 8.617984e-001  4.006820e+001 -2.995229e+001 -3.522031e+001 1.179607e+013 2.260475e-011 4.006820e+001 
d 1.439548e+000 8.612786e-001  3.650131e+001 -3.416031e+001 -3.942834e+001 1.203933e+013 2.260475e-011 3.650131e+001 
d 1.440416e+000 8.607595e-001  3.342351e+001 -3.859033e+001 -4.385836e+001 1.227036e+013 2.260475e-011 3.342351e+001 
d 1.441285e+000 8.602409e-001  3.074290e+001 -4.324345e+001 -4.851148e+001 1.248977e+013 2.260475e-011 3.074290e+001 
d 1.442153e+000 8.597230e-001  2.838908e+001 -4.812099e+001 -5.338902e+001 1.269809e+013 2.260475e-011 2.838908e+001 
d 1.443021e+000 8.592057e-001  2.630726e+001 -5.322442e+001 -5.849245e+001 1.289581e+013 2.260475e-011 2.630726e+001 
d 1.443889e+000 8.586891e-001  2.445415e+001 -5.855537e+001 -6.382340e+001 1.308335e+013 2.260475e-011 2.445415e+001 
d 1.444758e+000 8.581730e-001  2.279515e+001 -6.411557e+001 -6.938359e+001 1.326109e+013 2.260475e-011 2.279515e+001 
d 1.445626e+000 8.576576e-001  2.130222e+001 -6.990682e+001 -7.517484e+001 1.342937e+013 2.260475e-011 2.130222e+001 
d 1.446494e+000 8.571428e-001  1.995247e+001 -7.593100e+001 -8.119902e+001 1.358851e+013 2.260475e-011 1.995247e+001 
d 1.447362e+000 8.566286e-001  1.872698e+001 -8.219002e+001 -8.745805e+001 1.373877e+013 2.260475e-011 1.872698e+001 
d 1.448231e+000 8.561151e-001  1.761001e+001 -8.868584e+001 -9.395387e+001 1.388042e+013 2.260475e-011 1.761001e+001 
d 1.449099e+000 8.556021e-001  1.658835e+001 -9.542039e+001 -1.006884e+002 1.401368e+013 2.260475e-011 1.658835e+001 
d 1.449967e+000 8.550898e-001  1.565083e+001 -1.023956e+002 -1.076636e+002 1.413876e+013 2.260475e-011 1.565083e+001 
d 1.450835e+000 8.545781e-001  1.478794e+001 -1.096134e+002 -1.148815e+002 1.425587e+013 2.260475e-011 1.478794e+001 
d 1.451704e+000 8.540670e-001  1.399156e+001 -1.170757e+002 -1.223437e+002 1.436518e+013 2.260475e-011 1.399156e+001 
d 1.452572e+000 8.535565e-001  1.325467e+001 -1.247843e+002 -1.300523e+002 1.446686e+013 2.260475e-011 1.325467e+001 
d 1.453440e+000 8.530466e-001  1.257122e+001 -1.327409e+002 -1.380089e+002 1.456106e+013 2.260475e-011 1.257122e+001 
d 1.454308e+000 8.525373e-001  1.193593e+001 -1.409473e+002 -1.462153e+002 1.464793e+013 2.260475e-011 1.193593e+001 
d 1.455177e+000 8.520286e-001  1.134420e+001 -1.494049e+002 -1.546729e+002 1.472760e+013 2.260475e-011 1.134420e+001 
d 1.456045e+000 8.515205e-001  1.079197e+001 -1.581154e+002 -1.633834e+002 1.480021e+013 2.260475e-011 1.079197e+001 
d 1.456913e+000 8.510131e-001  1.027570e+001 -1.670800e+002 -1.723481e+002 1.486587e+013 2.260475e-011 1.027570e+001 
d 1.457781e+000 8.505062e-001  9.792214e+000 -1.763001e+002 -1.815681e+002 1.492469e+013 2.260475e-011 9.792214e+000 
d 1.458650e+000 8.500000e-001  9.338730e+000 -1.857768e+002 -1.910448e+002 1.497679e+013 2.260475e-011 9.338730e+000 
d 1.459518e+000 8.494943e-001  8.912752e+000 -1.955109e+002 -2.007790e+002 1.502228e+013 2.260475e-011 8.912752e+000 
d 1.460386e+000 8.489893e-001  8.512052e+000 -2.055034e+002 -2.107715e+002 1.506124e+013 2.260475e-011 8.512052e+000 
d 1.461254e+000 8.484848e-001  8.134634e+000 -2.157549e+002 -2.210230e+002 1.509380e+013 2.260475e-011 8.134634e+000 
d 1.462123e+000 8.479810e-001  7.778705e+000 -2.262659e+002 -2.315339e+002 1.512003e+013 2.260475e-011 7.778705e+000 
d 1.462991e+000 8.474777e-001  7.442647e+000 -2.370366e+002 -2.423047e+002 1.514003e+013 2.260475e-011 7.442647e+000 
d 1.463859e+000 8.469751e-001  7.125000e+000 -2.480672e+002 -2.533353e+002 1.515390e+013 2.260475e-011 7.125000e+000 
d 1.464727e+000 8.464730e-001  6.824439e+000 -2.593576e+002 -2.646256e+002 1.516172e+013 2.260475e-011 6.824439e+000 
d 1.465596e+000 8.459715e-001  6.539762e+000 -2.709074e+002 -2.761755e+002 1.516359e+013 2.260475e-011 6.539762e+000 
d 1.466464e+000 8.454707e-001  6.269876e+000 -2.827162e+002 -2.879842e+002 1.515960e+013 2.260475e-011 6.269876e+000 
d 1.467332e+000 8.449704e-001  6.013783e+000 -2.947832e+002 -3.000512e+002 1.514983e+013 2.260475e-011 6.013783e+000 
d 1.468200e+000 8.444707e-001  5.770571e+000 -3.071074e+002 -3.123754e+002 1.513438e+013 2.260475e-011 5.770571e+000 
d 1.469069e+000 8.439716e-001  5.539405e+000 -3.196876e+002 -3.249556e+002 1.511333e+013 2.260475e-011 5.539405e+000 
d 1.469937e+000 8.434731e-001  5.319520e+000 -3.325224e+002 -3.377904e+002 1.508678e+013 2.260475e-011 5.319520e+000 
d 1.470805e+000 8.429752e-001  5.110212e+000 -3.456101e+002 -3.508782e+002 1.505481e+013 2.260475e-011 5.110212e+000 
d 1.471673e+000 8.424778e-001  4.910832e+000 -3.589488e+002 -3.642168e+002 1.501752e+013 2.260475e-011 4.910832e+000 
d 1.472541e+000 8.419811e-001  4.720783e+000 -3.725363e+002 -3.778043e+002 1.497501e+013 2.260475e-011 4.720783e+000 
d 1.473410e+000 8.414849e-001  4.539512e+000 -3.863701e+002 -3.916381e+002 1.492736e+013 2.260475e-011 4.539512e+000 
d 1.474278e+000 8.409894e-001  4.366510e+000 -4.004475e+002 -4.057155e+002 1.487468e+013 2.260475e-011 4.366510e+000 
d 1.475146e+000 8.404944e-001  4.201303e+000 -4.147657e+002 -4.200337e+002 1.481707e+013 2.260475e-011 4.201303e+000 
d 1.476014e+000 8.400000e-001  4.043452e+000 -4.293213e+002 -4.345894e+002 1.475461e+013 2.260475e-011 4.043452e+000 
d 1.476883e+000 8.395061e-001  3.892550e+000 -4.441110e+002 -4.493791e+002 1.468742e+013 2.260475e-011 3.892550e+000 
d 1.477751e+000 8.390129e-001  3.748217e+000 -4.591311e+002 -4.643991e+002 1.461560e+013 2.260475e-011 3.748217e+000 
