v ATLAS
# This file was created by ATLAS version 5.26.1.R on Sun Jun 14 07:55:25 2020.
#SSF 2.0 generic
##############################################################################
#                    Copyright (c) 1984 - 2018                               #
#                    Silvaco Inc. All rights reserved                        #
#                                                                            #
# This file format and the following Key are copyright Silvaco Inc.          #
# You may not use, this format or key without reproducing this message in    #
# full and obtaining express written permission from Silvaco Inc.            #
#                                                                            #
# To obtain such permission please contact: Silvaco Inc.                     #
#                                           support@silvaco.com              #
#                                                                            #
# KEY=SVC86hn7562asdx                       PROD=345                         #
##############################################################################
o 1 Net gain, mode 1
o 2 Photon lifetime (s)
p 8 2211 87 2001 2201 3000 2214 3001 2212
d 1.409160e+000 8.798521e-001  2.252055e+000 0.000000e+000 -5.268026e+000 1.035714e+011 2.260475e-011 2.252055e+000 
d 1.410028e+000 8.793103e-001  2.252055e+000 0.000000e+000 -5.268026e+000 1.035714e+011 2.260475e-011 2.252055e+000 
d 1.410896e+000 8.787692e-001  2.252055e+000 0.000000e+000 -5.268026e+000 1.035714e+011 2.260475e-011 2.252055e+000 
d 1.411764e+000 8.782288e-001  2.252055e+000 0.000000e+000 -5.268026e+000 1.035714e+011 2.260475e-011 2.252055e+000 
d 1.412633e+000 8.776890e-001  2.252055e+000 0.000000e+000 -5.268026e+000 1.035714e+011 2.260475e-011 2.252055e+000 
d 1.413501e+000 8.771498e-001  2.252055e+000 0.000000e+000 -5.268026e+000 1.035714e+011 2.260475e-011 2.252055e+000 
d 1.414369e+000 8.766114e-001  2.252055e+000 0.000000e+000 -5.268026e+000 1.035714e+011 2.260475e-011 2.252055e+000 
d 1.415237e+000 8.760736e-001  2.252055e+000 0.000000e+000 -5.268026e+000 1.035714e+011 2.260475e-011 2.252055e+000 
d 1.416106e+000 8.755365e-001  2.252055e+000 0.000000e+000 -5.268026e+000 1.035714e+011 2.260475e-011 2.252055e+000 
d 1.416974e+000 8.750000e-001  2.252055e+000 0.000000e+000 -5.268026e+000 1.035714e+011 2.260475e-011 2.252055e+000 
d 1.417842e+000 8.744641e-001  2.252055e+000 0.000000e+000 -5.268026e+000 1.035714e+011 2.260475e-011 2.252055e+000 
d 1.418710e+000 8.739290e-001  2.252055e+000 0.000000e+000 -5.268026e+000 1.035714e+011 2.260475e-011 2.252055e+000 
d 1.419579e+000 8.733945e-001  2.252055e+000 0.000000e+000 -5.268026e+000 1.035714e+011 2.260475e-011 2.252055e+000 
d 1.420447e+000 8.728606e-001  2.252055e+000 0.000000e+000 -5.268026e+000 1.035714e+011 2.260475e-011 2.252055e+000 
d 1.421315e+000 8.723274e-001  2.252055e+000 0.000000e+000 -5.268026e+000 1.035714e+011 2.260475e-011 2.252055e+000 
d 1.422183e+000 8.717948e-001  2.252055e+000 0.000000e+000 -5.268026e+000 1.035714e+011 2.260475e-011 2.252055e+000 
d 1.423052e+000 8.712629e-001  6.694895e-002 -1.089012e+002 -1.141692e+002 6.418671e+010 2.260475e-011 6.694895e-002 
d 1.423920e+000 8.707317e-001  6.595061e-002 -1.744074e+002 -1.796754e+002 9.950844e+010 2.260475e-011 6.595061e-002 
d 1.424788e+000 8.702011e-001  6.424953e-002 -2.225941e+002 -2.278621e+002 1.229404e+011 2.260475e-011 6.424953e-002 
d 1.425656e+000 8.696711e-001  6.241792e-002 -2.631467e+002 -2.684147e+002 1.406916e+011 2.260475e-011 6.241792e-002 
d 1.426525e+000 8.691418e-001  6.056608e-002 -2.991785e+002 -3.044465e+002 1.548435e+011 2.260475e-011 6.056608e-002 
d 1.427393e+000 8.686131e-001  5.873158e-002 -3.321567e+002 -3.374248e+002 1.664183e+011 2.260475e-011 5.873158e-002 
d 1.428261e+000 8.680851e-001  5.693052e-002 -3.629077e+002 -3.681757e+002 1.760162e+011 2.260475e-011 5.693052e-002 
d 1.429129e+000 8.675577e-001  5.517054e-002 -3.919487e+002 -3.972167e+002 1.840294e+011 2.260475e-011 5.517054e-002 
d 1.429998e+000 8.670309e-001  5.345540e-002 -4.196279e+002 -4.248959e+002 1.907333e+011 2.260475e-011 5.345540e-002 
d 1.430866e+000 8.665048e-001  5.178681e-002 -4.461917e+002 -4.514597e+002 1.963318e+011 2.260475e-011 5.178681e-002 
d 1.431734e+000 8.659794e-001  5.016538e-002 -4.718213e+002 -4.770894e+002 2.009816e+011 2.260475e-011 5.016538e-002 
d 1.432602e+000 8.654545e-001  4.859102e-002 -4.966545e+002 -5.019225e+002 2.048072e+011 2.260475e-011 4.859102e-002 
d 1.433471e+000 8.649303e-001  4.706325e-002 -5.207980e+002 -5.260660e+002 2.079097e+011 2.260475e-011 4.706325e-002 
d 1.434339e+000 8.644068e-001  4.558132e-002 -5.443367e+002 -5.496047e+002 2.103729e+011 2.260475e-011 4.558132e-002 
d 1.435207e+000 8.638838e-001  4.414432e-002 -5.673389e+002 -5.726069e+002 2.122677e+011 2.260475e-011 4.414432e-002 
d 1.436075e+000 8.633615e-001  4.275123e-002 -5.898605e+002 -5.951285e+002 2.136544e+011 2.260475e-011 4.275123e-002 
d 1.436943e+000 8.628399e-001  4.140099e-002 -6.119478e+002 -6.172158e+002 2.145854e+011 2.260475e-011 4.140099e-002 
d 1.437812e+000 8.623188e-001  4.009248e-002 -6.336393e+002 -6.389073e+002 2.151064e+011 2.260475e-011 4.009248e-002 
d 1.438680e+000 8.617984e-001  3.882458e-002 -6.549678e+002 -6.602358e+002 2.152575e+011 2.260475e-011 3.882458e-002 
d 1.439548e+000 8.612786e-001  3.759615e-002 -6.759609e+002 -6.812290e+002 2.150745e+011 2.260475e-011 3.759615e-002 
d 1.440416e+000 8.607595e-001  3.640607e-002 -6.966426e+002 -7.019106e+002 2.145893e+011 2.260475e-011 3.640607e-002 
d 1.441285e+000 8.602409e-001  3.525322e-002 -7.170332e+002 -7.223012e+002 2.138305e+011 2.260475e-011 3.525322e-002 
d 1.442153e+000 8.597230e-001  3.413652e-002 -7.371506e+002 -7.424187e+002 2.128240e+011 2.260475e-011 3.413652e-002 
d 1.443021e+000 8.592057e-001  3.305487e-002 -7.570104e+002 -7.622784e+002 2.115931e+011 2.260475e-011 3.305487e-002 
d 1.443889e+000 8.586891e-001  3.200723e-002 -7.766261e+002 -7.818941e+002 2.101592e+011 2.260475e-011 3.200723e-002 
d 1.444758e+000 8.581730e-001  3.099256e-002 -7.960097e+002 -8.012777e+002 2.085418e+011 2.260475e-011 3.099256e-002 
d 1.445626e+000 8.576576e-001  3.000986e-002 -8.151719e+002 -8.204399e+002 2.067584e+011 2.260475e-011 3.000986e-002 
d 1.446494e+000 8.571428e-001  2.905815e-002 -8.341220e+002 -8.393901e+002 2.048256e+011 2.260475e-011 2.905815e-002 
d 1.447362e+000 8.566286e-001  2.813646e-002 -8.528685e+002 -8.581366e+002 2.027582e+011 2.260475e-011 2.813646e-002 
d 1.448231e+000 8.561151e-001  2.724388e-002 -8.714190e+002 -8.766870e+002 2.005700e+011 2.260475e-011 2.724388e-002 
d 1.449099e+000 8.556021e-001  2.637950e-002 -8.897800e+002 -8.950481e+002 1.982738e+011 2.260475e-011 2.637950e-002 
d 1.449967e+000 8.550898e-001  2.554243e-002 -9.079579e+002 -9.132259e+002 1.958813e+011 2.260475e-011 2.554243e-002 
d 1.450835e+000 8.545781e-001  2.473184e-002 -9.259580e+002 -9.312260e+002 1.934033e+011 2.260475e-011 2.473184e-002 
d 1.451704e+000 8.540670e-001  2.394688e-002 -9.437854e+002 -9.490534e+002 1.908500e+011 2.260475e-011 2.394688e-002 
d 1.452572e+000 8.535565e-001  2.318677e-002 -9.614446e+002 -9.667126e+002 1.882305e+011 2.260475e-011 2.318677e-002 
d 1.453440e+000 8.530466e-001  2.245071e-002 -9.789398e+002 -9.842078e+002 1.855536e+011 2.260475e-011 2.245071e-002 
d 1.454308e+000 8.525373e-001  2.173795e-002 -9.962749e+002 -1.001543e+003 1.828271e+011 2.260475e-011 2.173795e-002 
d 1.455177e+000 8.520286e-001  2.104776e-002 -1.013453e+003 -1.018721e+003 1.800586e+011 2.260475e-011 2.104776e-002 
d 1.456045e+000 8.515205e-001  2.037944e-002 -1.030478e+003 -1.035746e+003 1.772548e+011 2.260475e-011 2.037944e-002 
d 1.456913e+000 8.510131e-001  1.973228e-002 -1.047353e+003 -1.052621e+003 1.744222e+011 2.260475e-011 1.973228e-002 
d 1.457781e+000 8.505062e-001  1.910563e-002 -1.064080e+003 -1.069348e+003 1.715667e+011 2.260475e-011 1.910563e-002 
d 1.458650e+000 8.500000e-001  1.849884e-002 -1.080662e+003 -1.085930e+003 1.686937e+011 2.260475e-011 1.849884e-002 
d 1.459518e+000 8.494943e-001  1.791128e-002 -1.097102e+003 -1.102370e+003 1.658083e+011 2.260475e-011 1.791128e-002 
d 1.460386e+000 8.489893e-001  1.734234e-002 -1.113401e+003 -1.118669e+003 1.629153e+011 2.260475e-011 1.734234e-002 
d 1.461254e+000 8.484848e-001  1.679143e-002 -1.129563e+003 -1.134831e+003 1.600189e+011 2.260475e-011 1.679143e-002 
d 1.462123e+000 8.479810e-001  1.625799e-002 -1.145588e+003 -1.150856e+003 1.571233e+011 2.260475e-011 1.625799e-002 
d 1.462991e+000 8.474777e-001  1.574147e-002 -1.161479e+003 -1.166747e+003 1.542320e+011 2.260475e-011 1.574147e-002 
d 1.463859e+000 8.469751e-001  1.524132e-002 -1.177239e+003 -1.182507e+003 1.513487e+011 2.260475e-011 1.524132e-002 
d 1.464727e+000 8.464730e-001  1.475704e-002 -1.192868e+003 -1.198136e+003 1.484764e+011 2.260475e-011 1.475704e-002 
d 1.465596e+000 8.459715e-001  1.428811e-002 -1.208368e+003 -1.213636e+003 1.456182e+011 2.260475e-011 1.428811e-002 
d 1.466464e+000 8.454707e-001  1.383405e-002 -1.223741e+003 -1.229009e+003 1.427766e+011 2.260475e-011 1.383405e-002 
d 1.467332e+000 8.449704e-001  1.339440e-002 -1.238989e+003 -1.244257e+003 1.399541e+011 2.260475e-011 1.339440e-002 
d 1.468200e+000 8.444707e-001  1.296869e-002 -1.254112e+003 -1.259380e+003 1.371531e+011 2.260475e-011 1.296869e-002 
d 1.469069e+000 8.439716e-001  1.255649e-002 -1.269114e+003 -1.274382e+003 1.343755e+011 2.260475e-011 1.255649e-002 
d 1.469937e+000 8.434731e-001  1.215736e-002 -1.283994e+003 -1.289262e+003 1.316234e+011 2.260475e-011 1.215736e-002 
d 1.470805e+000 8.429752e-001  1.177090e-002 -1.298755e+003 -1.304023e+003 1.288983e+011 2.260475e-011 1.177090e-002 
d 1.471673e+000 8.424778e-001  1.139670e-002 -1.313397e+003 -1.318665e+003 1.262020e+011 2.260475e-011 1.139670e-002 
d 1.472541e+000 8.419811e-001  1.103437e-002 -1.327923e+003 -1.333191e+003 1.235357e+011 2.260475e-011 1.103437e-002 
d 1.473410e+000 8.414849e-001  1.068354e-002 -1.342333e+003 -1.347601e+003 1.209008e+011 2.260475e-011 1.068354e-002 
d 1.474278e+000 8.409894e-001  1.034385e-002 -1.356629e+003 -1.361897e+003 1.182984e+011 2.260475e-011 1.034385e-002 
d 1.475146e+000 8.404944e-001  1.001493e-002 -1.370812e+003 -1.376080e+003 1.157296e+011 2.260475e-011 1.001493e-002 
d 1.476014e+000 8.400000e-001  9.696459e-003 -1.384883e+003 -1.390151e+003 1.131951e+011 2.260475e-011 9.696459e-003 
d 1.476883e+000 8.395061e-001  9.388092e-003 -1.398844e+003 -1.404112e+003 1.106959e+011 2.260475e-011 9.388092e-003 
d 1.477751e+000 8.390129e-001  9.089514e-003 -1.412696e+003 -1.417964e+003 1.082327e+011 2.260475e-011 9.089514e-003 
