v ATLAS
# This file was created by ATLAS version 5.26.1.R on Sun Jun 14 07:58:19 2020.
#SSF 2.0 generic
##############################################################################
#                    Copyright (c) 1984 - 2018                               #
#                    Silvaco Inc. All rights reserved                        #
#                                                                            #
# This file format and the following Key are copyright Silvaco Inc.          #
# You may not use, this format or key without reproducing this message in    #
# full and obtaining express written permission from Silvaco Inc.            #
#                                                                            #
# To obtain such permission please contact: Silvaco Inc.                     #
#                                           support@silvaco.com              #
#                                                                            #
# KEY=SVC86hn7562asdx                       PROD=345                         #
##############################################################################
o 1 Net gain, mode 1
o 2 Photon lifetime (s)
p 8 2211 87 2001 2201 3000 2214 3001 2212
d 1.409160e+000 8.798521e-001  2.725776e+002 0.000000e+000 -5.268026e+000 1.195064e+013 2.260475e-011 2.725776e+002 
d 1.410028e+000 8.793103e-001  2.725776e+002 0.000000e+000 -5.268026e+000 1.195064e+013 2.260475e-011 2.725776e+002 
d 1.410896e+000 8.787692e-001  2.725776e+002 0.000000e+000 -5.268026e+000 1.195064e+013 2.260475e-011 2.725776e+002 
d 1.411764e+000 8.782288e-001  2.725776e+002 0.000000e+000 -5.268026e+000 1.195064e+013 2.260475e-011 2.725776e+002 
d 1.412633e+000 8.776890e-001  2.725776e+002 0.000000e+000 -5.268026e+000 1.195064e+013 2.260475e-011 2.725776e+002 
d 1.413501e+000 8.771498e-001  2.725776e+002 0.000000e+000 -5.268026e+000 1.195064e+013 2.260475e-011 2.725776e+002 
d 1.414369e+000 8.766114e-001  2.725776e+002 0.000000e+000 -5.268026e+000 1.195064e+013 2.260475e-011 2.725776e+002 
d 1.415237e+000 8.760736e-001  2.725776e+002 0.000000e+000 -5.268026e+000 1.195064e+013 2.260475e-011 2.725776e+002 
d 1.416106e+000 8.755365e-001  2.725776e+002 0.000000e+000 -5.268026e+000 1.195064e+013 2.260475e-011 2.725776e+002 
d 1.416974e+000 8.750000e-001  2.725776e+002 0.000000e+000 -5.268026e+000 1.195064e+013 2.260475e-011 2.725776e+002 
d 1.417842e+000 8.744641e-001  2.725776e+002 0.000000e+000 -5.268026e+000 1.195064e+013 2.260475e-011 2.725776e+002 
d 1.418710e+000 8.739290e-001  2.725776e+002 0.000000e+000 -5.268026e+000 1.195064e+013 2.260475e-011 2.725776e+002 
d 1.419579e+000 8.733945e-001  2.725776e+002 0.000000e+000 -5.268026e+000 1.195064e+013 2.260475e-011 2.725776e+002 
d 1.420447e+000 8.728606e-001  2.725776e+002 0.000000e+000 -5.268026e+000 1.195064e+013 2.260475e-011 2.725776e+002 
d 1.421315e+000 8.723274e-001  2.725776e+002 0.000000e+000 -5.268026e+000 1.195064e+013 2.260475e-011 2.725776e+002 
d 1.422183e+000 8.717948e-001  2.725776e+002 0.000000e+000 -5.268026e+000 1.195064e+013 2.260475e-011 2.725776e+002 
d 1.423052e+000 8.712629e-001  2.863041e+002 3.815435e+000 -1.452591e+000 2.332674e+012 2.260475e-011 2.863041e+002 
d 1.423920e+000 8.707317e-001  2.959358e+004 5.385355e+000 1.173296e-001 3.690521e+012 2.260475e-011 2.959358e+004 
d 1.424788e+000 8.702011e-001  3.302291e+007 5.943787e+000 6.757609e-001 4.653417e+012 2.260475e-011 3.302291e+007 
d 1.425656e+000 8.696711e-001  2.582897e+008 5.922490e+000 6.544638e-001 5.435298e+012 2.260475e-011 2.582897e+008 
d 1.426525e+000 8.691418e-001  1.836113e+008 5.471354e+000 2.033280e-001 6.105939e+012 2.260475e-011 1.836113e+008 
d 1.427393e+000 8.686131e-001  6.824212e+007 4.665019e+000 -6.030071e-001 6.698687e+012 2.260475e-011 6.824212e+007 
d 1.428261e+000 8.680851e-001  2.544721e+007 3.547179e+000 -1.720847e+000 7.232581e+012 2.260475e-011 2.544721e+007 
d 1.429129e+000 8.675577e-001  7.816388e+006 2.145861e+000 -3.122165e+000 7.719713e+012 2.260475e-011 7.816388e+006 
d 1.429998e+000 8.670309e-001  2.191364e+006 4.800862e-001 -4.787940e+000 8.168333e+012 2.260475e-011 2.191364e+006 
d 1.430866e+000 8.665048e-001  4.832515e+005 -1.436773e+000 -6.704799e+000 8.584368e+012 2.260475e-011 4.832515e+005 
d 1.431734e+000 8.659794e-001  1.056201e+005 -3.595117e+000 -8.863143e+000 8.972243e+012 2.260475e-011 1.056201e+005 
d 1.432602e+000 8.654545e-001  2.218113e+004 -5.987990e+000 -1.125602e+001 9.335365e+012 2.260475e-011 2.218113e+004 
d 1.433471e+000 8.649303e-001  4.614585e+003 -8.610359e+000 -1.387838e+001 9.676424e+012 2.260475e-011 4.614585e+003 
d 1.434339e+000 8.644068e-001  9.988567e+002 -1.145864e+001 -1.672666e+001 9.997583e+012 2.260475e-011 9.988567e+002 
d 1.435207e+000 8.638838e-001  2.540950e+002 -1.453034e+001 -1.979837e+001 1.030062e+013 2.260475e-011 2.540950e+002 
d 1.436075e+000 8.633615e-001  9.543830e+001 -1.782387e+001 -2.309190e+001 1.058699e+013 2.260475e-011 9.543830e+001 
d 1.436943e+000 8.628399e-001  5.771075e+001 -2.133831e+001 -2.660634e+001 1.085795e+013 2.260475e-011 5.771075e+001 
d 1.437812e+000 8.623188e-001  4.586462e+001 -2.507330e+001 -3.034133e+001 1.111454e+013 2.260475e-011 4.586462e+001 
d 1.438680e+000 8.617984e-001  4.010745e+001 -2.902895e+001 -3.429698e+001 1.135766e+013 2.260475e-011 4.010745e+001 
d 1.439548e+000 8.612786e-001  3.614278e+001 -3.320573e+001 -3.847375e+001 1.158810e+013 2.260475e-011 3.614278e+001 
d 1.440416e+000 8.607595e-001  3.294838e+001 -3.760442e+001 -4.287245e+001 1.180652e+013 2.260475e-011 3.294838e+001 
d 1.441285e+000 8.602409e-001  3.022702e+001 -4.222608e+001 -4.749410e+001 1.201353e+013 2.260475e-011 3.022702e+001 
d 1.442153e+000 8.597230e-001  2.785633e+001 -4.707194e+001 -5.233996e+001 1.220964e+013 2.260475e-011 2.785633e+001 
d 1.443021e+000 8.592057e-001  2.577128e+001 -5.214344e+001 -5.741146e+001 1.239533e+013 2.260475e-011 2.577128e+001 
d 1.443889e+000 8.586891e-001  2.392034e+001 -5.744213e+001 -6.271016e+001 1.257101e+013 2.260475e-011 2.392034e+001 
d 1.444758e+000 8.581730e-001  2.226712e+001 -6.296971e+001 -6.823773e+001 1.273704e+013 2.260475e-011 2.226712e+001 
d 1.445626e+000 8.576576e-001  2.078246e+001 -6.872792e+001 -7.399595e+001 1.289377e+013 2.260475e-011 2.078246e+001 
d 1.446494e+000 8.571428e-001  1.944266e+001 -7.471861e+001 -7.998664e+001 1.304149e+013 2.260475e-011 1.944266e+001 
d 1.447362e+000 8.566286e-001  1.822822e+001 -8.094364e+001 -8.621167e+001 1.318047e+013 2.260475e-011 1.822822e+001 
d 1.448231e+000 8.561151e-001  1.712298e+001 -8.740492e+001 -9.267295e+001 1.331097e+013 2.260475e-011 1.712298e+001 
d 1.449099e+000 8.556021e-001  1.611345e+001 -9.410435e+001 -9.937238e+001 1.343321e+013 2.260475e-011 1.611345e+001 
d 1.449967e+000 8.550898e-001  1.518822e+001 -1.010438e+002 -1.063119e+002 1.354740e+013 2.260475e-011 1.518822e+001 
d 1.450835e+000 8.545781e-001  1.433765e+001 -1.082253e+002 -1.134933e+002 1.365374e+013 2.260475e-011 1.433765e+001 
d 1.451704e+000 8.540670e-001  1.355348e+001 -1.156504e+002 -1.209185e+002 1.375240e+013 2.260475e-011 1.355348e+001 
d 1.452572e+000 8.535565e-001  1.282862e+001 -1.233212e+002 -1.285892e+002 1.384355e+013 2.260475e-011 1.282862e+001 
d 1.453440e+000 8.530466e-001  1.215697e+001 -1.312393e+002 -1.365073e+002 1.392734e+013 2.260475e-011 1.215697e+001 
d 1.454308e+000 8.525373e-001  1.153319e+001 -1.394063e+002 -1.446743e+002 1.400392e+013 2.260475e-011 1.153319e+001 
d 1.455177e+000 8.520286e-001  1.095267e+001 -1.478238e+002 -1.530919e+002 1.407342e+013 2.260475e-011 1.095267e+001 
d 1.456045e+000 8.515205e-001  1.041133e+001 -1.564934e+002 -1.617614e+002 1.413598e+013 2.260475e-011 1.041133e+001 
d 1.456913e+000 8.510131e-001  9.905614e+000 -1.654162e+002 -1.706842e+002 1.419172e+013 2.260475e-011 9.905614e+000 
d 1.457781e+000 8.505062e-001  9.432359e+000 -1.745937e+002 -1.798617e+002 1.424075e+013 2.260475e-011 9.432359e+000 
d 1.458650e+000 8.500000e-001  8.988769e+000 -1.840268e+002 -1.892948e+002 1.428318e+013 2.260475e-011 8.988769e+000 
d 1.459518e+000 8.494943e-001  8.572357e+000 -1.937165e+002 -1.989846e+002 1.431914e+013 2.260475e-011 8.572357e+000 
d 1.460386e+000 8.489893e-001  8.180902e+000 -2.036637e+002 -2.089318e+002 1.434872e+013 2.260475e-011 8.180902e+000 
d 1.461254e+000 8.484848e-001  7.812415e+000 -2.138690e+002 -2.191370e+002 1.437202e+013 2.260475e-011 7.812415e+000 
d 1.462123e+000 8.479810e-001  7.465113e+000 -2.243329e+002 -2.296009e+002 1.438915e+013 2.260475e-011 7.465113e+000 
d 1.462991e+000 8.474777e-001  7.137388e+000 -2.350556e+002 -2.403236e+002 1.440020e+013 2.260475e-011 7.137388e+000 
d 1.463859e+000 8.469751e-001  6.827788e+000 -2.460372e+002 -2.513053e+002 1.440527e+013 2.260475e-011 6.827788e+000 
d 1.464727e+000 8.464730e-001  6.535001e+000 -2.572778e+002 -2.625458e+002 1.440446e+013 2.260475e-011 6.535001e+000 
d 1.465596e+000 8.459715e-001  6.257835e+000 -2.687769e+002 -2.740449e+002 1.439786e+013 2.260475e-011 6.257835e+000 
d 1.466464e+000 8.454707e-001  5.995207e+000 -2.805340e+002 -2.858021e+002 1.438557e+013 2.260475e-011 5.995207e+000 
d 1.467332e+000 8.449704e-001  5.746129e+000 -2.925485e+002 -2.978166e+002 1.436768e+013 2.260475e-011 5.746129e+000 
d 1.468200e+000 8.444707e-001  5.509700e+000 -3.048194e+002 -3.100874e+002 1.434430e+013 2.260475e-011 5.509700e+000 
d 1.469069e+000 8.439716e-001  5.285094e+000 -3.173455e+002 -3.226135e+002 1.431551e+013 2.260475e-011 5.285094e+000 
d 1.469937e+000 8.434731e-001  5.071556e+000 -3.301253e+002 -3.353934e+002 1.428142e+013 2.260475e-011 5.071556e+000 
d 1.470805e+000 8.429752e-001  4.868390e+000 -3.431573e+002 -3.484253e+002 1.424211e+013 2.260475e-011 4.868390e+000 
d 1.471673e+000 8.424778e-001  4.674958e+000 -3.564395e+002 -3.617075e+002 1.419770e+013 2.260475e-011 4.674958e+000 
d 1.472541e+000 8.419811e-001  4.490669e+000 -3.699698e+002 -3.752378e+002 1.414828e+013 2.260475e-011 4.490669e+000 
d 1.473410e+000 8.414849e-001  4.314981e+000 -3.837457e+002 -3.890138e+002 1.409395e+013 2.260475e-011 4.314981e+000 
d 1.474278e+000 8.409894e-001  4.147390e+000 -3.977647e+002 -4.030327e+002 1.403482e+013 2.260475e-011 4.147390e+000 
d 1.475146e+000 8.404944e-001  3.987430e+000 -4.120238e+002 -4.172918e+002 1.397099e+013 2.260475e-011 3.987430e+000 
d 1.476014e+000 8.400000e-001  3.834670e+000 -4.265199e+002 -4.317879e+002 1.390258e+013 2.260475e-011 3.834670e+000 
d 1.476883e+000 8.395061e-001  3.688709e+000 -4.412495e+002 -4.465175e+002 1.382968e+013 2.260475e-011 3.688709e+000 
d 1.477751e+000 8.390129e-001  3.549174e+000 -4.562090e+002 -4.614770e+002 1.375240e+013 2.260475e-011 3.549174e+000 
