v ATLAS
# This file was created by ATLAS version 5.26.1.R on Sun Jun 14 07:58:44 2020.
#SSF 2.0 generic
##############################################################################
#                    Copyright (c) 1984 - 2018                               #
#                    Silvaco Inc. All rights reserved                        #
#                                                                            #
# This file format and the following Key are copyright Silvaco Inc.          #
# You may not use, this format or key without reproducing this message in    #
# full and obtaining express written permission from Silvaco Inc.            #
#                                                                            #
# To obtain such permission please contact: Silvaco Inc.                     #
#                                           support@silvaco.com              #
#                                                                            #
# KEY=SVC86hn7562asdx                       PROD=345                         #
##############################################################################
o 1 Net gain, mode 1
o 2 Photon lifetime (s)
p 8 2211 87 2001 2201 3000 2214 3001 2212
d 1.409160e+000 8.798521e-001  2.772256e+002 0.000000e+000 -5.268026e+000 1.217822e+013 2.260475e-011 2.772256e+002 
d 1.410028e+000 8.793103e-001  2.772256e+002 0.000000e+000 -5.268026e+000 1.217822e+013 2.260475e-011 2.772256e+002 
d 1.410896e+000 8.787692e-001  2.772256e+002 0.000000e+000 -5.268026e+000 1.217822e+013 2.260475e-011 2.772256e+002 
d 1.411764e+000 8.782288e-001  2.772256e+002 0.000000e+000 -5.268026e+000 1.217822e+013 2.260475e-011 2.772256e+002 
d 1.412633e+000 8.776890e-001  2.772256e+002 0.000000e+000 -5.268026e+000 1.217822e+013 2.260475e-011 2.772256e+002 
d 1.413501e+000 8.771498e-001  2.772256e+002 0.000000e+000 -5.268026e+000 1.217822e+013 2.260475e-011 2.772256e+002 
d 1.414369e+000 8.766114e-001  2.772256e+002 0.000000e+000 -5.268026e+000 1.217822e+013 2.260475e-011 2.772256e+002 
d 1.415237e+000 8.760736e-001  2.772256e+002 0.000000e+000 -5.268026e+000 1.217822e+013 2.260475e-011 2.772256e+002 
d 1.416106e+000 8.755365e-001  2.772256e+002 0.000000e+000 -5.268026e+000 1.217822e+013 2.260475e-011 2.772256e+002 
d 1.416974e+000 8.750000e-001  2.772256e+002 0.000000e+000 -5.268026e+000 1.217822e+013 2.260475e-011 2.772256e+002 
d 1.417842e+000 8.744641e-001  2.772256e+002 0.000000e+000 -5.268026e+000 1.217822e+013 2.260475e-011 2.772256e+002 
d 1.418710e+000 8.739290e-001  2.772256e+002 0.000000e+000 -5.268026e+000 1.217822e+013 2.260475e-011 2.772256e+002 
d 1.419579e+000 8.733945e-001  2.772256e+002 0.000000e+000 -5.268026e+000 1.217822e+013 2.260475e-011 2.772256e+002 
d 1.420447e+000 8.728606e-001  2.772256e+002 0.000000e+000 -5.268026e+000 1.217822e+013 2.260475e-011 2.772256e+002 
d 1.421315e+000 8.723274e-001  2.772256e+002 0.000000e+000 -5.268026e+000 1.217822e+013 2.260475e-011 2.772256e+002 
d 1.422183e+000 8.717948e-001  2.772256e+002 0.000000e+000 -5.268026e+000 1.217822e+013 2.260475e-011 2.772256e+002 
d 1.423052e+000 8.712629e-001  2.718643e+002 3.760938e+000 -1.507087e+000 2.355002e+012 2.260475e-011 2.718643e+002 
d 1.423920e+000 8.707317e-001  4.153595e+004 5.297676e+000 2.965010e-002 3.726058e+012 2.260475e-011 4.153595e+004 
d 1.424788e+000 8.702011e-001  6.559071e+007 5.831324e+000 5.632981e-001 4.698507e+012 2.260475e-011 6.559071e+007 
d 1.425656e+000 8.696711e-001  5.485786e+008 5.788825e+000 5.207987e-001 5.488302e+012 2.260475e-011 5.485786e+008 
d 1.426525e+000 8.691418e-001  3.361548e+008 5.318514e+000 5.048793e-002 6.165873e+012 2.260475e-011 3.361548e+008 
d 1.427393e+000 8.686131e-001  9.090402e+007 4.494294e+000 -7.737318e-001 6.764876e+012 2.260475e-011 9.090402e+007 
d 1.428261e+000 8.680851e-001  2.143273e+007 3.359440e+000 -1.908586e+000 7.304529e+012 2.260475e-011 2.143273e+007 
d 1.429129e+000 8.675577e-001  3.848379e+006 1.941712e+000 -3.326313e+000 7.797037e+012 2.260475e-011 3.848379e+006 
d 1.429998e+000 8.670309e-001  5.796655e+005 2.599483e-001 -5.008077e+000 8.250724e+012 2.260475e-011 5.796655e+005 
d 1.430866e+000 8.665048e-001  6.531145e+004 -1.672612e+000 -6.940638e+000 8.671571e+012 2.260475e-011 6.531145e+004 
d 1.431734e+000 8.659794e-001  7.135243e+003 -3.846470e+000 -9.114496e+000 9.064044e+012 2.260475e-011 7.135243e+003 
d 1.432602e+000 8.654545e-001  8.101240e+002 -6.254747e+000 -1.152277e+001 9.431582e+012 2.260475e-011 8.101240e+002 
d 1.433471e+000 8.649303e-001  1.544845e+002 -8.892477e+000 -1.416050e+001 9.776898e+012 2.260475e-011 1.544845e+002 
d 1.434339e+000 8.644068e-001  7.916469e+001 -1.175612e+001 -1.702415e+001 1.010218e+013 2.260475e-011 7.916469e+001 
d 1.435207e+000 8.638838e-001  6.336984e+001 -1.484325e+001 -2.011128e+001 1.040920e+013 2.260475e-011 6.336984e+001 
d 1.436075e+000 8.633615e-001  5.515082e+001 -1.815230e+001 -2.342032e+001 1.069947e+013 2.260475e-011 5.515082e+001 
d 1.436943e+000 8.628399e-001  4.895005e+001 -2.168237e+001 -2.695040e+001 1.097421e+013 2.260475e-011 4.895005e+001 
d 1.437812e+000 8.623188e-001  4.388900e+001 -2.543316e+001 -3.070118e+001 1.123449e+013 2.260475e-011 4.388900e+001 
d 1.438680e+000 8.617984e-001  3.965475e+001 -2.940478e+001 -3.467280e+001 1.148123e+013 2.260475e-011 3.965475e+001 
d 1.439548e+000 8.612786e-001  3.605818e+001 -3.359774e+001 -3.886576e+001 1.171520e+013 2.260475e-011 3.605818e+001 
d 1.440416e+000 8.607595e-001  3.296642e+001 -3.801284e+001 -4.328086e+001 1.193710e+013 2.260475e-011 3.296642e+001 
d 1.441285e+000 8.602409e-001  3.028161e+001 -4.265114e+001 -4.791917e+001 1.214751e+013 2.260475e-011 3.028161e+001 
d 1.442153e+000 8.597230e-001  2.792979e+001 -4.751393e+001 -5.278195e+001 1.234696e+013 2.260475e-011 2.792979e+001 
d 1.443021e+000 8.592057e-001  2.585393e+001 -5.260263e+001 -5.787066e+001 1.253594e+013 2.260475e-011 2.585393e+001 
d 1.443889e+000 8.586891e-001  2.400932e+001 -5.791883e+001 -6.318686e+001 1.271484e+013 2.260475e-011 2.400932e+001 
d 1.444758e+000 8.581730e-001  2.236039e+001 -6.346422e+001 -6.873225e+001 1.288405e+013 2.260475e-011 2.236039e+001 
d 1.445626e+000 8.576576e-001  2.087850e+001 -6.924059e+001 -7.450861e+001 1.304390e+013 2.260475e-011 2.087850e+001 
d 1.446494e+000 8.571428e-001  1.954031e+001 -7.524976e+001 -8.051778e+001 1.319469e+013 2.260475e-011 1.954031e+001 
d 1.447362e+000 8.566286e-001  1.832660e+001 -8.149363e+001 -8.676165e+001 1.333671e+013 2.260475e-011 1.832660e+001 
d 1.448231e+000 8.561151e-001  1.722143e+001 -8.797411e+001 -9.324213e+001 1.347019e+013 2.260475e-011 1.722143e+001 
d 1.449099e+000 8.556021e-001  1.621144e+001 -9.469311e+001 -9.996114e+001 1.359537e+013 2.260475e-011 1.621144e+001 
d 1.449967e+000 8.550898e-001  1.528538e+001 -1.016526e+002 -1.069206e+002 1.371245e+013 2.260475e-011 1.528538e+001 
d 1.450835e+000 8.545781e-001  1.443368e+001 -1.088543e+002 -1.141223e+002 1.382164e+013 2.260475e-011 1.443368e+001 
d 1.451704e+000 8.540670e-001  1.364815e+001 -1.163003e+002 -1.215683e+002 1.392310e+013 2.260475e-011 1.364815e+001 
d 1.452572e+000 8.535565e-001  1.292178e+001 -1.239922e+002 -1.292602e+002 1.401701e+013 2.260475e-011 1.292178e+001 
d 1.453440e+000 8.530466e-001  1.224849e+001 -1.319318e+002 -1.371998e+002 1.410351e+013 2.260475e-011 1.224849e+001 
d 1.454308e+000 8.525373e-001  1.162300e+001 -1.401208e+002 -1.453888e+002 1.418276e+013 2.260475e-011 1.162300e+001 
d 1.455177e+000 8.520286e-001  1.104069e+001 -1.485607e+002 -1.538287e+002 1.425489e+013 2.260475e-011 1.104069e+001 
d 1.456045e+000 8.515205e-001  1.049755e+001 -1.572531e+002 -1.625211e+002 1.432003e+013 2.260475e-011 1.049755e+001 
d 1.456913e+000 8.510131e-001  9.989997e+000 -1.661992e+002 -1.714672e+002 1.437830e+013 2.260475e-011 9.989997e+000 
d 1.457781e+000 8.505062e-001  9.514905e+000 -1.754003e+002 -1.806683e+002 1.442981e+013 2.260475e-011 9.514905e+000 
d 1.458650e+000 8.500000e-001  9.069485e+000 -1.848575e+002 -1.901255e+002 1.447469e+013 2.260475e-011 9.069485e+000 
d 1.459518e+000 8.494943e-001  8.651256e+000 -1.945717e+002 -1.998398e+002 1.451303e+013 2.260475e-011 8.651256e+000 
d 1.460386e+000 8.489893e-001  8.258004e+000 -2.045439e+002 -2.098119e+002 1.454494e+013 2.260475e-011 8.258004e+000 
d 1.461254e+000 8.484848e-001  7.887746e+000 -2.147745e+002 -2.200425e+002 1.457053e+013 2.260475e-011 7.887746e+000 
d 1.462123e+000 8.479810e-001  7.538700e+000 -2.252641e+002 -2.305321e+002 1.458988e+013 2.260475e-011 7.538700e+000 
d 1.462991e+000 8.474777e-001  7.209263e+000 -2.360130e+002 -2.412810e+002 1.460311e+013 2.260475e-011 7.209263e+000 
d 1.463859e+000 8.469751e-001  6.897984e+000 -2.470212e+002 -2.522893e+002 1.461030e+013 2.260475e-011 6.897984e+000 
d 1.464727e+000 8.464730e-001  6.603553e+000 -2.582887e+002 -2.635568e+002 1.461155e+013 2.260475e-011 6.603553e+000 
d 1.465596e+000 8.459715e-001  6.324779e+000 -2.698152e+002 -2.750832e+002 1.460696e+013 2.260475e-011 6.324779e+000 
d 1.466464e+000 8.454707e-001  6.060577e+000 -2.816001e+002 -2.868681e+002 1.459661e+013 2.260475e-011 6.060577e+000 
d 1.467332e+000 8.449704e-001  5.809963e+000 -2.936427e+002 -2.989107e+002 1.458060e+013 2.260475e-011 5.809963e+000 
d 1.468200e+000 8.444707e-001  5.572033e+000 -3.059420e+002 -3.112100e+002 1.455903e+013 2.260475e-011 5.572033e+000 
d 1.469069e+000 8.439716e-001  5.345962e+000 -3.184968e+002 -3.237648e+002 1.453199e+013 2.260475e-011 5.345962e+000 
d 1.469937e+000 8.434731e-001  5.130993e+000 -3.313058e+002 -3.365738e+002 1.449957e+013 2.260475e-011 5.130993e+000 
d 1.470805e+000 8.429752e-001  4.926432e+000 -3.443671e+002 -3.496351e+002 1.446188e+013 2.260475e-011 4.926432e+000 
d 1.471673e+000 8.424778e-001  4.731638e+000 -3.576790e+002 -3.629470e+002 1.441900e+013 2.260475e-011 4.731638e+000 
d 1.472541e+000 8.419811e-001  4.546020e+000 -3.712392e+002 -3.765073e+002 1.437105e+013 2.260475e-011 4.546020e+000 
d 1.473410e+000 8.414849e-001  4.369036e+000 -3.850454e+002 -3.903134e+002 1.431811e+013 2.260475e-011 4.369036e+000 
d 1.474278e+000 8.409894e-001  4.200180e+000 -3.990948e+002 -4.043628e+002 1.426030e+013 2.260475e-011 4.200180e+000 
d 1.475146e+000 8.404944e-001  4.038986e+000 -4.133845e+002 -4.186525e+002 1.419771e+013 2.260475e-011 4.038986e+000 
d 1.476014e+000 8.400000e-001  3.885022e+000 -4.279114e+002 -4.331794e+002 1.413045e+013 2.260475e-011 3.885022e+000 
d 1.476883e+000 8.395061e-001  3.737886e+000 -4.426720e+002 -4.479400e+002 1.405862e+013 2.260475e-011 3.737886e+000 
d 1.477751e+000 8.390129e-001  3.597204e+000 -4.576626e+002 -4.629306e+002 1.398235e+013 2.260475e-011 3.597204e+000 
