v ATLAS
# This file was created by ATLAS version 5.26.1.R on Sun Jun 14 07:56:46 2020.
#SSF 2.0 generic
##############################################################################
#                    Copyright (c) 1984 - 2018                               #
#                    Silvaco Inc. All rights reserved                        #
#                                                                            #
# This file format and the following Key are copyright Silvaco Inc.          #
# You may not use, this format or key without reproducing this message in    #
# full and obtaining express written permission from Silvaco Inc.            #
#                                                                            #
# To obtain such permission please contact: Silvaco Inc.                     #
#                                           support@silvaco.com              #
#                                                                            #
# KEY=SVC86hn7562asdx                       PROD=345                         #
##############################################################################
o 1 Net gain, mode 1
o 2 Photon lifetime (s)
p 8 2211 87 2001 2201 3000 2214 3001 2212
d 1.409160e+000 8.798521e-001  7.488854e+001 0.000000e+000 -5.268026e+000 3.450489e+012 2.260475e-011 7.488854e+001 
d 1.410028e+000 8.793103e-001  7.488854e+001 0.000000e+000 -5.268026e+000 3.450489e+012 2.260475e-011 7.488854e+001 
d 1.410896e+000 8.787692e-001  7.488854e+001 0.000000e+000 -5.268026e+000 3.450489e+012 2.260475e-011 7.488854e+001 
d 1.411764e+000 8.782288e-001  7.488854e+001 0.000000e+000 -5.268026e+000 3.450489e+012 2.260475e-011 7.488854e+001 
d 1.412633e+000 8.776890e-001  7.488854e+001 0.000000e+000 -5.268026e+000 3.450489e+012 2.260475e-011 7.488854e+001 
d 1.413501e+000 8.771498e-001  7.488854e+001 0.000000e+000 -5.268026e+000 3.450489e+012 2.260475e-011 7.488854e+001 
d 1.414369e+000 8.766114e-001  7.488854e+001 0.000000e+000 -5.268026e+000 3.450489e+012 2.260475e-011 7.488854e+001 
d 1.415237e+000 8.760736e-001  7.488854e+001 0.000000e+000 -5.268026e+000 3.450489e+012 2.260475e-011 7.488854e+001 
d 1.416106e+000 8.755365e-001  7.488854e+001 0.000000e+000 -5.268026e+000 3.450489e+012 2.260475e-011 7.488854e+001 
d 1.416974e+000 8.750000e-001  7.488854e+001 0.000000e+000 -5.268026e+000 3.450489e+012 2.260475e-011 7.488854e+001 
d 1.417842e+000 8.744641e-001  7.488854e+001 0.000000e+000 -5.268026e+000 3.450489e+012 2.260475e-011 7.488854e+001 
d 1.418710e+000 8.739290e-001  7.488854e+001 0.000000e+000 -5.268026e+000 3.450489e+012 2.260475e-011 7.488854e+001 
d 1.419579e+000 8.733945e-001  7.488854e+001 0.000000e+000 -5.268026e+000 3.450489e+012 2.260475e-011 7.488854e+001 
d 1.420447e+000 8.728606e-001  7.488854e+001 0.000000e+000 -5.268026e+000 3.450489e+012 2.260475e-011 7.488854e+001 
d 1.421315e+000 8.723274e-001  7.488854e+001 0.000000e+000 -5.268026e+000 3.450489e+012 2.260475e-011 7.488854e+001 
d 1.422183e+000 8.717948e-001  7.488854e+001 0.000000e+000 -5.268026e+000 3.450489e+012 2.260475e-011 7.488854e+001 
d 1.423052e+000 8.712629e-001  4.453815e+000 -2.418206e+001 -2.945009e+001 1.101482e+012 2.260475e-011 4.453815e+000 
d 1.423920e+000 8.707317e-001  4.586482e+000 -3.975892e+001 -4.502695e+001 1.734223e+012 2.260475e-011 4.586482e+000 
d 1.424788e+000 8.702011e-001  4.519025e+000 -5.207042e+001 -5.733845e+001 2.175921e+012 2.260475e-011 4.519025e+000 
d 1.425656e+000 8.696711e-001  4.402130e+000 -6.313793e+001 -6.840595e+001 2.528769e+012 2.260475e-011 4.402130e+000 
d 1.426525e+000 8.691418e-001  4.267603e+000 -7.359572e+001 -7.886375e+001 2.826271e+012 2.260475e-011 4.267603e+000 
d 1.427393e+000 8.686131e-001  4.126868e+000 -8.373693e+001 -8.900496e+001 3.084517e+012 2.260475e-011 4.126868e+000 
d 1.428261e+000 8.680851e-001  3.985064e+000 -9.372392e+001 -9.899194e+001 3.312742e+012 2.260475e-011 3.985064e+000 
d 1.429129e+000 8.675577e-001  3.844792e+000 -1.036569e+002 -1.089249e+002 3.516841e+012 2.260475e-011 3.844792e+000 
d 1.429998e+000 8.670309e-001  3.707453e+000 -1.136026e+002 -1.188706e+002 3.700860e+012 2.260475e-011 3.707453e+000 
d 1.430866e+000 8.665048e-001  3.573818e+000 -1.236075e+002 -1.288756e+002 3.867724e+012 2.260475e-011 3.573818e+000 
d 1.431734e+000 8.659794e-001  3.444299e+000 -1.337058e+002 -1.389739e+002 4.019633e+012 2.260475e-011 3.444299e+000 
d 1.432602e+000 8.654545e-001  3.319097e+000 -1.439231e+002 -1.491911e+002 4.158295e+012 2.260475e-011 3.319097e+000 
d 1.433471e+000 8.649303e-001  3.198284e+000 -1.542788e+002 -1.595469e+002 4.285069e+012 2.260475e-011 3.198284e+000 
d 1.434339e+000 8.644068e-001  3.081848e+000 -1.647886e+002 -1.700566e+002 4.401059e+012 2.260475e-011 3.081848e+000 
d 1.435207e+000 8.638838e-001  2.969726e+000 -1.754645e+002 -1.807325e+002 4.507183e+012 2.260475e-011 2.969726e+000 
d 1.436075e+000 8.633615e-001  2.861820e+000 -1.863163e+002 -1.915844e+002 4.604208e+012 2.260475e-011 2.861820e+000 
d 1.436943e+000 8.628399e-001  2.758014e+000 -1.973520e+002 -2.026200e+002 4.692793e+012 2.260475e-011 2.758014e+000 
d 1.437812e+000 8.623188e-001  2.658177e+000 -2.085778e+002 -2.138458e+002 4.773502e+012 2.260475e-011 2.658177e+000 
d 1.438680e+000 8.617984e-001  2.562172e+000 -2.199987e+002 -2.252668e+002 4.846832e+012 2.260475e-011 2.562172e+000 
d 1.439548e+000 8.612786e-001  2.469860e+000 -2.316189e+002 -2.368869e+002 4.913216e+012 2.260475e-011 2.469860e+000 
d 1.440416e+000 8.607595e-001  2.381100e+000 -2.434413e+002 -2.487093e+002 4.973043e+012 2.260475e-011 2.381100e+000 
d 1.441285e+000 8.602409e-001  2.295755e+000 -2.554683e+002 -2.607363e+002 5.026661e+012 2.260475e-011 2.295755e+000 
d 1.442153e+000 8.597230e-001  2.213688e+000 -2.677016e+002 -2.729696e+002 5.074382e+012 2.260475e-011 2.213688e+000 
d 1.443021e+000 8.592057e-001  2.134767e+000 -2.801421e+002 -2.854102e+002 5.116493e+012 2.260475e-011 2.134767e+000 
d 1.443889e+000 8.586891e-001  2.058865e+000 -2.927904e+002 -2.980585e+002 5.153256e+012 2.260475e-011 2.058865e+000 
d 1.444758e+000 8.581730e-001  1.985857e+000 -3.056465e+002 -3.109145e+002 5.184913e+012 2.260475e-011 1.985857e+000 
d 1.445626e+000 8.576576e-001  1.915625e+000 -3.187099e+002 -3.239779e+002 5.211688e+012 2.260475e-011 1.915625e+000 
d 1.446494e+000 8.571428e-001  1.848055e+000 -3.319796e+002 -3.372476e+002 5.233789e+012 2.260475e-011 1.848055e+000 
d 1.447362e+000 8.566286e-001  1.783036e+000 -3.454544e+002 -3.507224e+002 5.251413e+012 2.260475e-011 1.783036e+000 
d 1.448231e+000 8.561151e-001  1.720465e+000 -3.591326e+002 -3.644006e+002 5.264746e+012 2.260475e-011 1.720465e+000 
d 1.449099e+000 8.556021e-001  1.660240e+000 -3.730121e+002 -3.782801e+002 5.273961e+012 2.260475e-011 1.660240e+000 
d 1.449967e+000 8.550898e-001  1.602265e+000 -3.870906e+002 -3.923586e+002 5.279224e+012 2.260475e-011 1.602265e+000 
d 1.450835e+000 8.545781e-001  1.546449e+000 -4.013654e+002 -4.066335e+002 5.280696e+012 2.260475e-011 1.546449e+000 
d 1.451704e+000 8.540670e-001  1.492703e+000 -4.158336e+002 -4.211016e+002 5.278526e+012 2.260475e-011 1.492703e+000 
d 1.452572e+000 8.535565e-001  1.440943e+000 -4.304917e+002 -4.357597e+002 5.272862e+012 2.260475e-011 1.440943e+000 
d 1.453440e+000 8.530466e-001  1.391090e+000 -4.453362e+002 -4.506043e+002 5.263843e+012 2.260475e-011 1.391090e+000 
d 1.454308e+000 8.525373e-001  1.343066e+000 -4.603634e+002 -4.656314e+002 5.251605e+012 2.260475e-011 1.343066e+000 
d 1.455177e+000 8.520286e-001  1.296798e+000 -4.755691e+002 -4.808371e+002 5.236279e+012 2.260475e-011 1.296798e+000 
d 1.456045e+000 8.515205e-001  1.252217e+000 -4.909490e+002 -4.962170e+002 5.217994e+012 2.260475e-011 1.252217e+000 
d 1.456913e+000 8.510131e-001  1.209254e+000 -5.064985e+002 -5.117665e+002 5.196872e+012 2.260475e-011 1.209254e+000 
d 1.457781e+000 8.505062e-001  1.167847e+000 -5.222129e+002 -5.274809e+002 5.173034e+012 2.260475e-011 1.167847e+000 
d 1.458650e+000 8.500000e-001  1.127935e+000 -5.380872e+002 -5.433552e+002 5.146598e+012 2.260475e-011 1.127935e+000 
d 1.459518e+000 8.494943e-001  1.089458e+000 -5.541161e+002 -5.593842e+002 5.117678e+012 2.260475e-011 1.089458e+000 
d 1.460386e+000 8.489893e-001  1.052360e+000 -5.702945e+002 -5.755625e+002 5.086387e+012 2.260475e-011 1.052360e+000 
d 1.461254e+000 8.484848e-001  1.016589e+000 -5.866166e+002 -5.918846e+002 5.052834e+012 2.260475e-011 1.016589e+000 
d 1.462123e+000 8.479810e-001  9.820932e-001 -6.030769e+002 -6.083449e+002 5.017127e+012 2.260475e-011 9.820932e-001 
d 1.462991e+000 8.474777e-001  9.488232e-001 -6.196695e+002 -6.249375e+002 4.979370e+012 2.260475e-011 9.488232e-001 
d 1.463859e+000 8.469751e-001  9.167324e-001 -6.363885e+002 -6.416565e+002 4.939667e+012 2.260475e-011 9.167324e-001 
d 1.464727e+000 8.464730e-001  8.857758e-001 -6.532277e+002 -6.584958e+002 4.898118e+012 2.260475e-011 8.857758e-001 
d 1.465596e+000 8.459715e-001  8.559104e-001 -6.701811e+002 -6.754491e+002 4.854823e+012 2.260475e-011 8.559104e-001 
d 1.466464e+000 8.454707e-001  8.270950e-001 -6.872422e+002 -6.925102e+002 4.809878e+012 2.260475e-011 8.270950e-001 
d 1.467332e+000 8.449704e-001  7.992902e-001 -7.044048e+002 -7.096728e+002 4.763379e+012 2.260475e-011 7.992902e-001 
d 1.468200e+000 8.444707e-001  7.724580e-001 -7.216623e+002 -7.269303e+002 4.715417e+012 2.260475e-011 7.724580e-001 
d 1.469069e+000 8.439716e-001  7.465621e-001 -7.390084e+002 -7.442764e+002 4.666086e+012 2.260475e-011 7.465621e-001 
d 1.469937e+000 8.434731e-001  7.215679e-001 -7.564364e+002 -7.617044e+002 4.615472e+012 2.260475e-011 7.215679e-001 
d 1.470805e+000 8.429752e-001  6.974418e-001 -7.739398e+002 -7.792078e+002 4.563665e+012 2.260475e-011 6.974418e-001 
d 1.471673e+000 8.424778e-001  6.741518e-001 -7.915120e+002 -7.967801e+002 4.510749e+012 2.260475e-011 6.741518e-001 
d 1.472541e+000 8.419811e-001  6.516673e-001 -8.091465e+002 -8.144145e+002 4.456808e+012 2.260475e-011 6.516673e-001 
d 1.473410e+000 8.414849e-001  6.299587e-001 -8.268365e+002 -8.321045e+002 4.401923e+012 2.260475e-011 6.299587e-001 
d 1.474278e+000 8.409894e-001  6.089977e-001 -8.445756e+002 -8.498436e+002 4.346175e+012 2.260475e-011 6.089977e-001 
d 1.475146e+000 8.404944e-001  5.887572e-001 -8.623571e+002 -8.676252e+002 4.289640e+012 2.260475e-011 5.887572e-001 
d 1.476014e+000 8.400000e-001  5.692109e-001 -8.801747e+002 -8.854427e+002 4.232395e+012 2.260475e-011 5.692109e-001 
d 1.476883e+000 8.395061e-001  5.503338e-001 -8.980217e+002 -9.032897e+002 4.174513e+012 2.260475e-011 5.503338e-001 
d 1.477751e+000 8.390129e-001  5.321019e-001 -9.158919e+002 -9.211599e+002 4.116066e+012 2.260475e-011 5.321019e-001 
