v ATLAS
# This file was created by ATLAS version 5.26.1.R on Sun Jun 14 08:00:30 2020.
#SSF 2.0 generic
##############################################################################
#                    Copyright (c) 1984 - 2018                               #
#                    Silvaco Inc. All rights reserved                        #
#                                                                            #
# This file format and the following Key are copyright Silvaco Inc.          #
# You may not use, this format or key without reproducing this message in    #
# full and obtaining express written permission from Silvaco Inc.            #
#                                                                            #
# To obtain such permission please contact: Silvaco Inc.                     #
#                                           support@silvaco.com              #
#                                                                            #
# KEY=SVC86hn7562asdx                       PROD=345                         #
##############################################################################
o 1 Net gain, mode 1
o 2 Photon lifetime (s)
p 8 2211 87 2001 2201 3000 2214 3001 2212
d 1.409160e+000 8.798521e-001  2.898684e+002 0.000000e+000 -5.268026e+000 1.277584e+013 2.260475e-011 2.898684e+002 
d 1.410028e+000 8.793103e-001  2.898684e+002 0.000000e+000 -5.268026e+000 1.277584e+013 2.260475e-011 2.898684e+002 
d 1.410896e+000 8.787692e-001  2.898684e+002 0.000000e+000 -5.268026e+000 1.277584e+013 2.260475e-011 2.898684e+002 
d 1.411764e+000 8.782288e-001  2.898684e+002 0.000000e+000 -5.268026e+000 1.277584e+013 2.260475e-011 2.898684e+002 
d 1.412633e+000 8.776890e-001  2.898684e+002 0.000000e+000 -5.268026e+000 1.277584e+013 2.260475e-011 2.898684e+002 
d 1.413501e+000 8.771498e-001  2.898684e+002 0.000000e+000 -5.268026e+000 1.277584e+013 2.260475e-011 2.898684e+002 
d 1.414369e+000 8.766114e-001  2.898684e+002 0.000000e+000 -5.268026e+000 1.277584e+013 2.260475e-011 2.898684e+002 
d 1.415237e+000 8.760736e-001  2.898684e+002 0.000000e+000 -5.268026e+000 1.277584e+013 2.260475e-011 2.898684e+002 
d 1.416106e+000 8.755365e-001  2.898684e+002 0.000000e+000 -5.268026e+000 1.277584e+013 2.260475e-011 2.898684e+002 
d 1.416974e+000 8.750000e-001  2.898684e+002 0.000000e+000 -5.268026e+000 1.277584e+013 2.260475e-011 2.898684e+002 
d 1.417842e+000 8.744641e-001  2.898684e+002 0.000000e+000 -5.268026e+000 1.277584e+013 2.260475e-011 2.898684e+002 
d 1.418710e+000 8.739290e-001  2.898684e+002 0.000000e+000 -5.268026e+000 1.277584e+013 2.260475e-011 2.898684e+002 
d 1.419579e+000 8.733945e-001  2.898684e+002 0.000000e+000 -5.268026e+000 1.277584e+013 2.260475e-011 2.898684e+002 
d 1.420447e+000 8.728606e-001  2.898684e+002 0.000000e+000 -5.268026e+000 1.277584e+013 2.260475e-011 2.898684e+002 
d 1.421315e+000 8.723274e-001  2.898684e+002 0.000000e+000 -5.268026e+000 1.277584e+013 2.260475e-011 2.898684e+002 
d 1.422183e+000 8.717948e-001  2.898684e+002 0.000000e+000 -5.268026e+000 1.277584e+013 2.260475e-011 2.898684e+002 
d 1.423052e+000 8.712629e-001  2.040301e+002 3.649562e+000 -1.618463e+000 2.403838e+012 2.260475e-011 2.040301e+002 
d 1.423920e+000 8.707317e-001  6.933895e+004 5.120682e+000 -1.473435e-001 3.803769e+012 2.260475e-011 6.933895e+004 
d 1.424788e+000 8.702011e-001  3.597432e+008 5.607103e+000 3.390773e-001 4.797133e+012 2.260475e-011 3.597432e+008 
d 1.425656e+000 8.696711e-001  3.114315e+009 5.525635e+000 2.576095e-001 5.604284e+012 2.260475e-011 3.114315e+009 
d 1.426525e+000 8.691418e-001  8.284511e+008 5.021313e+000 -2.467123e-001 6.297077e+012 2.260475e-011 8.284511e+008 
d 1.427393e+000 8.686131e-001  4.933302e+007 4.166461e+000 -1.101565e+000 6.909848e+012 2.260475e-011 4.933302e+007 
d 1.428261e+000 8.680851e-001  1.563965e+006 3.003446e+000 -2.264580e+000 7.462200e+012 2.260475e-011 1.563965e+006 
d 1.429129e+000 8.675577e-001  2.473379e+004 1.559451e+000 -3.708575e+000 7.966581e+012 2.260475e-011 2.473379e+004 
d 1.429998e+000 8.670309e-001  4.481824e+002 -1.470846e-001 -5.415110e+000 8.431483e+012 2.260475e-011 4.481824e+002 
d 1.430866e+000 8.665048e-001  1.531908e+002 -2.103211e+000 -7.371237e+000 8.863004e+012 2.260475e-011 1.531908e+002 
d 1.431734e+000 8.659794e-001  1.196815e+002 -4.299649e+000 -9.567674e+000 9.265701e+012 2.260475e-011 1.196815e+002 
d 1.432602e+000 8.654545e-001  9.824972e+001 -6.729692e+000 -1.199772e+001 9.643078e+012 2.260475e-011 9.824972e+001 
d 1.433471e+000 8.649303e-001  8.279104e+001 -9.388514e+000 -1.465654e+001 9.997904e+012 2.260475e-011 8.279104e+001 
d 1.434339e+000 8.644068e-001  7.114288e+001 -1.227269e+001 -1.754072e+001 1.033240e+013 2.260475e-011 7.114288e+001 
d 1.435207e+000 8.638838e-001  6.207180e+001 -1.537989e+001 -2.064792e+001 1.064840e+013 2.260475e-011 6.207180e+001 
d 1.436075e+000 8.633615e-001  5.482066e+001 -1.870863e+001 -2.397666e+001 1.094741e+013 2.260475e-011 5.482066e+001 
d 1.436943e+000 8.628399e-001  4.890016e+001 -2.225809e+001 -2.752612e+001 1.123070e+013 2.260475e-011 4.890016e+001 
d 1.437812e+000 8.623188e-001  4.398068e+001 -2.602802e+001 -3.129605e+001 1.149936e+013 2.260475e-011 4.398068e+001 
d 1.438680e+000 8.617984e-001  3.982426e+001 -3.001861e+001 -3.528663e+001 1.175430e+013 2.260475e-011 3.982426e+001 
d 1.439548e+000 8.612786e-001  3.628488e+001 -3.423039e+001 -3.949842e+001 1.199634e+013 2.260475e-011 3.628488e+001 
d 1.440416e+000 8.607595e-001  3.322986e+001 -3.866424e+001 -4.393227e+001 1.222616e+013 2.260475e-011 3.322986e+001 
d 1.441285e+000 8.602409e-001  3.056829e+001 -4.332125e+001 -4.858928e+001 1.244438e+013 2.260475e-011 3.056829e+001 
d 1.442153e+000 8.597230e-001  2.823055e+001 -4.820274e+001 -5.347077e+001 1.265153e+013 2.260475e-011 2.823055e+001 
d 1.443021e+000 8.592057e-001  2.616243e+001 -5.331019e+001 -5.857821e+001 1.284809e+013 2.260475e-011 2.616243e+001 
d 1.443889e+000 8.586891e-001  2.432110e+001 -5.864520e+001 -6.391323e+001 1.303449e+013 2.260475e-011 2.432110e+001 
d 1.444758e+000 8.581730e-001  2.267232e+001 -6.420952e+001 -6.947755e+001 1.321110e+013 2.260475e-011 2.267232e+001 
d 1.445626e+000 8.576576e-001  2.118833e+001 -7.000494e+001 -7.527297e+001 1.337826e+013 2.260475e-011 2.118833e+001 
d 1.446494e+000 8.571428e-001  1.984646e+001 -7.603334e+001 -8.130137e+001 1.353629e+013 2.260475e-011 1.984646e+001 
d 1.447362e+000 8.566286e-001  1.862795e+001 -8.229664e+001 -8.756466e+001 1.368545e+013 2.260475e-011 1.862795e+001 
d 1.448231e+000 8.561151e-001  1.751722e+001 -8.879676e+001 -9.406479e+001 1.382601e+013 2.260475e-011 1.751722e+001 
d 1.449099e+000 8.556021e-001  1.650115e+001 -9.553566e+001 -1.008037e+002 1.395819e+013 2.260475e-011 1.650115e+001 
d 1.449967e+000 8.550898e-001  1.556866e+001 -1.025153e+002 -1.077833e+002 1.408221e+013 2.260475e-011 1.556866e+001 
d 1.450835e+000 8.545781e-001  1.471034e+001 -1.097375e+002 -1.150055e+002 1.419826e+013 2.260475e-011 1.471034e+001 
d 1.451704e+000 8.540670e-001  1.391811e+001 -1.172042e+002 -1.224722e+002 1.430652e+013 2.260475e-011 1.391811e+001 
d 1.452572e+000 8.535565e-001  1.318502e+001 -1.249172e+002 -1.301853e+002 1.440716e+013 2.260475e-011 1.318502e+001 
d 1.453440e+000 8.530466e-001  1.250504e+001 -1.328783e+002 -1.381463e+002 1.450033e+013 2.260475e-011 1.250504e+001 
d 1.454308e+000 8.525373e-001  1.187295e+001 -1.410891e+002 -1.463572e+002 1.458617e+013 2.260475e-011 1.187295e+001 
d 1.455177e+000 8.520286e-001  1.128416e+001 -1.495513e+002 -1.548193e+002 1.466483e+013 2.260475e-011 1.128416e+001 
d 1.456045e+000 8.515205e-001  1.073466e+001 -1.582663e+002 -1.635343e+002 1.473642e+013 2.260475e-011 1.073466e+001 
d 1.456913e+000 8.510131e-001  1.022091e+001 -1.672354e+002 -1.725034e+002 1.480108e+013 2.260475e-011 1.022091e+001 
d 1.457781e+000 8.505062e-001  9.739780e+000 -1.764600e+002 -1.817280e+002 1.485891e+013 2.260475e-011 9.739780e+000 
d 1.458650e+000 8.500000e-001  9.288485e+000 -1.859411e+002 -1.912091e+002 1.491002e+013 2.260475e-011 9.288485e+000 
d 1.459518e+000 8.494943e-001  8.864550e+000 -1.956797e+002 -2.009477e+002 1.495453e+013 2.260475e-011 8.864550e+000 
d 1.460386e+000 8.489893e-001  8.465762e+000 -2.056766e+002 -2.109446e+002 1.499253e+013 2.260475e-011 8.465762e+000 
d 1.461254e+000 8.484848e-001  8.090137e+000 -2.159324e+002 -2.212005e+002 1.502412e+013 2.260475e-011 8.090137e+000 
d 1.462123e+000 8.479810e-001  7.735890e+000 -2.264477e+002 -2.317158e+002 1.504940e+013 2.260475e-011 7.735890e+000 
d 1.462991e+000 8.474777e-001  7.401415e+000 -2.372228e+002 -2.424908e+002 1.506847e+013 2.260475e-011 7.401415e+000 
d 1.463859e+000 8.469751e-001  7.085258e+000 -2.482576e+002 -2.535256e+002 1.508141e+013 2.260475e-011 7.085258e+000 
d 1.464727e+000 8.464730e-001  6.786104e+000 -2.595521e+002 -2.648202e+002 1.508831e+013 2.260475e-011 6.786104e+000 
d 1.465596e+000 8.459715e-001  6.502756e+000 -2.711061e+002 -2.763741e+002 1.508927e+013 2.260475e-011 6.502756e+000 
d 1.466464e+000 8.454707e-001  6.234127e+000 -2.829189e+002 -2.881869e+002 1.508438e+013 2.260475e-011 6.234127e+000 
d 1.467332e+000 8.449704e-001  5.979225e+000 -2.949899e+002 -3.002579e+002 1.507373e+013 2.260475e-011 5.979225e+000 
d 1.468200e+000 8.444707e-001  5.737143e+000 -3.073179e+002 -3.125860e+002 1.505740e+013 2.260475e-011 5.737143e+000 
d 1.469069e+000 8.439716e-001  5.507051e+000 -3.199020e+002 -3.251700e+002 1.503549e+013 2.260475e-011 5.507051e+000 
d 1.469937e+000 8.434731e-001  5.288186e+000 -3.327405e+002 -3.380085e+002 1.500809e+013 2.260475e-011 5.288186e+000 
d 1.470805e+000 8.429752e-001  5.079848e+000 -3.458318e+002 -3.510998e+002 1.497529e+013 2.260475e-011 5.079848e+000 
d 1.471673e+000 8.424778e-001  4.881393e+000 -3.591740e+002 -3.644420e+002 1.493718e+013 2.260475e-011 4.881393e+000 
d 1.472541e+000 8.419811e-001  4.692227e+000 -3.727648e+002 -3.780329e+002 1.489386e+013 2.260475e-011 4.692227e+000 
d 1.473410e+000 8.414849e-001  4.511799e+000 -3.866019e+002 -3.918699e+002 1.484543e+013 2.260475e-011 4.511799e+000 
d 1.474278e+000 8.409894e-001  4.339602e+000 -4.006825e+002 -4.059505e+002 1.479198e+013 2.260475e-011 4.339602e+000 
d 1.475146e+000 8.404944e-001  4.175166e+000 -4.150037e+002 -4.202717e+002 1.473361e+013 2.260475e-011 4.175166e+000 
d 1.476014e+000 8.400000e-001  4.018053e+000 -4.295622e+002 -4.348303e+002 1.467042e+013 2.260475e-011 4.018053e+000 
d 1.476883e+000 8.395061e-001  3.867857e+000 -4.443547e+002 -4.496227e+002 1.460251e+013 2.260475e-011 3.867857e+000 
d 1.477751e+000 8.390129e-001  3.724202e+000 -4.593773e+002 -4.646453e+002 1.452999e+013 2.260475e-011 3.724202e+000 
