v ATLAS
# This file was created by ATLAS version 5.26.1.R on Sun Jun 14 07:55:02 2020.
#SSF 2.0 generic
##############################################################################
#                    Copyright (c) 1984 - 2018                               #
#                    Silvaco Inc. All rights reserved                        #
#                                                                            #
# This file format and the following Key are copyright Silvaco Inc.          #
# You may not use, this format or key without reproducing this message in    #
# full and obtaining express written permission from Silvaco Inc.            #
#                                                                            #
# To obtain such permission please contact: Silvaco Inc.                     #
#                                           support@silvaco.com              #
#                                                                            #
# KEY=SVC86hn7562asdx                       PROD=345                         #
##############################################################################
y 1 15
z 300
f 2 "anode" "cathode" 
o 1 Front facet reflectivity (%)
o 2 Rear facet reflectivity (%)
o 3 Mirror loss (/cm)
o 4 Total power emitted
p 15 2 601 20 3 602 21 87 2001 2201 2101 3000 3001 3002 2212 3003 
d 1.250000000e+000 1.250000000e+000 6.199859904e-006 0.000000000e+000 0.000000000e+000 -6.199859904e-006 0.879852 2.308648310e+001 0.000000000e+000 2.305855980e-009 9.000000000e+001 9.000000000e+001 5.268025783e+000 2.308648310e+001 2.305855980e-009 
d 1.300000000e+000 1.300000000e+000 1.476867499e-005 0.000000000e+000 0.000000000e+000 -1.476867499e-005 0.879852 3.793499846e+001 0.000000000e+000 3.788911576e-009 9.000000000e+001 9.000000000e+001 5.268025783e+000 3.793499846e+001 3.788911576e-009 
d 1.350000000e+000 1.350000000e+000 3.120226744e-005 0.000000000e+000 0.000000000e+000 -3.120226744e-005 0.879852 1.408251942e+002 0.000000000e+000 1.406548649e-008 9.000000000e+001 9.000000000e+001 5.268025783e+000 1.408251942e+002 1.406548649e-008 
d 1.400000000e+000 1.400000000e+000 6.095096062e-005 0.000000000e+000 0.000000000e+000 -6.095096062e-005 0.879852 4.554644748e+002 0.000000000e+000 4.549135867e-008 9.000000000e+001 9.000000000e+001 5.268025783e+000 4.554644748e+002 4.549135867e-008 
d 1.450000000e+000 1.450000000e+000 1.122556250e-004 0.000000000e+000 0.000000000e+000 -1.122556250e-004 0.879852 1.322992363e+003 0.000000000e+000 1.321392192e-007 9.000000000e+001 9.000000000e+001 5.268025783e+000 1.322992363e+003 1.321392192e-007 
d 1.500000000e+000 1.500000000e+000 1.949088490e-004 0.000000000e+000 0.000000000e+000 -1.949088490e-004 0.879852 3.849537818e+003 0.000000000e+000 3.844881770e-007 9.000000000e+001 9.000000000e+001 5.268025783e+000 3.849537818e+003 3.844881770e-007 
d 1.550000000e+000 1.550000000e+000 3.806855350e-004 0.000000000e+000 0.000000000e+000 -3.806855350e-004 0.869671 1.999264953e+008 6.066006845e+000 2.020223344e-002 9.000000000e+001 9.000000000e+001 5.268025783e+000 1.999264953e+008 2.020223344e-002 
d 1.600000000e+000 1.600000000e+000 6.713320346e-004 0.000000000e+000 0.000000000e+000 -6.713320346e-004 0.870201 5.792729191e+008 5.943786648e+000 5.849889818e-002 9.000000000e+001 9.000000000e+001 5.268025783e+000 5.792729191e+008 5.849889818e-002 
d 1.650000000e+000 1.650000000e+000 1.034072593e-003 0.000000000e+000 0.000000000e+000 -1.034072593e-003 0.870201 1.067209428e+009 5.831323930e+000 1.077740278e-001 9.000000000e+001 9.000000000e+001 5.268025783e+000 1.067209428e+009 1.077740278e-001 
d 1.700000000e+000 1.700000000e+000 1.451052964e-003 0.000000000e+000 0.000000000e+000 -1.451052964e-003 0.870201 1.644499679e+009 5.727578187e+000 1.660727027e-001 9.000000000e+001 9.000000000e+001 5.268025783e+000 1.644499679e+009 1.660727027e-001 
d 1.750000000e+000 1.750000000e+000 1.906299107e-003 0.000000000e+000 0.000000000e+000 -1.906299107e-003 0.870201 2.267566806e+009 5.697130635e+000 2.289942363e-001 9.000000000e+001 9.000000000e+001 5.268025783e+000 2.267566806e+009 2.289942363e-001 
d 1.800000000e+000 1.800000000e+000 2.388087962e-003 0.000000000e+000 0.000000000e+000 -2.388087962e-003 0.870201 2.944699049e+009 5.644016486e+000 2.973756310e-001 9.000000000e+001 9.000000000e+001 5.268025783e+000 2.944699049e+009 2.973756310e-001 
d 1.850000000e+000 1.850000000e+000 2.887595475e-003 0.000000000e+000 0.000000000e+000 -2.887595475e-003 0.870201 3.628066797e+009 5.643085661e+000 3.663867292e-001 9.000000000e+001 9.000000000e+001 5.268025783e+000 3.628066797e+009 3.663867292e-001 
d 1.900000000e+000 1.900000000e+000 3.398712178e-003 0.000000000e+000 0.000000000e+000 -3.398712178e-003 0.870201 4.353507246e+009 5.607103088e+000 4.396466134e-001 9.000000000e+001 9.000000000e+001 5.268025783e+000 4.353507246e+009 4.396466134e-001 
d 1.950000000e+000 1.950000000e+000 3.916884020e-003 0.000000000e+000 0.000000000e+000 -3.916884020e-003 0.870201 5.057222954e+009 5.621056089e+000 5.107125863e-001 9.000000000e+001 9.000000000e+001 5.268025783e+000 5.057222954e+009 5.107125863e-001 
d 2.000000000e+000 2.000000000e+000 4.438811105e-003 0.000000000e+000 0.000000000e+000 -4.438811105e-003 0.870201 5.800177278e+009 5.596710977e+000 5.857411400e-001 9.000000000e+001 9.000000000e+001 5.268025783e+000 5.800177278e+009 5.857411400e-001 
d 2.047792189e+000 2.047792189e+000 4.938811105e-003 0.000000000e+000 0.000000000e+000 -4.938811105e-003 0.870201 6.520982116e+009 5.569903658e+000 6.585328889e-001 9.000000000e+001 9.000000000e+001 5.268025783e+000 6.520982116e+009 6.585328889e-001 
