v ATLAS
# This file was created by ATLAS version 5.26.1.R on Sun Jun 14 07:59:32 2020.
#SSF 2.0 generic
##############################################################################
#                    Copyright (c) 1984 - 2018                               #
#                    Silvaco Inc. All rights reserved                        #
#                                                                            #
# This file format and the following Key are copyright Silvaco Inc.          #
# You may not use, this format or key without reproducing this message in    #
# full and obtaining express written permission from Silvaco Inc.            #
#                                                                            #
# To obtain such permission please contact: Silvaco Inc.                     #
#                                           support@silvaco.com              #
#                                                                            #
# KEY=SVC86hn7562asdx                       PROD=345                         #
##############################################################################
o 1 Net gain, mode 1
o 2 Photon lifetime (s)
p 8 2211 87 2001 2201 3000 2214 3001 2212
d 1.409160e+000 8.798521e-001  2.833348e+002 0.000000e+000 -5.268026e+000 1.246797e+013 2.260475e-011 2.833348e+002 
d 1.410028e+000 8.793103e-001  2.833348e+002 0.000000e+000 -5.268026e+000 1.246797e+013 2.260475e-011 2.833348e+002 
d 1.410896e+000 8.787692e-001  2.833348e+002 0.000000e+000 -5.268026e+000 1.246797e+013 2.260475e-011 2.833348e+002 
d 1.411764e+000 8.782288e-001  2.833348e+002 0.000000e+000 -5.268026e+000 1.246797e+013 2.260475e-011 2.833348e+002 
d 1.412633e+000 8.776890e-001  2.833348e+002 0.000000e+000 -5.268026e+000 1.246797e+013 2.260475e-011 2.833348e+002 
d 1.413501e+000 8.771498e-001  2.833348e+002 0.000000e+000 -5.268026e+000 1.246797e+013 2.260475e-011 2.833348e+002 
d 1.414369e+000 8.766114e-001  2.833348e+002 0.000000e+000 -5.268026e+000 1.246797e+013 2.260475e-011 2.833348e+002 
d 1.415237e+000 8.760736e-001  2.833348e+002 0.000000e+000 -5.268026e+000 1.246797e+013 2.260475e-011 2.833348e+002 
d 1.416106e+000 8.755365e-001  2.833348e+002 0.000000e+000 -5.268026e+000 1.246797e+013 2.260475e-011 2.833348e+002 
d 1.416974e+000 8.750000e-001  2.833348e+002 0.000000e+000 -5.268026e+000 1.246797e+013 2.260475e-011 2.833348e+002 
d 1.417842e+000 8.744641e-001  2.833348e+002 0.000000e+000 -5.268026e+000 1.246797e+013 2.260475e-011 2.833348e+002 
d 1.418710e+000 8.739290e-001  2.833348e+002 0.000000e+000 -5.268026e+000 1.246797e+013 2.260475e-011 2.833348e+002 
d 1.419579e+000 8.733945e-001  2.833348e+002 0.000000e+000 -5.268026e+000 1.246797e+013 2.260475e-011 2.833348e+002 
d 1.420447e+000 8.728606e-001  2.833348e+002 0.000000e+000 -5.268026e+000 1.246797e+013 2.260475e-011 2.833348e+002 
d 1.421315e+000 8.723274e-001  2.833348e+002 0.000000e+000 -5.268026e+000 1.246797e+013 2.260475e-011 2.833348e+002 
d 1.422183e+000 8.717948e-001  2.833348e+002 0.000000e+000 -5.268026e+000 1.246797e+013 2.260475e-011 2.833348e+002 
d 1.423052e+000 8.712629e-001  2.345864e+002 3.694618e+000 -1.573408e+000 2.380343e+012 2.260475e-011 2.345864e+002 
d 1.423920e+000 8.707317e-001  5.825688e+004 5.192017e+000 -7.600920e-002 3.766391e+012 2.260475e-011 5.825688e+004 
d 1.424788e+000 8.702011e-001  1.603789e+008 5.697131e+000 4.291049e-001 4.749697e+012 2.260475e-011 1.603789e+008 
d 1.425656e+000 8.696711e-001  1.401983e+009 5.630904e+000 3.628785e-001 5.548498e+012 2.260475e-011 1.401983e+009 
d 1.426525e+000 8.691418e-001  6.098552e+008 5.139724e+000 -1.283018e-001 6.233966e+012 2.260475e-011 6.098552e+008 
d 1.427393e+000 8.686131e-001  8.601721e+007 4.296561e+000 -9.714644e-001 6.840109e+012 2.260475e-011 8.601721e+007 
d 1.428261e+000 8.680851e-001  8.706955e+006 3.144159e+000 -2.123867e+000 7.386345e+012 2.260475e-011 8.706955e+006 
d 1.429129e+000 8.675577e-001  5.351172e+005 1.709937e+000 -3.558089e+000 7.885006e+012 2.260475e-011 5.351172e+005 
d 1.429998e+000 8.670309e-001  2.502461e+004 1.249925e-002 -5.255527e+000 8.344502e+012 2.260475e-011 2.502461e+004 
d 1.430866e+000 8.665048e-001  9.432102e+002 -1.935083e+000 -7.203109e+000 8.770876e+012 2.260475e-011 9.432102e+002 
d 1.431734e+000 8.659794e-001  1.451737e+002 -4.123438e+000 -9.391464e+000 9.168640e+012 2.260475e-011 1.451737e+002 
d 1.432602e+000 8.654545e-001  1.003186e+002 -6.545790e+000 -1.181382e+001 9.541268e+012 2.260475e-011 1.003186e+002 
d 1.433471e+000 8.649303e-001  8.357659e+001 -9.197252e+000 -1.446528e+001 9.891500e+012 2.260475e-011 8.357659e+001 
d 1.434339e+000 8.644068e-001  7.149287e+001 -1.207436e+001 -1.734238e+001 1.022154e+013 2.260475e-011 7.149287e+001 
d 1.435207e+000 8.638838e-001  6.219339e+001 -1.517472e+001 -2.044275e+001 1.053320e+013 2.260475e-011 6.219339e+001 
d 1.436075e+000 8.633615e-001  5.481146e+001 -1.849683e+001 -2.376486e+001 1.082798e+013 2.260475e-011 5.481146e+001 
d 1.436943e+000 8.628399e-001  4.881438e+001 -2.203984e+001 -2.730787e+001 1.110713e+013 2.260475e-011 4.881438e+001 
d 1.437812e+000 8.623188e-001  4.384962e+001 -2.580347e+001 -3.107149e+001 1.137173e+013 2.260475e-011 4.384962e+001 
d 1.438680e+000 8.617984e-001  3.966862e+001 -2.978787e+001 -3.505590e+001 1.162269e+013 2.260475e-011 3.966862e+001 
d 1.439548e+000 8.612786e-001  3.611353e+001 -3.399358e+001 -3.926160e+001 1.186081e+013 2.260475e-011 3.611353e+001 
d 1.440416e+000 8.607595e-001  3.304995e+001 -3.842142e+001 -4.368945e+001 1.208678e+013 2.260475e-011 3.304995e+001 
d 1.441285e+000 8.602409e-001  3.038444e+001 -4.307249e+001 -4.834052e+001 1.230120e+013 2.260475e-011 3.038444e+001 
d 1.442153e+000 8.597230e-001  2.804578e+001 -4.794808e+001 -5.321611e+001 1.250460e+013 2.260475e-011 2.804578e+001 
d 1.443021e+000 8.592057e-001  2.597875e+001 -5.304965e+001 -5.831767e+001 1.269746e+013 2.260475e-011 2.597875e+001 
d 1.443889e+000 8.586891e-001  2.413985e+001 -5.837880e+001 -6.364682e+001 1.288020e+013 2.260475e-011 2.413985e+001 
d 1.444758e+000 8.581730e-001  2.249437e+001 -6.393724e+001 -6.920526e+001 1.305319e+013 2.260475e-011 2.249437e+001 
d 1.445626e+000 8.576576e-001  2.101425e+001 -6.972676e+001 -7.499479e+001 1.321678e+013 2.260475e-011 2.101425e+001 
d 1.446494e+000 8.571428e-001  1.967659e+001 -7.574923e+001 -8.101726e+001 1.337126e+013 2.260475e-011 1.967659e+001 
d 1.447362e+000 8.566286e-001  1.846250e+001 -8.200654e+001 -8.727457e+001 1.351692e+013 2.260475e-011 1.846250e+001 
d 1.448231e+000 8.561151e-001  1.735627e+001 -8.850062e+001 -9.376864e+001 1.365400e+013 2.260475e-011 1.735627e+001 
d 1.449099e+000 8.556021e-001  1.634472e+001 -9.523339e+001 -1.005014e+002 1.378273e+013 2.260475e-011 1.634472e+001 
d 1.449967e+000 8.550898e-001  1.541673e+001 -1.022068e+002 -1.074748e+002 1.390333e+013 2.260475e-011 1.541673e+001 
d 1.450835e+000 8.545781e-001  1.456282e+001 -1.094227e+002 -1.146907e+002 1.401599e+013 2.260475e-011 1.456282e+001 
d 1.451704e+000 8.540670e-001  1.377491e+001 -1.168830e+002 -1.221510e+002 1.412089e+013 2.260475e-011 1.377491e+001 
d 1.452572e+000 8.535565e-001  1.304602e+001 -1.245895e+002 -1.298575e+002 1.421819e+013 2.260475e-011 1.304602e+001 
d 1.453440e+000 8.530466e-001  1.237012e+001 -1.325439e+002 -1.378119e+002 1.430805e+013 2.260475e-011 1.237012e+001 
d 1.454308e+000 8.525373e-001  1.174198e+001 -1.407479e+002 -1.460159e+002 1.439061e+013 2.260475e-011 1.174198e+001 
d 1.455177e+000 8.520286e-001  1.115701e+001 -1.492031e+002 -1.544711e+002 1.446601e+013 2.260475e-011 1.115701e+001 
d 1.456045e+000 8.515205e-001  1.061119e+001 -1.579109e+002 -1.631790e+002 1.453438e+013 2.260475e-011 1.061119e+001 
d 1.456913e+000 8.510131e-001  1.010099e+001 -1.668728e+002 -1.721408e+002 1.459583e+013 2.260475e-011 1.010099e+001 
d 1.457781e+000 8.505062e-001  9.623275e+000 -1.760899e+002 -1.813579e+002 1.465049e+013 2.260475e-011 9.623275e+000 
d 1.458650e+000 8.500000e-001  9.175271e+000 -1.855633e+002 -1.908313e+002 1.469847e+013 2.260475e-011 9.175271e+000 
d 1.459518e+000 8.494943e-001  8.754504e+000 -1.952941e+002 -2.005621e+002 1.473986e+013 2.260475e-011 8.754504e+000 
d 1.460386e+000 8.489893e-001  8.358764e+000 -2.052830e+002 -2.105510e+002 1.477478e+013 2.260475e-011 8.358764e+000 
d 1.461254e+000 8.484848e-001  7.986072e+000 -2.155306e+002 -2.207986e+002 1.480332e+013 2.260475e-011 7.986072e+000 
d 1.462123e+000 8.479810e-001  7.634649e+000 -2.260375e+002 -2.313055e+002 1.482559e+013 2.260475e-011 7.634649e+000 
d 1.462991e+000 8.474777e-001  7.302891e+000 -2.368038e+002 -2.420719e+002 1.484167e+013 2.260475e-011 7.302891e+000 
d 1.463859e+000 8.469751e-001  6.989352e+000 -2.478298e+002 -2.530979e+002 1.485166e+013 2.260475e-011 6.989352e+000 
d 1.464727e+000 8.464730e-001  6.692717e+000 -2.591153e+002 -2.643833e+002 1.485565e+013 2.260475e-011 6.692717e+000 
d 1.465596e+000 8.459715e-001  6.411798e+000 -2.706600e+002 -2.759280e+002 1.485374e+013 2.260475e-011 6.411798e+000 
d 1.466464e+000 8.454707e-001  6.145509e+000 -2.824633e+002 -2.877313e+002 1.484602e+013 2.260475e-011 6.145509e+000 
d 1.467332e+000 8.449704e-001  5.892863e+000 -2.945245e+002 -2.997926e+002 1.483258e+013 2.260475e-011 5.892863e+000 
d 1.468200e+000 8.444707e-001  5.652957e+000 -3.068427e+002 -3.121107e+002 1.481351e+013 2.260475e-011 5.652957e+000 
d 1.469069e+000 8.439716e-001  5.424965e+000 -3.194166e+002 -3.246846e+002 1.478891e+013 2.260475e-011 5.424965e+000 
d 1.469937e+000 8.434731e-001  5.208127e+000 -3.322448e+002 -3.375128e+002 1.475886e+013 2.260475e-011 5.208127e+000 
d 1.470805e+000 8.429752e-001  5.001748e+000 -3.453256e+002 -3.505936e+002 1.472346e+013 2.260475e-011 5.001748e+000 
d 1.471673e+000 8.424778e-001  4.805185e+000 -3.586570e+002 -3.639251e+002 1.468282e+013 2.260475e-011 4.805185e+000 
d 1.472541e+000 8.419811e-001  4.617847e+000 -3.722370e+002 -3.775050e+002 1.463701e+013 2.260475e-011 4.617847e+000 
d 1.473410e+000 8.414849e-001  4.439188e+000 -3.860629e+002 -3.913310e+002 1.458615e+013 2.260475e-011 4.439188e+000 
d 1.474278e+000 8.409894e-001  4.268703e+000 -4.001323e+002 -4.054003e+002 1.453033e+013 2.260475e-011 4.268703e+000 
d 1.475146e+000 8.404944e-001  4.105924e+000 -4.144420e+002 -4.197100e+002 1.446965e+013 2.260475e-011 4.105924e+000 
d 1.476014e+000 8.400000e-001  3.950417e+000 -4.289889e+002 -4.342570e+002 1.440421e+013 2.260475e-011 3.950417e+000 
d 1.476883e+000 8.395061e-001  3.801777e+000 -4.437697e+002 -4.490377e+002 1.433413e+013 2.260475e-011 3.801777e+000 
d 1.477751e+000 8.390129e-001  3.659631e+000 -4.587804e+002 -4.640484e+002 1.425951e+013 2.260475e-011 3.659631e+000 
