v ATLAS
# This file was created by ATLAS version 5.26.1.R on Sun Jun 14 07:55:54 2020.
#SSF 2.0 generic
##############################################################################
#                    Copyright (c) 1984 - 2018                               #
#                    Silvaco Inc. All rights reserved                        #
#                                                                            #
# This file format and the following Key are copyright Silvaco Inc.          #
# You may not use, this format or key without reproducing this message in    #
# full and obtaining express written permission from Silvaco Inc.            #
#                                                                            #
# To obtain such permission please contact: Silvaco Inc.                     #
#                                           support@silvaco.com              #
#                                                                            #
# KEY=SVC86hn7562asdx                       PROD=345                         #
##############################################################################
o 1 Net gain, mode 1
o 2 Photon lifetime (s)
p 8 2211 87 2001 2201 3000 2214 3001 2212
d 1.409160e+000 8.798521e-001  8.315358e+000 0.000000e+000 -5.268026e+000 3.813414e+011 2.260475e-011 8.315358e+000 
d 1.410028e+000 8.793103e-001  8.315358e+000 0.000000e+000 -5.268026e+000 3.813414e+011 2.260475e-011 8.315358e+000 
d 1.410896e+000 8.787692e-001  8.315358e+000 0.000000e+000 -5.268026e+000 3.813414e+011 2.260475e-011 8.315358e+000 
d 1.411764e+000 8.782288e-001  8.315358e+000 0.000000e+000 -5.268026e+000 3.813414e+011 2.260475e-011 8.315358e+000 
d 1.412633e+000 8.776890e-001  8.315358e+000 0.000000e+000 -5.268026e+000 3.813414e+011 2.260475e-011 8.315358e+000 
d 1.413501e+000 8.771498e-001  8.315358e+000 0.000000e+000 -5.268026e+000 3.813414e+011 2.260475e-011 8.315358e+000 
d 1.414369e+000 8.766114e-001  8.315358e+000 0.000000e+000 -5.268026e+000 3.813414e+011 2.260475e-011 8.315358e+000 
d 1.415237e+000 8.760736e-001  8.315358e+000 0.000000e+000 -5.268026e+000 3.813414e+011 2.260475e-011 8.315358e+000 
d 1.416106e+000 8.755365e-001  8.315358e+000 0.000000e+000 -5.268026e+000 3.813414e+011 2.260475e-011 8.315358e+000 
d 1.416974e+000 8.750000e-001  8.315358e+000 0.000000e+000 -5.268026e+000 3.813414e+011 2.260475e-011 8.315358e+000 
d 1.417842e+000 8.744641e-001  8.315358e+000 0.000000e+000 -5.268026e+000 3.813414e+011 2.260475e-011 8.315358e+000 
d 1.418710e+000 8.739290e-001  8.315358e+000 0.000000e+000 -5.268026e+000 3.813414e+011 2.260475e-011 8.315358e+000 
d 1.419579e+000 8.733945e-001  8.315358e+000 0.000000e+000 -5.268026e+000 3.813414e+011 2.260475e-011 8.315358e+000 
d 1.420447e+000 8.728606e-001  8.315358e+000 0.000000e+000 -5.268026e+000 3.813414e+011 2.260475e-011 8.315358e+000 
d 1.421315e+000 8.723274e-001  8.315358e+000 0.000000e+000 -5.268026e+000 3.813414e+011 2.260475e-011 8.315358e+000 
d 1.422183e+000 8.717948e-001  8.315358e+000 0.000000e+000 -5.268026e+000 3.813414e+011 2.260475e-011 8.315358e+000 
d 1.423052e+000 8.712629e-001  2.730906e-001 -8.396411e+001 -8.923214e+001 2.046353e+011 2.260475e-011 2.730906e-001 
d 1.423920e+000 8.707317e-001  2.702495e-001 -1.351674e+002 -1.404354e+002 3.187087e+011 2.260475e-011 2.702495e-001 
d 1.424788e+000 8.702011e-001  2.636430e-001 -1.733957e+002 -1.786637e+002 3.955535e+011 2.260475e-011 2.636430e-001 
d 1.425656e+000 8.696711e-001  2.562732e-001 -2.060212e+002 -2.112893e+002 4.547084e+011 2.260475e-011 2.562732e-001 
d 1.426525e+000 8.691418e-001  2.487252e-001 -2.353993e+002 -2.406673e+002 5.026775e+011 2.260475e-011 2.487252e-001 
d 1.427393e+000 8.686131e-001  2.412009e-001 -2.626333e+002 -2.679013e+002 5.426330e+011 2.260475e-011 2.412009e-001 
d 1.428261e+000 8.680851e-001  2.337877e-001 -2.883406e+002 -2.936086e+002 5.764251e+011 2.260475e-011 2.337877e-001 
d 1.429129e+000 8.675577e-001  2.265285e-001 -3.129051e+002 -3.181731e+002 6.052555e+011 2.260475e-011 2.265285e-001 
d 1.429998e+000 8.670309e-001  2.194452e-001 -3.365830e+002 -3.418510e+002 6.299635e+011 2.260475e-011 2.194452e-001 
d 1.430866e+000 8.665048e-001  2.125489e-001 -3.595540e+002 -3.648220e+002 6.511669e+011 2.260475e-011 2.125489e-001 
d 1.431734e+000 8.659794e-001  2.058445e-001 -3.819490e+002 -3.872170e+002 6.693392e+011 2.260475e-011 2.058445e-001 
d 1.432602e+000 8.654545e-001  1.993334e-001 -4.038663e+002 -4.091344e+002 6.848548e+011 2.260475e-011 1.993334e-001 
d 1.433471e+000 8.649303e-001  1.930146e-001 -4.253812e+002 -4.306492e+002 6.980176e+011 2.260475e-011 1.930146e-001 
d 1.434339e+000 8.644068e-001  1.868858e-001 -4.465523e+002 -4.518203e+002 7.090791e+011 2.260475e-011 1.868858e-001 
d 1.435207e+000 8.638838e-001  1.809438e-001 -4.674262e+002 -4.726943e+002 7.182514e+011 2.260475e-011 1.809438e-001 
d 1.436075e+000 8.633615e-001  1.751845e-001 -4.880403e+002 -4.933084e+002 7.257160e+011 2.260475e-011 1.751845e-001 
d 1.436943e+000 8.628399e-001  1.696039e-001 -5.084247e+002 -5.136927e+002 7.316302e+011 2.260475e-011 1.696039e-001 
d 1.437812e+000 8.623188e-001  1.641973e-001 -5.286038e+002 -5.338719e+002 7.361317e+011 2.260475e-011 1.641973e-001 
d 1.438680e+000 8.617984e-001  1.589602e-001 -5.485979e+002 -5.538659e+002 7.393423e+011 2.260475e-011 1.589602e-001 
d 1.439548e+000 8.612786e-001  1.538879e-001 -5.684234e+002 -5.736914e+002 7.413708e+011 2.260475e-011 1.538879e-001 
d 1.440416e+000 8.607595e-001  1.489758e-001 -5.880940e+002 -5.933620e+002 7.423145e+011 2.260475e-011 1.489758e-001 
d 1.441285e+000 8.602409e-001  1.442191e-001 -6.076208e+002 -6.128888e+002 7.422618e+011 2.260475e-011 1.442191e-001 
d 1.442153e+000 8.597230e-001  1.396133e-001 -6.270132e+002 -6.322812e+002 7.412927e+011 2.260475e-011 1.396133e-001 
d 1.443021e+000 8.592057e-001  1.351539e-001 -6.462788e+002 -6.515468e+002 7.394803e+011 2.260475e-011 1.351539e-001 
d 1.443889e+000 8.586891e-001  1.308363e-001 -6.654238e+002 -6.706918e+002 7.368918e+011 2.260475e-011 1.308363e-001 
d 1.444758e+000 8.581730e-001  1.266563e-001 -6.844534e+002 -6.897214e+002 7.335890e+011 2.260475e-011 1.266563e-001 
d 1.445626e+000 8.576576e-001  1.226095e-001 -7.033717e+002 -7.086397e+002 7.296290e+011 2.260475e-011 1.226095e-001 
d 1.446494e+000 8.571428e-001  1.186919e-001 -7.221821e+002 -7.274501e+002 7.250645e+011 2.260475e-011 1.186919e-001 
d 1.447362e+000 8.566286e-001  1.148993e-001 -7.408871e+002 -7.461552e+002 7.199446e+011 2.260475e-011 1.148993e-001 
d 1.448231e+000 8.561151e-001  1.112280e-001 -7.594890e+002 -7.647570e+002 7.143152e+011 2.260475e-011 1.112280e-001 
d 1.449099e+000 8.556021e-001  1.076739e-001 -7.779891e+002 -7.832572e+002 7.082187e+011 2.260475e-011 1.076739e-001 
d 1.449967e+000 8.550898e-001  1.042335e-001 -7.963888e+002 -8.016568e+002 7.016950e+011 2.260475e-011 1.042335e-001 
d 1.450835e+000 8.545781e-001  1.009032e-001 -8.146886e+002 -8.199566e+002 6.947814e+011 2.260475e-011 1.009032e-001 
d 1.451704e+000 8.540670e-001  9.767934e-002 -8.328892e+002 -8.381573e+002 6.875127e+011 2.260475e-011 9.767934e-002 
d 1.452572e+000 8.535565e-001  9.455866e-002 -8.509908e+002 -8.562588e+002 6.799216e+011 2.260475e-011 9.455866e-002 
d 1.453440e+000 8.530466e-001  9.153782e-002 -8.689934e+002 -8.742614e+002 6.720389e+011 2.260475e-011 9.153782e-002 
d 1.454308e+000 8.525373e-001  8.861366e-002 -8.868968e+002 -8.921648e+002 6.638933e+011 2.260475e-011 8.861366e-002 
d 1.455177e+000 8.520286e-001  8.578307e-002 -9.047008e+002 -9.099688e+002 6.555119e+011 2.260475e-011 8.578307e-002 
d 1.456045e+000 8.515205e-001  8.304306e-002 -9.224049e+002 -9.276730e+002 6.469202e+011 2.260475e-011 8.304306e-002 
d 1.456913e+000 8.510131e-001  8.039074e-002 -9.400087e+002 -9.452767e+002 6.381422e+011 2.260475e-011 8.039074e-002 
d 1.457781e+000 8.505062e-001  7.782330e-002 -9.575116e+002 -9.627796e+002 6.292004e+011 2.260475e-011 7.782330e-002 
d 1.458650e+000 8.500000e-001  7.533800e-002 -9.749129e+002 -9.801809e+002 6.201159e+011 2.260475e-011 7.533800e-002 
d 1.459518e+000 8.494943e-001  7.293223e-002 -9.922120e+002 -9.974800e+002 6.109086e+011 2.260475e-011 7.293223e-002 
d 1.460386e+000 8.489893e-001  7.060344e-002 -1.009408e+003 -1.014676e+003 6.015972e+011 2.260475e-011 7.060344e-002 
d 1.461254e+000 8.484848e-001  6.834914e-002 -1.026501e+003 -1.031769e+003 5.921994e+011 2.260475e-011 6.834914e-002 
d 1.462123e+000 8.479810e-001  6.616696e-002 -1.043489e+003 -1.048757e+003 5.827317e+011 2.260475e-011 6.616696e-002 
d 1.462991e+000 8.474777e-001  6.405457e-002 -1.060373e+003 -1.065641e+003 5.732096e+011 2.260475e-011 6.405457e-002 
d 1.463859e+000 8.469751e-001  6.200975e-002 -1.077150e+003 -1.082419e+003 5.636476e+011 2.260475e-011 6.200975e-002 
d 1.464727e+000 8.464730e-001  6.003032e-002 -1.093822e+003 -1.099090e+003 5.540595e+011 2.260475e-011 6.003032e-002 
d 1.465596e+000 8.459715e-001  5.811418e-002 -1.110387e+003 -1.115655e+003 5.444580e+011 2.260475e-011 5.811418e-002 
d 1.466464e+000 8.454707e-001  5.625930e-002 -1.126844e+003 -1.132112e+003 5.348552e+011 2.260475e-011 5.625930e-002 
d 1.467332e+000 8.449704e-001  5.446372e-002 -1.143193e+003 -1.148461e+003 5.252622e+011 2.260475e-011 5.446372e-002 
d 1.468200e+000 8.444707e-001  5.272554e-002 -1.159434e+003 -1.164702e+003 5.156895e+011 2.260475e-011 5.272554e-002 
d 1.469069e+000 8.439716e-001  5.104291e-002 -1.175566e+003 -1.180834e+003 5.061469e+011 2.260475e-011 5.104291e-002 
d 1.469937e+000 8.434731e-001  4.941405e-002 -1.191588e+003 -1.196856e+003 4.966436e+011 2.260475e-011 4.941405e-002 
d 1.470805e+000 8.429752e-001  4.783725e-002 -1.207501e+003 -1.212769e+003 4.871881e+011 2.260475e-011 4.783725e-002 
d 1.471673e+000 8.424778e-001  4.631082e-002 -1.223303e+003 -1.228571e+003 4.777881e+011 2.260475e-011 4.631082e-002 
d 1.472541e+000 8.419811e-001  4.483315e-002 -1.238996e+003 -1.244264e+003 4.684511e+011 2.260475e-011 4.483315e-002 
d 1.473410e+000 8.414849e-001  4.340269e-002 -1.254578e+003 -1.259846e+003 4.591838e+011 2.260475e-011 4.340269e-002 
d 1.474278e+000 8.409894e-001  4.201792e-002 -1.270049e+003 -1.275317e+003 4.499925e+011 2.260475e-011 4.201792e-002 
d 1.475146e+000 8.404944e-001  4.067737e-002 -1.285410e+003 -1.290678e+003 4.408830e+011 2.260475e-011 4.067737e-002 
d 1.476014e+000 8.400000e-001  3.937963e-002 -1.300660e+003 -1.305928e+003 4.318605e+011 2.260475e-011 3.937963e-002 
d 1.476883e+000 8.395061e-001  3.812333e-002 -1.315800e+003 -1.321068e+003 4.229299e+011 2.260475e-011 3.812333e-002 
d 1.477751e+000 8.390129e-001  3.690714e-002 -1.330829e+003 -1.336097e+003 4.140957e+011 2.260475e-011 3.690714e-002 
