v ATLAS
# This file was created by ATLAS version 5.26.1.R on Sun Jun 14 07:59:10 2020.
#SSF 2.0 generic
##############################################################################
#                    Copyright (c) 1984 - 2018                               #
#                    Silvaco Inc. All rights reserved                        #
#                                                                            #
# This file format and the following Key are copyright Silvaco Inc.          #
# You may not use, this format or key without reproducing this message in    #
# full and obtaining express written permission from Silvaco Inc.            #
#                                                                            #
# To obtain such permission please contact: Silvaco Inc.                     #
#                                           support@silvaco.com              #
#                                                                            #
# KEY=SVC86hn7562asdx                       PROD=345                         #
##############################################################################
o 1 Net gain, mode 1
o 2 Photon lifetime (s)
p 8 2211 87 2001 2201 3000 2214 3001 2212
d 1.409160e+000 8.798521e-001  2.803647e+002 0.000000e+000 -5.268026e+000 1.233211e+013 2.260475e-011 2.803647e+002 
d 1.410028e+000 8.793103e-001  2.803647e+002 0.000000e+000 -5.268026e+000 1.233211e+013 2.260475e-011 2.803647e+002 
d 1.410896e+000 8.787692e-001  2.803647e+002 0.000000e+000 -5.268026e+000 1.233211e+013 2.260475e-011 2.803647e+002 
d 1.411764e+000 8.782288e-001  2.803647e+002 0.000000e+000 -5.268026e+000 1.233211e+013 2.260475e-011 2.803647e+002 
d 1.412633e+000 8.776890e-001  2.803647e+002 0.000000e+000 -5.268026e+000 1.233211e+013 2.260475e-011 2.803647e+002 
d 1.413501e+000 8.771498e-001  2.803647e+002 0.000000e+000 -5.268026e+000 1.233211e+013 2.260475e-011 2.803647e+002 
d 1.414369e+000 8.766114e-001  2.803647e+002 0.000000e+000 -5.268026e+000 1.233211e+013 2.260475e-011 2.803647e+002 
d 1.415237e+000 8.760736e-001  2.803647e+002 0.000000e+000 -5.268026e+000 1.233211e+013 2.260475e-011 2.803647e+002 
d 1.416106e+000 8.755365e-001  2.803647e+002 0.000000e+000 -5.268026e+000 1.233211e+013 2.260475e-011 2.803647e+002 
d 1.416974e+000 8.750000e-001  2.803647e+002 0.000000e+000 -5.268026e+000 1.233211e+013 2.260475e-011 2.803647e+002 
d 1.417842e+000 8.744641e-001  2.803647e+002 0.000000e+000 -5.268026e+000 1.233211e+013 2.260475e-011 2.803647e+002 
d 1.418710e+000 8.739290e-001  2.803647e+002 0.000000e+000 -5.268026e+000 1.233211e+013 2.260475e-011 2.803647e+002 
d 1.419579e+000 8.733945e-001  2.803647e+002 0.000000e+000 -5.268026e+000 1.233211e+013 2.260475e-011 2.803647e+002 
d 1.420447e+000 8.728606e-001  2.803647e+002 0.000000e+000 -5.268026e+000 1.233211e+013 2.260475e-011 2.803647e+002 
d 1.421315e+000 8.723274e-001  2.803647e+002 0.000000e+000 -5.268026e+000 1.233211e+013 2.260475e-011 2.803647e+002 
d 1.422183e+000 8.717948e-001  2.803647e+002 0.000000e+000 -5.268026e+000 1.233211e+013 2.260475e-011 2.803647e+002 
d 1.423052e+000 8.712629e-001  2.502321e+002 3.710032e+000 -1.557994e+000 2.368777e+012 2.260475e-011 2.502321e+002 
d 1.423920e+000 8.707317e-001  5.106254e+004 5.216283e+000 -5.174318e-002 3.747983e+012 2.260475e-011 5.106254e+004 
d 1.424788e+000 8.702011e-001  1.092492e+008 5.727578e+000 4.595524e-001 4.726335e+012 2.260475e-011 1.092492e+008 
d 1.425656e+000 8.696711e-001  9.421974e+008 5.666297e+000 3.982709e-001 5.521026e+012 2.260475e-011 9.421974e+008 
d 1.426525e+000 8.691418e-001  4.838515e+008 5.179296e+000 -8.872978e-002 6.202890e+012 2.260475e-011 4.838515e+008 
d 1.427393e+000 8.686131e-001  9.336810e+007 4.339775e+000 -9.282503e-001 6.805775e+012 2.260475e-011 9.336810e+007 
d 1.428261e+000 8.680851e-001  1.422010e+007 3.190609e+000 -2.077417e+000 7.349007e+012 2.260475e-011 1.422010e+007 
d 1.429129e+000 8.675577e-001  1.433367e+006 1.759302e+000 -3.508724e+000 7.844858e+012 2.260475e-011 1.433367e+006 
d 1.429998e+000 8.670309e-001  1.159390e+005 6.451817e-002 -5.203508e+000 8.301703e+012 2.260475e-011 1.159390e+005 
d 1.430866e+000 8.665048e-001  6.808255e+003 -1.880629e+000 -7.148655e+000 8.725553e+012 2.260475e-011 6.808255e+003 
d 1.431734e+000 8.659794e-001  4.775575e+002 -4.066735e+000 -9.334761e+000 9.120902e+012 2.260475e-011 4.775575e+002 
d 1.432602e+000 8.654545e-001  1.173026e+002 -6.486996e+000 -1.175502e+001 9.491205e+012 2.260475e-011 1.173026e+002 
d 1.433471e+000 8.649303e-001  8.426962e+001 -9.136504e+000 -1.440453e+001 9.839192e+012 2.260475e-011 8.426962e+001 
d 1.434339e+000 8.644068e-001  7.134346e+001 -1.201177e+001 -1.727980e+001 1.016706e+013 2.260475e-011 7.134346e+001 
d 1.435207e+000 8.638838e-001  6.201729e+001 -1.511041e+001 -2.037843e+001 1.047660e+013 2.260475e-011 6.201729e+001 
d 1.436075e+000 8.633615e-001  5.462678e+001 -1.843087e+001 -2.369890e+001 1.076931e+013 2.260475e-011 5.462678e+001 
d 1.436943e+000 8.628399e-001  4.862501e+001 -2.197232e+001 -2.724034e+001 1.104645e+013 2.260475e-011 4.862501e+001 
d 1.437812e+000 8.623188e-001  4.367299e+001 -2.573444e+001 -3.100247e+001 1.130908e+013 2.260475e-011 4.367299e+001 
d 1.438680e+000 8.617984e-001  3.950988e+001 -2.971740e+001 -3.498543e+001 1.155811e+013 2.260475e-011 3.950988e+001 
d 1.439548e+000 8.612786e-001  3.596320e+001 -3.392171e+001 -3.918973e+001 1.179433e+013 2.260475e-011 3.596320e+001 
d 1.440416e+000 8.607595e-001  3.290752e+001 -3.834819e+001 -4.361622e+001 1.201843e+013 2.260475e-011 3.290752e+001 
d 1.441285e+000 8.602409e-001  3.024934e+001 -4.299793e+001 -4.826596e+001 1.223101e+013 2.260475e-011 3.024934e+001 
d 1.442153e+000 8.597230e-001  2.791744e+001 -4.787221e+001 -5.314024e+001 1.243261e+013 2.260475e-011 2.791744e+001 
d 1.443021e+000 8.592057e-001  2.585667e+001 -5.297249e+001 -5.824051e+001 1.262369e+013 2.260475e-011 2.585667e+001 
d 1.443889e+000 8.586891e-001  2.402356e+001 -5.830035e+001 -6.356837e+001 1.280467e+013 2.260475e-011 2.402356e+001 
d 1.444758e+000 8.581730e-001  2.238345e+001 -6.385749e+001 -6.912552e+001 1.297593e+013 2.260475e-011 2.238345e+001 
d 1.445626e+000 8.576576e-001  2.090833e+001 -6.964572e+001 -7.491375e+001 1.313780e+013 2.260475e-011 2.090833e+001 
d 1.446494e+000 8.571428e-001  1.957532e+001 -7.566688e+001 -8.093490e+001 1.329059e+013 2.260475e-011 1.957532e+001 
d 1.447362e+000 8.566286e-001  1.836558e+001 -8.192285e+001 -8.719088e+001 1.343457e+013 2.260475e-011 1.836558e+001 
d 1.448231e+000 8.561151e-001  1.726341e+001 -8.841557e+001 -9.368359e+001 1.357000e+013 2.260475e-011 1.726341e+001 
d 1.449099e+000 8.556021e-001  1.625566e+001 -9.514695e+001 -1.004150e+002 1.369710e+013 2.260475e-011 1.625566e+001 
d 1.449967e+000 8.550898e-001  1.533124e+001 -1.021189e+002 -1.073869e+002 1.381608e+013 2.260475e-011 1.533124e+001 
d 1.450835e+000 8.545781e-001  1.448069e+001 -1.093333e+002 -1.146014e+002 1.392714e+013 2.260475e-011 1.448069e+001 
d 1.451704e+000 8.540670e-001  1.369593e+001 -1.167921e+002 -1.220601e+002 1.403045e+013 2.260475e-011 1.369593e+001 
d 1.452572e+000 8.535565e-001  1.297001e+001 -1.244970e+002 -1.297650e+002 1.412619e+013 2.260475e-011 1.297001e+001 
d 1.453440e+000 8.530466e-001  1.229692e+001 -1.324498e+002 -1.377178e+002 1.421450e+013 2.260475e-011 1.229692e+001 
d 1.454308e+000 8.525373e-001  1.167142e+001 -1.406520e+002 -1.459201e+002 1.429553e+013 2.260475e-011 1.167142e+001 
d 1.455177e+000 8.520286e-001  1.108896e+001 -1.491054e+002 -1.543735e+002 1.436942e+013 2.260475e-011 1.108896e+001 
d 1.456045e+000 8.515205e-001  1.054551e+001 -1.578114e+002 -1.630794e+002 1.443629e+013 2.260475e-011 1.054551e+001 
d 1.456913e+000 8.510131e-001  1.003756e+001 -1.667713e+002 -1.720393e+002 1.449627e+013 2.260475e-011 1.003756e+001 
d 1.457781e+000 8.505062e-001  9.561983e+000 -1.759863e+002 -1.812543e+002 1.454947e+013 2.260475e-011 9.561983e+000 
d 1.458650e+000 8.500000e-001  9.116007e+000 -1.854576e+002 -1.907256e+002 1.459600e+013 2.260475e-011 9.116007e+000 
d 1.459518e+000 8.494943e-001  8.697169e+000 -1.951861e+002 -2.004542e+002 1.463597e+013 2.260475e-011 8.697169e+000 
d 1.460386e+000 8.489893e-001  8.303266e+000 -2.051727e+002 -2.104407e+002 1.466949e+013 2.260475e-011 8.303266e+000 
d 1.461254e+000 8.484848e-001  7.932325e+000 -2.154179e+002 -2.206859e+002 1.469666e+013 2.260475e-011 7.932325e+000 
d 1.462123e+000 8.479810e-001  7.582572e+000 -2.259222e+002 -2.311902e+002 1.471756e+013 2.260475e-011 7.582572e+000 
d 1.462991e+000 8.474777e-001  7.252409e+000 -2.366859e+002 -2.419539e+002 1.473231e+013 2.260475e-011 7.252409e+000 
d 1.463859e+000 8.469751e-001  6.940393e+000 -2.477091e+002 -2.529771e+002 1.474099e+013 2.260475e-011 6.940393e+000 
d 1.464727e+000 8.464730e-001  6.645216e+000 -2.589917e+002 -2.642597e+002 1.474370e+013 2.260475e-011 6.645216e+000 
d 1.465596e+000 8.459715e-001  6.365692e+000 -2.705333e+002 -2.758014e+002 1.474052e+013 2.260475e-011 6.365692e+000 
d 1.466464e+000 8.454707e-001  6.100740e+000 -2.823335e+002 -2.876016e+002 1.473156e+013 2.260475e-011 6.100740e+000 
d 1.467332e+000 8.449704e-001  5.849376e+000 -2.943915e+002 -2.996595e+002 1.471691e+013 2.260475e-011 5.849376e+000 
d 1.468200e+000 8.444707e-001  5.610700e+000 -3.067063e+002 -3.119743e+002 1.469666e+013 2.260475e-011 5.610700e+000 
d 1.469069e+000 8.439716e-001  5.383889e+000 -3.192767e+002 -3.245447e+002 1.467090e+013 2.260475e-011 5.383889e+000 
d 1.469937e+000 8.434731e-001  5.168187e+000 -3.321013e+002 -3.373693e+002 1.463973e+013 2.260475e-011 5.168187e+000 
d 1.470805e+000 8.429752e-001  4.962899e+000 -3.451783e+002 -3.504463e+002 1.460324e+013 2.260475e-011 4.962899e+000 
d 1.471673e+000 8.424778e-001  4.767387e+000 -3.585059e+002 -3.637739e+002 1.456152e+013 2.260475e-011 4.767387e+000 
d 1.472541e+000 8.419811e-001  4.581062e+000 -3.720818e+002 -3.773498e+002 1.451469e+013 2.260475e-011 4.581062e+000 
d 1.473410e+000 8.414849e-001  4.403379e+000 -3.859037e+002 -3.911717e+002 1.446283e+013 2.260475e-011 4.403379e+000 
d 1.474278e+000 8.409894e-001  4.233835e+000 -3.999688e+002 -4.052368e+002 1.440605e+013 2.260475e-011 4.233835e+000 
d 1.475146e+000 8.404944e-001  4.071964e+000 -4.142742e+002 -4.195422e+002 1.434444e+013 2.260475e-011 4.071964e+000 
d 1.476014e+000 8.400000e-001  3.917333e+000 -4.288167e+002 -4.340847e+002 1.427812e+013 2.260475e-011 3.917333e+000 
d 1.476883e+000 8.395061e-001  3.769541e+000 -4.435929e+002 -4.488609e+002 1.420719e+013 2.260475e-011 3.769541e+000 
d 1.477751e+000 8.390129e-001  3.628214e+000 -4.585990e+002 -4.638670e+002 1.413175e+013 2.260475e-011 3.628214e+000 
