v ATLAS
# This file was created by ATLAS version 5.26.1.R on Sun Jun 14 08:01:01 2020.
#SSF 2.0 generic
##############################################################################
#                    Copyright (c) 1984 - 2018                               #
#                    Silvaco Inc. All rights reserved                        #
#                                                                            #
# This file format and the following Key are copyright Silvaco Inc.          #
# You may not use, this format or key without reproducing this message in    #
# full and obtaining express written permission from Silvaco Inc.            #
#                                                                            #
# To obtain such permission please contact: Silvaco Inc.                     #
#                                           support@silvaco.com              #
#                                                                            #
# KEY=SVC86hn7562asdx                       PROD=345                         #
##############################################################################
o 1 Net gain, mode 1
o 2 Photon lifetime (s)
p 8 2211 87 2001 2201 3000 2214 3001 2212
d 1.409160e+000 8.798521e-001  2.936900e+002 0.000000e+000 -5.268026e+000 1.296116e+013 2.260475e-011 2.936900e+002 
d 1.410028e+000 8.793103e-001  2.936900e+002 0.000000e+000 -5.268026e+000 1.296116e+013 2.260475e-011 2.936900e+002 
d 1.410896e+000 8.787692e-001  2.936900e+002 0.000000e+000 -5.268026e+000 1.296116e+013 2.260475e-011 2.936900e+002 
d 1.411764e+000 8.782288e-001  2.936900e+002 0.000000e+000 -5.268026e+000 1.296116e+013 2.260475e-011 2.936900e+002 
d 1.412633e+000 8.776890e-001  2.936900e+002 0.000000e+000 -5.268026e+000 1.296116e+013 2.260475e-011 2.936900e+002 
d 1.413501e+000 8.771498e-001  2.936900e+002 0.000000e+000 -5.268026e+000 1.296116e+013 2.260475e-011 2.936900e+002 
d 1.414369e+000 8.766114e-001  2.936900e+002 0.000000e+000 -5.268026e+000 1.296116e+013 2.260475e-011 2.936900e+002 
d 1.415237e+000 8.760736e-001  2.936900e+002 0.000000e+000 -5.268026e+000 1.296116e+013 2.260475e-011 2.936900e+002 
d 1.416106e+000 8.755365e-001  2.936900e+002 0.000000e+000 -5.268026e+000 1.296116e+013 2.260475e-011 2.936900e+002 
d 1.416974e+000 8.750000e-001  2.936900e+002 0.000000e+000 -5.268026e+000 1.296116e+013 2.260475e-011 2.936900e+002 
d 1.417842e+000 8.744641e-001  2.936900e+002 0.000000e+000 -5.268026e+000 1.296116e+013 2.260475e-011 2.936900e+002 
d 1.418710e+000 8.739290e-001  2.936900e+002 0.000000e+000 -5.268026e+000 1.296116e+013 2.260475e-011 2.936900e+002 
d 1.419579e+000 8.733945e-001  2.936900e+002 0.000000e+000 -5.268026e+000 1.296116e+013 2.260475e-011 2.936900e+002 
d 1.420447e+000 8.728606e-001  2.936900e+002 0.000000e+000 -5.268026e+000 1.296116e+013 2.260475e-011 2.936900e+002 
d 1.421315e+000 8.723274e-001  2.936900e+002 0.000000e+000 -5.268026e+000 1.296116e+013 2.260475e-011 2.936900e+002 
d 1.422183e+000 8.717948e-001  2.936900e+002 0.000000e+000 -5.268026e+000 1.296116e+013 2.260475e-011 2.936900e+002 
d 1.423052e+000 8.712629e-001  1.966761e+002 3.643763e+000 -1.624263e+000 2.417005e+012 2.260475e-011 1.966761e+002 
d 1.423920e+000 8.707317e-001  7.169965e+004 5.111970e+000 -1.560561e-001 3.824704e+012 2.260475e-011 7.169965e+004 
d 1.424788e+000 8.702011e-001  5.152651e+008 5.596711e+000 3.286852e-001 4.823693e+012 2.260475e-011 5.152651e+008 
d 1.425656e+000 8.696711e-001  4.371616e+009 5.514203e+000 2.461768e-001 5.635509e+012 2.260475e-011 4.371616e+009 
d 1.426525e+000 8.691418e-001  8.803101e+008 5.009276e+000 -2.587494e-001 6.332392e+012 2.260475e-011 8.803101e+008 
d 1.427393e+000 8.686131e-001  3.235855e+007 4.154154e+000 -1.113872e+000 6.948862e+012 2.260475e-011 3.235855e+007 
d 1.428261e+000 8.680851e-001  5.447688e+005 2.991145e+000 -2.276881e+000 7.504624e+012 2.260475e-011 5.447688e+005 
d 1.429129e+000 8.675577e-001  4.312269e+003 1.547392e+000 -3.720634e+000 8.012193e+012 2.260475e-011 4.312269e+003 
d 1.429998e+000 8.670309e-001  2.169254e+002 -1.586955e-001 -5.426721e+000 8.480106e+012 2.260475e-011 2.169254e+002 
d 1.430866e+000 8.665048e-001  1.508543e+002 -2.114188e+000 -7.382213e+000 8.914493e+012 2.260475e-011 1.508543e+002 
d 1.431734e+000 8.659794e-001  1.198418e+002 -4.309822e+000 -9.577847e+000 9.319934e+012 2.260475e-011 1.198418e+002 
d 1.432602e+000 8.654545e-001  9.861589e+001 -6.738906e+000 -1.200693e+001 9.699953e+012 2.260475e-011 9.861589e+001 
d 1.433471e+000 8.649303e-001  8.320772e+001 -9.396625e+000 -1.466465e+001 1.005733e+013 2.260475e-011 8.320772e+001 
d 1.434339e+000 8.644068e-001  7.155519e+001 -1.227957e+001 -1.754759e+001 1.039431e+013 2.260475e-011 7.155519e+001 
d 1.435207e+000 8.638838e-001  6.245923e+001 -1.538541e+001 -2.065343e+001 1.071272e+013 2.260475e-011 6.245923e+001 
d 1.436075e+000 8.633615e-001  5.517713e+001 -1.871266e+001 -2.398069e+001 1.101408e+013 2.260475e-011 5.517713e+001 
d 1.436943e+000 8.628399e-001  4.922566e+001 -2.226054e+001 -2.752856e+001 1.129967e+013 2.260475e-011 4.922566e+001 
d 1.437812e+000 8.623188e-001  4.425432e+001 -2.602877e+001 -3.129680e+001 1.157057e+013 2.260475e-011 4.425432e+001 
d 1.438680e+000 8.617984e-001  4.008637e+001 -3.001756e+001 -3.528559e+001 1.182773e+013 2.260475e-011 4.008637e+001 
d 1.439548e+000 8.612786e-001  3.652646e+001 -3.422747e+001 -3.949550e+001 1.207194e+013 2.260475e-011 3.652646e+001 
d 1.440416e+000 8.607595e-001  3.345333e+001 -3.865935e+001 -4.392738e+001 1.230390e+013 2.260475e-011 3.345333e+001 
d 1.441285e+000 8.602409e-001  3.077578e+001 -4.331432e+001 -4.858235e+001 1.252422e+013 2.260475e-011 3.077578e+001 
d 1.442153e+000 8.597230e-001  2.842390e+001 -4.819370e+001 -5.346172e+001 1.273345e+013 2.260475e-011 2.842390e+001 
d 1.443021e+000 8.592057e-001  2.634320e+001 -5.329896e+001 -5.856698e+001 1.293207e+013 2.260475e-011 2.634320e+001 
d 1.443889e+000 8.586891e-001  2.449066e+001 -5.863173e+001 -6.389976e+001 1.312049e+013 2.260475e-011 2.449066e+001 
d 1.444758e+000 8.581730e-001  2.283180e+001 -6.419375e+001 -6.946177e+001 1.329911e+013 2.260475e-011 2.283180e+001 
d 1.445626e+000 8.576576e-001  2.133874e+001 -6.998682e+001 -7.525484e+001 1.346826e+013 2.260475e-011 2.133874e+001 
d 1.446494e+000 8.571428e-001  1.998864e+001 -7.601283e+001 -8.128085e+001 1.362826e+013 2.260475e-011 1.998864e+001 
d 1.447362e+000 8.566286e-001  1.876265e+001 -8.227369e+001 -8.754172e+001 1.377937e+013 2.260475e-011 1.876265e+001 
d 1.448231e+000 8.561151e-001  1.764508e+001 -8.877136e+001 -9.403938e+001 1.392187e+013 2.260475e-011 1.764508e+001 
d 1.449099e+000 8.556021e-001  1.662275e+001 -9.550777e+001 -1.007758e+002 1.405597e+013 2.260475e-011 1.662275e+001 
d 1.449967e+000 8.550898e-001  1.568451e+001 -1.024849e+002 -1.077529e+002 1.418190e+013 2.260475e-011 1.568451e+001 
d 1.450835e+000 8.545781e-001  1.482087e+001 -1.097046e+002 -1.149726e+002 1.429984e+013 2.260475e-011 1.482087e+001 
d 1.451704e+000 8.540670e-001  1.402372e+001 -1.171688e+002 -1.224368e+002 1.440998e+013 2.260475e-011 1.402372e+001 
d 1.452572e+000 8.535565e-001  1.328607e+001 -1.248793e+002 -1.301473e+002 1.451248e+013 2.260475e-011 1.328607e+001 
d 1.453440e+000 8.530466e-001  1.260185e+001 -1.328378e+002 -1.381059e+002 1.460750e+013 2.260475e-011 1.260185e+001 
d 1.454308e+000 8.525373e-001  1.196580e+001 -1.410462e+002 -1.463142e+002 1.469518e+013 2.260475e-011 1.196580e+001 
d 1.455177e+000 8.520286e-001  1.137333e+001 -1.495058e+002 -1.547738e+002 1.477566e+013 2.260475e-011 1.137333e+001 
d 1.456045e+000 8.515205e-001  1.082037e+001 -1.582183e+002 -1.634863e+002 1.484907e+013 2.260475e-011 1.082037e+001 
d 1.456913e+000 8.510131e-001  1.030338e+001 -1.671850e+002 -1.724531e+002 1.491553e+013 2.260475e-011 1.030338e+001 
d 1.457781e+000 8.505062e-001  9.819204e+000 -1.764072e+002 -1.816752e+002 1.497515e+013 2.260475e-011 9.819204e+000 
d 1.458650e+000 8.500000e-001  9.365045e+000 -1.858860e+002 -1.911540e+002 1.502805e+013 2.260475e-011 9.365045e+000 
d 1.459518e+000 8.494943e-001  8.938411e+000 -1.956223e+002 -2.008903e+002 1.507432e+013 2.260475e-011 8.938411e+000 
d 1.460386e+000 8.489893e-001  8.537074e+000 -2.056170e+002 -2.108850e+002 1.511407e+013 2.260475e-011 8.537074e+000 
d 1.461254e+000 8.484848e-001  8.159041e+000 -2.158707e+002 -2.211387e+002 1.514740e+013 2.260475e-011 8.159041e+000 
d 1.462123e+000 8.479810e-001  7.802515e+000 -2.263839e+002 -2.316519e+002 1.517440e+013 2.260475e-011 7.802515e+000 
d 1.462991e+000 8.474777e-001  7.465880e+000 -2.371569e+002 -2.424249e+002 1.519517e+013 2.260475e-011 7.465880e+000 
d 1.463859e+000 8.469751e-001  7.147673e+000 -2.481898e+002 -2.534578e+002 1.520981e+013 2.260475e-011 7.147673e+000 
d 1.464727e+000 8.464730e-001  6.846572e+000 -2.594825e+002 -2.647505e+002 1.521839e+013 2.260475e-011 6.846572e+000 
d 1.465596e+000 8.459715e-001  6.561373e+000 -2.710347e+002 -2.763027e+002 1.522101e+013 2.260475e-011 6.561373e+000 
d 1.466464e+000 8.454707e-001  6.290981e+000 -2.828459e+002 -2.881139e+002 1.521776e+013 2.260475e-011 6.290981e+000 
d 1.467332e+000 8.449704e-001  6.034400e+000 -2.949153e+002 -3.001833e+002 1.520873e+013 2.260475e-011 6.034400e+000 
d 1.468200e+000 8.444707e-001  5.790715e+000 -3.072419e+002 -3.125100e+002 1.519401e+013 2.260475e-011 5.790715e+000 
d 1.469069e+000 8.439716e-001  5.559092e+000 -3.198247e+002 -3.250927e+002 1.517368e+013 2.260475e-011 5.559092e+000 
d 1.469937e+000 8.434731e-001  5.338764e+000 -3.326620e+002 -3.379300e+002 1.514784e+013 2.260475e-011 5.338764e+000 
d 1.470805e+000 8.429752e-001  5.129028e+000 -3.457523e+002 -3.510203e+002 1.511658e+013 2.260475e-011 5.129028e+000 
d 1.471673e+000 8.424778e-001  4.929233e+000 -3.590935e+002 -3.643615e+002 1.507999e+013 2.260475e-011 4.929233e+000 
d 1.472541e+000 8.419811e-001  4.738782e+000 -3.726836e+002 -3.779516e+002 1.503817e+013 2.260475e-011 4.738782e+000 
d 1.473410e+000 8.414849e-001  4.557123e+000 -3.865200e+002 -3.917880e+002 1.499120e+013 2.260475e-011 4.557123e+000 
d 1.474278e+000 8.409894e-001  4.383743e+000 -4.006001e+002 -4.058681e+002 1.493919e+013 2.260475e-011 4.383743e+000 
d 1.475146e+000 8.404944e-001  4.218171e+000 -4.149209e+002 -4.201889e+002 1.488223e+013 2.260475e-011 4.218171e+000 
d 1.476014e+000 8.400000e-001  4.059965e+000 -4.294792e+002 -4.347472e+002 1.482042e+013 2.260475e-011 4.059965e+000 
d 1.476883e+000 8.395061e-001  3.908719e+000 -4.442716e+002 -4.495396e+002 1.475386e+013 2.260475e-011 3.908719e+000 
d 1.477751e+000 8.390129e-001  3.764052e+000 -4.592943e+002 -4.645623e+002 1.468266e+013 2.260475e-011 3.764052e+000 
